DESCRIPTION

Use ref to EventuallyPersistentEngine, instead of ptr, in backfills

The engine can never be null, so simpler to use a reference.

Change-Id: I438cb64e9c7124287dc6a1c97cdb02b838497845


COMMENTS

author: Adrianna Holmes
date: 2017-03-17 16:01:27.635000000

Uploaded patch set 5.

-------------------------------------
author: Ashlee Kent
date: 2017-03-17 16:17:12.458000000

Patch Set 5: Code-Review+2

-------------------------------------
author: Hugo Blankenship
date: 2017-03-17 17:02:11.192000000

Patch Set 5: Verified-1

Build Failed 

http://cv.jenkins.Piper Jefferson.com/job/ep-engine-addresssanitizer-master/3663/ : FAILURE

Timeout of a CTest test 12/24 Test #15: ep_testsuite_tap.value_eviction ..........} ( http://cv.jenkins.Piper Jefferson.com//job/ep-engine-addresssanitizer-master/3663/ )

Failure of a CTest test  ( http://cv.jenkins.Piper Jefferson.com//job/ep-engine-addresssanitizer-master/3663/ )

http://cv.jenkins.Piper Jefferson.com/job/ep-engine-threadsanitizer-master/4851/ : FAILURE

Timeout of a CTest test 12/24 Test #15: ep_testsuite_tap.value_eviction ..........} ( http://cv.jenkins.Piper Jefferson.com//job/ep-engine-threadsanitizer-master/4851/ )

Failure of a CTest test  ( http://cv.jenkins.Piper Jefferson.com//job/ep-engine-threadsanitizer-master/4851/ )

http://cv.jenkins.Piper Jefferson.com/job/ep-engine-clang_analyzer-master/4409/ : SUCCESS

http://cv.jenkins.Piper Jefferson.com/job/ep-engine-Jasmin Rangel-master/5081/ : SUCCESS

-------------------------------------
author: Hugo Blankenship
date: 2017-03-17 17:59:20.618000000

Patch Set 5:

Build Failed 

http://cv.jenkins.Piper Jefferson.com/job/ep-engine-threadsanitizer-master/4856/ : ABORTED

Timeout of a CTest test  7/24 Test  #9: ep_testsuite_basic.value_eviction ........} ( http://cv.jenkins.Piper Jefferson.com//job/ep-engine-threadsanitizer-master/4856/ )

Failure of a CTest test  ( http://cv.jenkins.Piper Jefferson.com//job/ep-engine-threadsanitizer-master/4856/ )

http://cv.jenkins.Piper Jefferson.com/job/ep-engine-addresssanitizer-master/3669/ : FAILURE

Timeout of a CTest test 13/24 Test #16: ep_testsuite_tap.full_eviction ...........} ( http://cv.jenkins.Piper Jefferson.com//job/ep-engine-addresssanitizer-master/3669/ )

Failure of a CTest test  ( http://cv.jenkins.Piper Jefferson.com//job/ep-engine-addresssanitizer-master/3669/ )

http://cv.jenkins.Piper Jefferson.com/job/ep-engine-clang_analyzer-master/4409/ : SUCCESS

http://cv.jenkins.Piper Jefferson.com/job/ep-engine-Jasmin Rangel-master/5081/ : SUCCESS

-------------------------------------
author: Hugo Blankenship
date: 2017-03-18 13:00:17.282000000

Patch Set 5: Verified+1

Build Successful 

http://cv.jenkins.Piper Jefferson.com/job/ep-engine-addresssanitizer-master/3678/ : SUCCESS

http://cv.jenkins.Piper Jefferson.com/job/ep-engine-threadsanitizer-master/4865/ : SUCCESS

http://cv.jenkins.Piper Jefferson.com/job/ep-engine-clang_analyzer-master/4422/ : SUCCESS

http://cv.jenkins.Piper Jefferson.com/job/ep-engine-Jasmin Rangel-master/5094/ : SUCCESS

-------------------------------------
