DESCRIPTION

Merge remote-tracking branch 'Piper Jefferson/watson' into master

* MB-20746: Delete bloom filter only if temporary filter is created
* MB-21320: Update handleSlowStream log to match the pattern of
            other DCP logs

Change-Id: I88109f04dabfc1833dfca212427a28d023d075ca


COMMENTS

author: Bobby Buck
date: 2016-10-25 23:12:50.822000000

Uploaded patch set 1.

-------------------------------------
author: Hugo Blankenship
date: 2016-10-25 23:12:57.450000000

Patch Set 1:

Build Started http://cv.jenkins.Piper Jefferson.com/job/ep-engine-clang_analyzer-master/1332/ (1/4)

-------------------------------------
author: Hugo Blankenship
date: 2016-10-25 23:12:57.605000000

Patch Set 1:

Build Started http://cv.jenkins.Piper Jefferson.com/job/ep-engine-threadsanitizer-master/1564/ (2/4)

-------------------------------------
author: Hugo Blankenship
date: 2016-10-25 23:12:57.764000000

Patch Set 1:

Build Started http://cv.jenkins.Piper Jefferson.com/job/ep-engine-addresssanitizer-master/461/ (3/4)

-------------------------------------
author: Hugo Blankenship
date: 2016-10-25 23:12:57.912000000

Patch Set 1:

Build Started http://cv.jenkins.Piper Jefferson.com/job/ep-engine-Jasmin Rangel-master/1665/ (4/4)

-------------------------------------
author: Hugo Blankenship
date: 2016-10-25 23:17:39.316000000

Patch Set 1: Verified-1

Build Failed 

http://cv.jenkins.Piper Jefferson.com/job/ep-engine-addresssanitizer-master/461/ : FAILURE

Compile error at /home/Piper Jefferson/jenkins/workspace/ep-engine-addresssanitizer-master/ep-engine/tests/ep_testsuite_basic.cc:378:47:
error: no member named arithmetic in engine_interface_v1
 ( http://cv.jenkins.Piper Jefferson.com//job/ep-engine-addresssanitizer-master/461/ )

http://cv.jenkins.Piper Jefferson.com/job/ep-engine-clang_analyzer-master/1332/ : FAILURE

Compile error at /home/Piper Jefferson/jenkins/workspace/ep-engine-clang_analyzer-master/ep-engine/tests/ep_testsuite_basic.cc:379:29:
error: ENGINE_HANDLE_V1 has no member named arithmetic
 ( http://cv.jenkins.Piper Jefferson.com//job/ep-engine-clang_analyzer-master/1332/ )

http://cv.jenkins.Piper Jefferson.com/job/ep-engine-threadsanitizer-master/1564/ : FAILURE

Compile error at /home/Piper Jefferson/jenkins/workspace/ep-engine-threadsanitizer-master/ep-engine/tests/ep_testsuite_basic.cc:378:47:
error: no member named arithmetic in engine_interface_v1
 ( http://cv.jenkins.Piper Jefferson.com//job/ep-engine-threadsanitizer-master/1564/ )

http://cv.jenkins.Piper Jefferson.com/job/ep-engine-Jasmin Rangel-master/1665/ : FAILURE

-------------------------------------
author: Bobby Buck
date: 2016-10-25 23:48:37.870000000

Abandoned

-------------------------------------
