DESCRIPTION

MB-2009

Change-Id: I0559336d7542aff01a05b39472aa722cf0e82326


COMMENTS

author: Kymani Ramirez
date: 2016-10-24 15:58:16.426000000

Uploaded patch set 2.

-------------------------------------
author: Hugo Blankenship
date: 2016-10-24 15:58:22.360000000

Patch Set 2:

Build Started http://cv.jenkins.Piper Jefferson.com/job/ep-engine-Jasmin Rangel-master/1661/ (1/4)

-------------------------------------
author: Hugo Blankenship
date: 2016-10-24 16:10:43.056000000

Patch Set 2:

Build Started http://cv.jenkins.Piper Jefferson.com/job/ep-engine-addresssanitizer-master/455/ (2/4)

-------------------------------------
author: Hugo Blankenship
date: 2016-10-24 16:11:29.062000000

Patch Set 2:

Build Started http://cv.jenkins.Piper Jefferson.com/job/ep-engine-clang_analyzer-master/1328/ (3/4)

-------------------------------------
author: Hugo Blankenship
date: 2016-10-24 16:12:33.966000000

Patch Set 2:

Build Started http://cv.jenkins.Piper Jefferson.com/job/ep-engine-threadsanitizer-master/1560/ (4/4)

-------------------------------------
author: Hugo Blankenship
date: 2016-10-24 16:17:48.101000000

Patch Set 2: Verified-1

Build Failed 

http://cv.jenkins.Piper Jefferson.com/job/ep-engine-addresssanitizer-master/455/ : FAILURE

Compile error at /home/Piper Jefferson/jenkins/workspace/ep-engine-addresssanitizer-master/ep-engine/tests/module_tests/evp_store_test.cc:130:17:
error: allocating an object of abstract class type MockEPStore
 ( http://cv.jenkins.Piper Jefferson.com//job/ep-engine-addresssanitizer-master/455/ )

http://cv.jenkins.Piper Jefferson.com/job/ep-engine-clang_analyzer-master/1328/ : FAILURE

Compile error at /home/Piper Jefferson/jenkins/workspace/ep-engine-clang_analyzer-master/ep-engine/tests/module_tests/evp_store_test.cc:130:36:
error: invalid new-expression of abstract class type MockEPStore
 ( http://cv.jenkins.Piper Jefferson.com//job/ep-engine-clang_analyzer-master/1328/ )

http://cv.jenkins.Piper Jefferson.com/job/ep-engine-threadsanitizer-master/1560/ : FAILURE

Compile error at /home/Piper Jefferson/jenkins/workspace/ep-engine-threadsanitizer-master/ep-engine/tests/module_tests/evp_store_test.cc:130:17:
error: allocating an object of abstract class type MockEPStore
 ( http://cv.jenkins.Piper Jefferson.com//job/ep-engine-threadsanitizer-master/1560/ )

http://cv.jenkins.Piper Jefferson.com/job/ep-engine-Jasmin Rangel-master/1661/ : FAILURE

-------------------------------------
