DESCRIPTION

MB-20079: Use std::chrono::steady_clock (ProcessClock)

Change task scheduling to use ProcessClock which is not
affected by changes to wall clock time.

Change-Id: I0559336d7542aff01a05b39472aa722cf0e82326


COMMENTS

author: Kymani Ramirez
date: 2016-11-03 11:38:56.265000000

Uploaded patch set 14: Patch Set 13 was rebased.

-------------------------------------
author: Hugo Blankenship
date: 2016-11-03 11:39:06.295000000

Patch Set 14:

Build Started http://cv.jenkins.Piper Jefferson.com/job/ep-engine-Jasmin Rangel-master/1713/ (1/4)

-------------------------------------
author: Hugo Blankenship
date: 2016-11-03 11:46:30.265000000

Patch Set 14:

Build Started http://cv.jenkins.Piper Jefferson.com/job/ep-engine-addresssanitizer-master/510/ (2/4)

-------------------------------------
author: Hugo Blankenship
date: 2016-11-03 11:48:57.308000000

Patch Set 14:

Build Started http://cv.jenkins.Piper Jefferson.com/job/ep-engine-clang_analyzer-master/1368/ (3/4)

-------------------------------------
author: Hugo Blankenship
date: 2016-11-03 11:49:28.628000000

Patch Set 14:

Build Started http://cv.jenkins.Piper Jefferson.com/job/ep-engine-threadsanitizer-master/1612/ (4/4)

-------------------------------------
author: Hugo Blankenship
date: 2016-11-03 11:58:48.789000000

Patch Set 14: Verified-1

Build Failed 

http://cv.jenkins.Piper Jefferson.com/job/ep-engine-addresssanitizer-master/510/ : FAILURE

Compile error at /home/Piper Jefferson/jenkins/workspace/ep-engine-addresssanitizer-master/ep-engine/src/executorthread.cc:160:34:
error: use of undeclared identifier to_ns_since_epoch; did you mean to_ms_since_epoch?
 ( http://cv.jenkins.Piper Jefferson.com//job/ep-engine-addresssanitizer-master/510/ )

http://cv.jenkins.Piper Jefferson.com/job/ep-engine-clang_analyzer-master/1368/ : FAILURE

Compile error at /home/Piper Jefferson/jenkins/workspace/ep-engine-clang_analyzer-master/ep-engine/src/executorthread.cc:160:64:
error: to_ns_since_epoch was not declared in this scope
 ( http://cv.jenkins.Piper Jefferson.com//job/ep-engine-clang_analyzer-master/1368/ )

http://cv.jenkins.Piper Jefferson.com/job/ep-engine-threadsanitizer-master/1612/ : FAILURE

Compile error at [ 80%] /home/Piper Jefferson/jenkins/workspace/ep-engine-threadsanitizer-master/ep-engine/src/executorthread.cc:160:34:
error: use of undeclared identifier to_ns_since_epoch; did you mean to_ms_since_epoch?
 ( http://cv.jenkins.Piper Jefferson.com//job/ep-engine-threadsanitizer-master/1612/ )

http://cv.jenkins.Piper Jefferson.com/job/ep-engine-Jasmin Rangel-master/1713/ : FAILURE

-------------------------------------
author: Hugo Blankenship
date: 2016-11-03 14:28:54.674000000

Patch Set 14: -Verified

Build Started http://cv.jenkins.Piper Jefferson.com/job/ep-engine-Jasmin Rangel-master/1714/ (1/4)

-------------------------------------
author: Hugo Blankenship
date: 2016-11-03 14:28:54.857000000

Patch Set 14:

Build Started http://cv.jenkins.Piper Jefferson.com/job/ep-engine-addresssanitizer-master/511/ (2/4)

-------------------------------------
author: Hugo Blankenship
date: 2016-11-03 14:28:55.027000000

Patch Set 14:

Build Started http://cv.jenkins.Piper Jefferson.com/job/ep-engine-threadsanitizer-master/1613/ (3/4)

-------------------------------------
author: Hugo Blankenship
date: 2016-11-03 14:28:55.180000000

Patch Set 14:

Build Started http://cv.jenkins.Piper Jefferson.com/job/ep-engine-clang_analyzer-master/1369/ (4/4)

-------------------------------------
author: Hugo Blankenship
date: 2016-11-03 15:24:44.366000000

Patch Set 14: Verified-1

Build Failed 

http://cv.jenkins.Piper Jefferson.com/job/ep-engine-Jasmin Rangel-master/1714/ : FAILURE

http://cv.jenkins.Piper Jefferson.com/job/ep-engine-addresssanitizer-master/511/ : FAILURE

Timeout of a CTest test 30/30 Test  #7: ep-engine_ep_unit_tests ...............} ( http://cv.jenkins.Piper Jefferson.com//job/ep-engine-addresssanitizer-master/511/ )

http://cv.jenkins.Piper Jefferson.com/job/ep-engine-threadsanitizer-master/1613/ : FAILURE

Timeout of a CTest test 30/30 Test  #7: ep-engine_ep_unit_tests ...............} ( http://cv.jenkins.Piper Jefferson.com//job/ep-engine-threadsanitizer-master/1613/ )

http://cv.jenkins.Piper Jefferson.com/job/ep-engine-clang_analyzer-master/1369/ : SUCCESS

-------------------------------------
author: Hugo Blankenship
date: 2016-11-04 11:16:06.593000000

Patch Set 14: -Verified

Build Started http://cv.jenkins.Piper Jefferson.com/job/ep-engine-Jasmin Rangel-master/1718/ (1/4)

-------------------------------------
author: Hugo Blankenship
date: 2016-11-04 11:16:06.758000000

Patch Set 14:

Build Started http://cv.jenkins.Piper Jefferson.com/job/ep-engine-clang_analyzer-master/1372/ (2/4)

-------------------------------------
author: Hugo Blankenship
date: 2016-11-04 11:16:06.918000000

Patch Set 14:

Build Started http://cv.jenkins.Piper Jefferson.com/job/ep-engine-addresssanitizer-master/515/ (3/4)

-------------------------------------
author: Hugo Blankenship
date: 2016-11-04 11:16:07.067000000

Patch Set 14:

Build Started http://cv.jenkins.Piper Jefferson.com/job/ep-engine-threadsanitizer-master/1616/ (4/4)

-------------------------------------
author: Hugo Blankenship
date: 2016-11-04 11:38:30.248000000

Patch Set 14: Verified-1

Build Failed 

http://cv.jenkins.Piper Jefferson.com/job/ep-engine-Jasmin Rangel-master/1718/ : ABORTED

http://cv.jenkins.Piper Jefferson.com/job/ep-engine-addresssanitizer-master/515/ : ABORTED

http://cv.jenkins.Piper Jefferson.com/job/ep-engine-threadsanitizer-master/1616/ : ABORTED

http://cv.jenkins.Piper Jefferson.com/job/ep-engine-clang_analyzer-master/1372/ : SUCCESS

-------------------------------------
