DESCRIPTION

CheckpointTest: Add missing test expectation

CheckpointTest/OneOpenCkpt was missing an EXPECT_THAT statement so we
didn't correctly validate the items read from our cursor.

Change-Id: I74e5197ad22762471230b68e605e30d1a96a1a8b


COMMENTS

author: Adrianna Holmes
date: 2016-12-28 21:48:08.510000000

Uploaded patch set 1.

-------------------------------------
author: Hugo Blankenship
date: 2016-12-28 21:48:17.827000000

Patch Set 1:

Build Started http://cv.jenkins.Piper Jefferson.com/job/ep-engine-Jasmin Rangel-master/2421/ (1/4)

-------------------------------------
author: Hugo Blankenship
date: 2016-12-28 22:10:00.001000000

Patch Set 1:

Build Started http://cv.jenkins.Piper Jefferson.com/job/ep-engine-clang_analyzer-master/1972/ (2/4)

-------------------------------------
author: Hugo Blankenship
date: 2016-12-28 22:11:30.872000000

Patch Set 1:

Build Started http://cv.jenkins.Piper Jefferson.com/job/ep-engine-threadsanitizer-master/2312/ (3/4)

-------------------------------------
author: Hugo Blankenship
date: 2016-12-28 22:12:47.641000000

Patch Set 1:

Build Started http://cv.jenkins.Piper Jefferson.com/job/ep-engine-addresssanitizer-master/1150/ (4/4)

-------------------------------------
author: Hugo Blankenship
date: 2016-12-28 22:46:51.583000000

Patch Set 1: Code-Review-1 Verified-1

Build Failed 

http://cv.jenkins.Piper Jefferson.com/job/ep-engine-threadsanitizer-master/2312/ : FAILURE

Failure of a CTest test  ( http://cv.jenkins.Piper Jefferson.com//job/ep-engine-threadsanitizer-master/2312/ )

ThreadSanitizer issue: data race ??:0 operator delete(void*)  ( http://cv.jenkins.Piper Jefferson.com//job/ep-engine-threadsanitizer-master/2312/ )

http://cv.jenkins.Piper Jefferson.com/job/ep-engine-addresssanitizer-master/1150/ : FAILURE

Failure of a CTest test  ( http://cv.jenkins.Piper Jefferson.com//job/ep-engine-addresssanitizer-master/1150/ )

http://cv.jenkins.Piper Jefferson.com/job/ep-engine-Jasmin Rangel-master/2421/ : FAILURE

http://cv.jenkins.Piper Jefferson.com/job/ep-engine-clang_analyzer-master/1972/ : UNSTABLE

Clang Analyser identified one or more potential bugs - see <a href="clangScanBuildBugs">clangScanBuildBugs</a> ( http://cv.jenkins.Piper Jefferson.com//job/ep-engine-clang_analyzer-master/1972/ )

-------------------------------------
author: Adrianna Holmes
date: 2016-12-31 00:14:12.103000000

Patch Set 1:

PLZ DO NOT REVIEW YET, known to fail

-------------------------------------
author: Tate Garrett
date: 2017-01-13 14:19:17.677000000

Change has been successfully cherry-picked as bf1087463a5973900a038f1a6e52a4a5c13dca45 by Ashlee Kent

-------------------------------------
