DESCRIPTION

CheckpointTest: Add missing test expectation

CheckpointTest/OneOpenCkpt was missing an EXPECT_THAT statement so we
didn't correctly validate the items read from our cursor.

Change-Id: I74e5197ad22762471230b68e605e30d1a96a1a8b


COMMENTS

author: Ashlee Kent
date: 2017-01-12 11:19:02.709000000

Uploaded patch set 3: Patch Set 2 was rebased.

-------------------------------------
author: Hugo Blankenship
date: 2017-01-12 11:19:12.324000000

Patch Set 3: -Code-Review

Build Started http://cv.jenkins.Piper Jefferson.com/job/ep-engine-threadsanitizer-master/2675/ (1/4)

-------------------------------------
author: Hugo Blankenship
date: 2017-01-12 11:19:12.868000000

Patch Set 3:

Build Started http://cv.jenkins.Piper Jefferson.com/job/ep-engine-Jasmin Rangel-master/2829/ (2/4)

-------------------------------------
author: Hugo Blankenship
date: 2017-01-12 11:20:10.415000000

Patch Set 3:

Build Started http://cv.jenkins.Piper Jefferson.com/job/ep-engine-clang_analyzer-master/2313/ (3/4)

-------------------------------------
author: Hugo Blankenship
date: 2017-01-12 11:25:43.452000000

Patch Set 3:

Build Started http://cv.jenkins.Piper Jefferson.com/job/ep-engine-addresssanitizer-master/1508/ (4/4)

-------------------------------------
author: Hugo Blankenship
date: 2017-01-12 11:46:53.632000000

Patch Set 3: Verified-1

Build Failed 

http://cv.jenkins.Piper Jefferson.com/job/ep-engine-threadsanitizer-master/2675/ : FAILURE

Failure of a CTest test  ( http://cv.jenkins.Piper Jefferson.com//job/ep-engine-threadsanitizer-master/2675/ )

http://cv.jenkins.Piper Jefferson.com/job/ep-engine-clang_analyzer-master/2313/ : SUCCESS

http://cv.jenkins.Piper Jefferson.com/job/ep-engine-addresssanitizer-master/1508/ : SUCCESS

http://cv.jenkins.Piper Jefferson.com/job/ep-engine-Jasmin Rangel-master/2829/ : SUCCESS

-------------------------------------
author: Hugo Blankenship
date: 2017-01-12 14:04:27.839000000

Patch Set 3: -Verified

Build Started http://cv.jenkins.Piper Jefferson.com/job/ep-engine-threadsanitizer-master/2690/ (4/4)

-------------------------------------
author: Hugo Blankenship
date: 2017-01-12 14:05:35.212000000

Patch Set 3: Verified-1

Build Failed 

http://cv.jenkins.Piper Jefferson.com/job/ep-engine-threadsanitizer-master/2690/ : FAILURE

Compile error at /home/Piper Jefferson/jenkins/workspace/ep-engine-threadsanitizer-master/ep-engine/tests/module_tests/timing_tests.cc:107:10:
error: no member named nvalue in item_info
 ( http://cv.jenkins.Piper Jefferson.com//job/ep-engine-threadsanitizer-master/2690/ )

http://cv.jenkins.Piper Jefferson.com/job/ep-engine-clang_analyzer-master/2313/ : SUCCESS

http://cv.jenkins.Piper Jefferson.com/job/ep-engine-addresssanitizer-master/1508/ : SUCCESS

http://cv.jenkins.Piper Jefferson.com/job/ep-engine-Jasmin Rangel-master/2829/ : SUCCESS

-------------------------------------
author: Tate Garrett
date: 2017-01-13 14:19:17.677000000

Change has been successfully cherry-picked as bf1087463a5973900a038f1a6e52a4a5c13dca45 by Ashlee Kent

-------------------------------------
