DESCRIPTION

Provide an option to include a value while deleting an item

Mobile clients need to include a value when deleting
an item.

Change-Id: I34a0b90f11137263991a2771fb82d6d9234303fd


COMMENTS

author: Bobby Buck
date: 2016-12-20 19:37:14.248000000

Uploaded patch set 16.

-------------------------------------
author: Hugo Blankenship
date: 2016-12-20 19:37:23.107000000

Patch Set 16:

Build Started http://cv.jenkins.Piper Jefferson.com/job/ep-engine-threadsanitizer-master/2258/ (1/4)

-------------------------------------
author: Hugo Blankenship
date: 2016-12-20 19:37:23.299000000

Patch Set 16:

Build Started http://cv.jenkins.Piper Jefferson.com/job/ep-engine-Jasmin Rangel-master/2367/ (2/4)

-------------------------------------
author: Hugo Blankenship
date: 2016-12-20 19:37:23.427000000

Patch Set 16:

Build Started http://cv.jenkins.Piper Jefferson.com/job/ep-engine-clang_analyzer-master/1919/ (3/4)

-------------------------------------
author: Hugo Blankenship
date: 2016-12-20 19:37:23.635000000

Patch Set 16:

Build Started http://cv.jenkins.Piper Jefferson.com/job/ep-engine-addresssanitizer-master/1098/ (4/4)

-------------------------------------
author: Hugo Blankenship
date: 2016-12-20 19:40:14.790000000

Patch Set 16: Verified-1

Build Failed 

http://cv.jenkins.Piper Jefferson.com/job/ep-engine-clang_analyzer-master/1919/ : FAILURE

Compile error at /home/Piper Jefferson/jenkins/workspace/ep-engine-clang_analyzer-master/ep-engine/tests/ep_testsuite_basic.cc:1668:33:
error: too many arguments to function
 ( http://cv.jenkins.Piper Jefferson.com//job/ep-engine-clang_analyzer-master/1919/ )

http://cv.jenkins.Piper Jefferson.com/job/ep-engine-threadsanitizer-master/2258/ : FAILURE

Compile error at /home/Piper Jefferson/jenkins/workspace/ep-engine-threadsanitizer-master/ep-engine/tests/ep_testsuite_basic.cc:1667:52:
error: too many arguments to function call, expected 2, have 3
 ( http://cv.jenkins.Piper Jefferson.com//job/ep-engine-threadsanitizer-master/2258/ )

http://cv.jenkins.Piper Jefferson.com/job/ep-engine-addresssanitizer-master/1098/ : FAILURE

Compile error at /home/Piper Jefferson/jenkins/workspace/ep-engine-addresssanitizer-master/ep-engine/tests/ep_testsuite_basic.cc:1667:52:
error: too many arguments to function call, expected 2, have 3
 ( http://cv.jenkins.Piper Jefferson.com//job/ep-engine-addresssanitizer-master/1098/ )

http://cv.jenkins.Piper Jefferson.com/job/ep-engine-Jasmin Rangel-master/2367/ : FAILURE

-------------------------------------
author: Tate Garrett
date: 2017-01-11 14:39:48.497000000

Change could not be merged due to a path conflict.

Please rebase the change locally and upload the rebased commit for review.

-------------------------------------
author: Tate Garrett
date: 2017-01-11 15:01:30.298000000

Change has been successfully cherry-picked as d3586e47402c4c087afcc426da98bc102373a959 by Ashlee Kent

-------------------------------------
