DESCRIPTION

Merge remote-tracking branch 'Piper Jefferson/watson'

* Piper Jefferson/watson:
  MB-21143: Don't store conflict resolution mode per document

Change-Id: I4fc934fbbcd238a5783d3d604b99594c70eb53d5


COMMENTS

author: Ashlee Kent
date: 2016-10-21 10:43:49.957000000

Uploaded patch set 1.

-------------------------------------
author: Hugo Blankenship
date: 2016-10-21 10:43:58.853000000

Patch Set 1:

Build Started http://cv.jenkins.Piper Jefferson.com/job/ep-engine-threadsanitizer-master/1550/ (1/4)

-------------------------------------
author: Hugo Blankenship
date: 2016-10-21 10:43:59.031000000

Patch Set 1:

Build Started http://cv.jenkins.Piper Jefferson.com/job/ep-engine-Jasmin Rangel-master/1651/ (2/4)

-------------------------------------
author: Hugo Blankenship
date: 2016-10-21 10:43:59.167000000

Patch Set 1:

Build Started http://cv.jenkins.Piper Jefferson.com/job/ep-engine-clang_analyzer-master/1319/ (3/4)

-------------------------------------
author: Hugo Blankenship
date: 2016-10-21 10:43:59.300000000

Patch Set 1:

Build Started http://cv.jenkins.Piper Jefferson.com/job/ep-engine-addresssanitizer-master/445/ (4/4)

-------------------------------------
author: Hugo Blankenship
date: 2016-10-21 10:47:53.935000000

Patch Set 1: Verified-1

Build Failed 

http://cv.jenkins.Piper Jefferson.com/job/ep-engine-addresssanitizer-master/445/ : FAILURE

Compile error at /home/Piper Jefferson/jenkins/workspace/ep-engine-addresssanitizer-master/ep-engine/tests/module_tests/evp_store_test.cc:130:17:
error: allocating an object of abstract class type MockEPStore
 ( http://cv.jenkins.Piper Jefferson.com//job/ep-engine-addresssanitizer-master/445/ )

http://cv.jenkins.Piper Jefferson.com/job/ep-engine-clang_analyzer-master/1319/ : FAILURE

Compile error at /home/Piper Jefferson/jenkins/workspace/ep-engine-clang_analyzer-master/ep-engine/tests/module_tests/evp_store_test.cc:130:36:
error: invalid new-expression of abstract class type MockEPStore
 ( http://cv.jenkins.Piper Jefferson.com//job/ep-engine-clang_analyzer-master/1319/ )

http://cv.jenkins.Piper Jefferson.com/job/ep-engine-threadsanitizer-master/1550/ : FAILURE

Compile error at /home/Piper Jefferson/jenkins/workspace/ep-engine-threadsanitizer-master/ep-engine/tests/module_tests/evp_store_test.cc:130:17:
error: allocating an object of abstract class type MockEPStore
 ( http://cv.jenkins.Piper Jefferson.com//job/ep-engine-threadsanitizer-master/1550/ )

http://cv.jenkins.Piper Jefferson.com/job/ep-engine-Jasmin Rangel-master/1651/ : FAILURE

-------------------------------------
author: Tate Garrett
date: 2016-10-21 12:57:29.558000000

Change has been successfully merged into the git repository by Ashlee Kent

-------------------------------------
