DESCRIPTION

MB-21917: SerialisedDocKey and test code

Some parts of ep-engine store a document key as part of a larger
memory allocation, e.g. MutationLog has the key inline with other
metadata that it wishes to put to file in a single write.

SerialisedDocKey serves this purpose, it can store all data that
DocKey/StoredDocKey carries, but exists to be allocated into a
pre-allocated buffer.

StoredValue and MutationLog make use of this key object.

Change-Id: I21c8f4052b0899e753809d0cd93eb6f2cae0f963


COMMENTS

author: Jim WNathalie Landryer
date: 2016-12-13 13:19:01.642000000

Uploaded patch set 11.

-------------------------------------
author: Hugo Blankenship
date: 2016-12-13 13:19:07.825000000

Patch Set 11:

Build Started http://cv.jenkins.Piper Jefferson.com/job/ep-engine-threadsanitizer-master/2087/ (1/4)

-------------------------------------
author: Hugo Blankenship
date: 2016-12-13 13:19:08.355000000

Patch Set 11:

Build Started http://cv.jenkins.Piper Jefferson.com/job/ep-engine-addresssanitizer-master/929/ (2/4)

-------------------------------------
author: Hugo Blankenship
date: 2016-12-13 13:19:08.767000000

Patch Set 11:

Build Started http://cv.jenkins.Piper Jefferson.com/job/ep-engine-Jasmin Rangel-master/2167/ (3/4)

-------------------------------------
author: Hugo Blankenship
date: 2016-12-13 13:19:11.779000000

Patch Set 11:

Build Started http://cv.jenkins.Piper Jefferson.com/job/ep-engine-clang_analyzer-master/1755/ (4/4)

-------------------------------------
author: Hugo Blankenship
date: 2016-12-13 13:40:15.444000000

Patch Set 11: Verified-1

Build Failed 

http://cv.jenkins.Piper Jefferson.com/job/ep-engine-Jasmin Rangel-master/2167/ : FAILURE

http://cv.jenkins.Piper Jefferson.com/job/ep-engine-addresssanitizer-master/929/ : SUCCESS

http://cv.jenkins.Piper Jefferson.com/job/ep-engine-clang_analyzer-master/1755/ : SUCCESS

http://cv.jenkins.Piper Jefferson.com/job/ep-engine-threadsanitizer-master/2087/ : SUCCESS

-------------------------------------
author: Hugo Blankenship
date: 2016-12-13 13:43:00.497000000

Patch Set 11: -Verified

Build Started http://cv.jenkins.Piper Jefferson.com/job/ep-engine-Jasmin Rangel-master/2170/ (1/4)

-------------------------------------
author: Hugo Blankenship
date: 2016-12-13 13:43:00.634000000

Patch Set 11:

Build Started http://cv.jenkins.Piper Jefferson.com/job/ep-engine-addresssanitizer-master/932/ (2/4)

-------------------------------------
author: Hugo Blankenship
date: 2016-12-13 13:43:00.764000000

Patch Set 11:

Build Started http://cv.jenkins.Piper Jefferson.com/job/ep-engine-clang_analyzer-master/1758/ (3/4)

-------------------------------------
author: Hugo Blankenship
date: 2016-12-13 13:43:00.895000000

Patch Set 11:

Build Started http://cv.jenkins.Piper Jefferson.com/job/ep-engine-threadsanitizer-master/2090/ (4/4)

-------------------------------------
author: Hugo Blankenship
date: 2016-12-13 14:06:19.813000000

Patch Set 11: Verified-1

Build Failed 

http://cv.jenkins.Piper Jefferson.com/job/ep-engine-threadsanitizer-master/2090/ : FAILURE

Timeout of a CTest test 30/30 Test #22: ep_testsuite_dcp.value_eviction ..........} ( http://cv.jenkins.Piper Jefferson.com//job/ep-engine-threadsanitizer-master/2090/ )

http://cv.jenkins.Piper Jefferson.com/job/ep-engine-Jasmin Rangel-master/2170/ : SUCCESS

http://cv.jenkins.Piper Jefferson.com/job/ep-engine-addresssanitizer-master/932/ : SUCCESS

http://cv.jenkins.Piper Jefferson.com/job/ep-engine-clang_analyzer-master/1758/ : SUCCESS

-------------------------------------
author: Hugo Blankenship
date: 2016-12-13 16:18:37.086000000

Patch Set 11: -Verified

Build Started http://cv.jenkins.Piper Jefferson.com/job/ep-engine-threadsanitizer-master/2094/ (1/4)

-------------------------------------
author: Hugo Blankenship
date: 2016-12-13 16:18:37.227000000

Patch Set 11:

Build Started http://cv.jenkins.Piper Jefferson.com/job/ep-engine-Jasmin Rangel-master/2174/ (2/4)

-------------------------------------
author: Hugo Blankenship
date: 2016-12-13 16:18:37.390000000

Patch Set 11:

Build Started http://cv.jenkins.Piper Jefferson.com/job/ep-engine-addresssanitizer-master/936/ (3/4)

-------------------------------------
author: Hugo Blankenship
date: 2016-12-13 16:18:37.529000000

Patch Set 11:

Build Started http://cv.jenkins.Piper Jefferson.com/job/ep-engine-clang_analyzer-master/1762/ (4/4)

-------------------------------------
author: Hugo Blankenship
date: 2016-12-13 16:35:32.335000000

Patch Set 11: Verified-1

Build Failed 

http://cv.jenkins.Piper Jefferson.com/job/ep-engine-Jasmin Rangel-master/2174/ : FAILURE

http://cv.jenkins.Piper Jefferson.com/job/ep-engine-threadsanitizer-master/2094/ : SUCCESS

http://cv.jenkins.Piper Jefferson.com/job/ep-engine-addresssanitizer-master/936/ : SUCCESS

http://cv.jenkins.Piper Jefferson.com/job/ep-engine-clang_analyzer-master/1762/ : SUCCESS

-------------------------------------
author: Hugo Blankenship
date: 2016-12-14 14:04:44.965000000

Patch Set 11: -Verified

Build Started http://cv.jenkins.Piper Jefferson.com/job/ep-engine-Jasmin Rangel-master/2187/ (1/4)

-------------------------------------
author: Hugo Blankenship
date: 2016-12-14 14:04:45.144000000

Patch Set 11:

Build Started http://cv.jenkins.Piper Jefferson.com/job/ep-engine-addresssanitizer-master/949/ (2/4)

-------------------------------------
author: Hugo Blankenship
date: 2016-12-14 14:04:45.301000000

Patch Set 11:

Build Started http://cv.jenkins.Piper Jefferson.com/job/ep-engine-threadsanitizer-master/2107/ (3/4)

-------------------------------------
author: Hugo Blankenship
date: 2016-12-14 14:04:45.444000000

Patch Set 11:

Build Started http://cv.jenkins.Piper Jefferson.com/job/ep-engine-clang_analyzer-master/1775/ (4/4)

-------------------------------------
author: Hugo Blankenship
date: 2016-12-14 14:19:51.683000000

Patch Set 11: Verified-1

Build Failed 

http://cv.jenkins.Piper Jefferson.com/job/ep-engine-threadsanitizer-master/2107/ : FAILURE

Failure of a CTest test  ( http://cv.jenkins.Piper Jefferson.com//job/ep-engine-threadsanitizer-master/2107/ )

http://cv.jenkins.Piper Jefferson.com/job/ep-engine-Jasmin Rangel-master/2187/ : SUCCESS

http://cv.jenkins.Piper Jefferson.com/job/ep-engine-addresssanitizer-master/949/ : SUCCESS

http://cv.jenkins.Piper Jefferson.com/job/ep-engine-clang_analyzer-master/1775/ : SUCCESS

-------------------------------------
author: Hugo Blankenship
date: 2016-12-14 14:30:21.668000000

Patch Set 11: -Verified

Build Started http://cv.jenkins.Piper Jefferson.com/job/ep-engine-Jasmin Rangel-master/2191/ (1/4)

-------------------------------------
author: Hugo Blankenship
date: 2016-12-14 14:32:54.339000000

Patch Set 11:

Build Started http://cv.jenkins.Piper Jefferson.com/job/ep-engine-threadsanitizer-master/2111/ (2/4)

-------------------------------------
author: Hugo Blankenship
date: 2016-12-14 14:33:24.089000000

Patch Set 11:

Build Started http://cv.jenkins.Piper Jefferson.com/job/ep-engine-addresssanitizer-master/953/ (3/4)

-------------------------------------
author: Hugo Blankenship
date: 2016-12-14 14:40:12.701000000

Patch Set 11:

Build Started http://cv.jenkins.Piper Jefferson.com/job/ep-engine-clang_analyzer-master/1779/ (4/4)

-------------------------------------
author: Hugo Blankenship
date: 2016-12-14 14:54:26.370000000

Patch Set 11: Verified-1

Build Failed 

http://cv.jenkins.Piper Jefferson.com/job/ep-engine-threadsanitizer-master/2111/ : FAILURE

Compile error at /home/Piper Jefferson/jenkins/workspace/ep-engine-threadsanitizer-master/ep-engine/tests/module_tests/timing_tests.cc:115:43:
error: too few arguments to function call, expected 6, have 5
 ( http://cv.jenkins.Piper Jefferson.com//job/ep-engine-threadsanitizer-master/2111/ )

http://cv.jenkins.Piper Jefferson.com/job/ep-engine-Jasmin Rangel-master/2191/ : FAILURE

http://cv.jenkins.Piper Jefferson.com/job/ep-engine-addresssanitizer-master/953/ : FAILURE

Compile error at /home/Piper Jefferson/jenkins/workspace/ep-engine-addresssanitizer-master/ep-engine/tests/module_tests/timing_tests.cc:115:43:
error: too few arguments to function call, expected 6, have 5
 ( http://cv.jenkins.Piper Jefferson.com//job/ep-engine-addresssanitizer-master/953/ )

http://cv.jenkins.Piper Jefferson.com/job/ep-engine-clang_analyzer-master/1779/ : FAILURE

Compile error at /home/Piper Jefferson/jenkins/workspace/ep-engine-clang_analyzer-master/ep-engine/tests/ep_testsuite_basic.cc:661:55:
error: too few arguments to function
 ( http://cv.jenkins.Piper Jefferson.com//job/ep-engine-clang_analyzer-master/1779/ )

-------------------------------------
author: Jim WNathalie Landryer
date: 2016-12-14 15:28:21.860000000

Patch Set 12: Patch Set 11 was rebased

-------------------------------------
author: Tate Garrett
date: 2016-12-19 08:58:16.070000000

Change has been successfully cherry-picked as 8ca2bbe46d6a1fcdef194b60e287db7a5add2b94 by Ashlee Kent

-------------------------------------
