DESCRIPTION

DCP added to ep-perfsuite stat test

Change-Id: I891acc2cea7986963edba21c60a6546006ae0b39


COMMENTS

author: Kymani Ramirez
date: 2016-11-18 11:33:45.587000000

Uploaded patch set 1.

-------------------------------------
author: Hugo Blankenship
date: 2016-11-18 11:33:54.838000000

Patch Set 1:

Build Started http://cv.jenkins.Piper Jefferson.com/job/ep-engine-Jasmin Rangel-master/1836/ (1/4)

-------------------------------------
author: Hugo Blankenship
date: 2016-11-18 11:33:54.964000000

Patch Set 1:

Build Started http://cv.jenkins.Piper Jefferson.com/job/ep-engine-addresssanitizer-master/625/ (2/4)

-------------------------------------
author: Hugo Blankenship
date: 2016-11-18 11:34:21.181000000

Patch Set 1:

Build Started http://cv.jenkins.Piper Jefferson.com/job/ep-engine-clang_analyzer-master/1471/ (3/4)

-------------------------------------
author: Hugo Blankenship
date: 2016-11-18 11:36:14.263000000

Patch Set 1:

Build Started http://cv.jenkins.Piper Jefferson.com/job/ep-engine-threadsanitizer-master/1739/ (4/4)

-------------------------------------
author: Hugo Blankenship
date: 2016-11-18 11:43:02.959000000

Patch Set 1: Verified-1

Build Failed 

http://cv.jenkins.Piper Jefferson.com/job/ep-engine-addresssanitizer-master/625/ : FAILURE

Compile error at /home/Piper Jefferson/jenkins/workspace/ep-engine-addresssanitizer-master/ep-engine/tests/ep_perfsuite.cc:1321:13:
error: use of undeclared identifier dcp_thread
 ( http://cv.jenkins.Piper Jefferson.com//job/ep-engine-addresssanitizer-master/625/ )

http://cv.jenkins.Piper Jefferson.com/job/ep-engine-clang_analyzer-master/1471/ : FAILURE

Compile error at /home/Piper Jefferson/jenkins/workspace/ep-engine-clang_analyzer-master/ep-engine/tests/ep_perfsuite.cc:1321:13:
error: dcp_thread was not declared in this scope
 ( http://cv.jenkins.Piper Jefferson.com//job/ep-engine-clang_analyzer-master/1471/ )

http://cv.jenkins.Piper Jefferson.com/job/ep-engine-threadsanitizer-master/1739/ : FAILURE

Compile error at /home/Piper Jefferson/jenkins/workspace/ep-engine-threadsanitizer-master/ep-engine/tests/ep_perfsuite.cc:1321:13:
error: use of undeclared identifier dcp_thread
 ( http://cv.jenkins.Piper Jefferson.com//job/ep-engine-threadsanitizer-master/1739/ )

http://cv.jenkins.Piper Jefferson.com/job/ep-engine-Jasmin Rangel-master/1836/ : FAILURE

-------------------------------------
author: Tate Garrett
date: 2017-01-04 15:11:34.187000000

Change has been successfully cherry-picked as bbaba7ad14c37ae2df0ca335b6e5b30cafcbaad0 by Ashlee Kent

-------------------------------------
