DESCRIPTION

stats.org: Improve description of itm_memory stats

Change-Id: I294cad6492026b7ee16cada6fd3dc1a092c69bf2


COMMENTS

author: Ashlee Kent
date: 2016-12-14 14:06:51.641000000

Uploaded patch set 1.

-------------------------------------
author: Hugo Blankenship
date: 2016-12-14 14:07:01.403000000

Patch Set 1:

Build Started http://cv.jenkins.Piper Jefferson.com/job/ep-engine-Jasmin Rangel-master/2189/ (1/4)

-------------------------------------
author: Hugo Blankenship
date: 2016-12-14 14:07:01.531000000

Patch Set 1:

Build Started http://cv.jenkins.Piper Jefferson.com/job/ep-engine-clang_analyzer-master/1777/ (2/4)

-------------------------------------
author: Hugo Blankenship
date: 2016-12-14 14:07:01.665000000

Patch Set 1:

Build Started http://cv.jenkins.Piper Jefferson.com/job/ep-engine-addresssanitizer-master/951/ (3/4)

-------------------------------------
author: Hugo Blankenship
date: 2016-12-14 14:10:27.308000000

Patch Set 1:

Build Started http://cv.jenkins.Piper Jefferson.com/job/ep-engine-threadsanitizer-master/2109/ (4/4)

-------------------------------------
author: Hugo Blankenship
date: 2016-12-14 14:20:24.690000000

Patch Set 1: Verified-1

Build Failed 

http://cv.jenkins.Piper Jefferson.com/job/ep-engine-addresssanitizer-master/951/ : FAILURE

Compile error at /home/Piper Jefferson/jenkins/workspace/ep-engine-addresssanitizer-master/ep-engine/tests/ep_testsuite.cc:3828:28:
error: no member named get_stats_struct in engine_interface_v1
 ( http://cv.jenkins.Piper Jefferson.com//job/ep-engine-addresssanitizer-master/951/ )

http://cv.jenkins.Piper Jefferson.com/job/ep-engine-clang_analyzer-master/1777/ : FAILURE

Compile error at /home/Piper Jefferson/jenkins/workspace/ep-engine-clang_analyzer-master/ep-engine/tests/ep_testsuite.cc:3828:15:
error: ENGINE_HANDLE_V1 has no member named get_stats_struct
 ( http://cv.jenkins.Piper Jefferson.com//job/ep-engine-clang_analyzer-master/1777/ )

http://cv.jenkins.Piper Jefferson.com/job/ep-engine-threadsanitizer-master/2109/ : FAILURE

Compile error at /home/Piper Jefferson/jenkins/workspace/ep-engine-threadsanitizer-master/ep-engine/tests/ep_testsuite.cc:3828:28:
error: no member named get_stats_struct in engine_interface_v1
 ( http://cv.jenkins.Piper Jefferson.com//job/ep-engine-threadsanitizer-master/2109/ )

http://cv.jenkins.Piper Jefferson.com/job/ep-engine-Jasmin Rangel-master/2189/ : FAILURE

-------------------------------------
author: Ashlee Kent
date: 2016-12-14 14:27:46.300000000

Patch Set 2: Patch Set 1 was rebased

-------------------------------------
author: Tate Garrett
date: 2016-12-14 15:20:18.496000000

Change has been successfully cherry-picked as 28f923f7523245683e3b6e199ef05e3dc5cea252 by Darian Blanchard

-------------------------------------
