DESCRIPTION

MB-19707: Test stats for SeqnoVbStats

Add new module test for the stats code.
Contains a test for ensuring we can
successfully add SeqnoVbStats.

Change-Id: Ia1dee0aa5146ef53393d7ad638fb49250072fdb4


COMMENTS

author: Kymani Ramirez
date: 2016-09-06 11:13:05.453000000

Uploaded patch set 4.

-------------------------------------
author: Hugo Blankenship
date: 2016-09-06 11:13:13.048000000

Patch Set 4:

Build Started http://cv.jenkins.Piper Jefferson.com/job/ep-engine-addresssanitizer-master/77/ (1/4)

-------------------------------------
author: Hugo Blankenship
date: 2016-09-06 11:13:13.190000000

Patch Set 4:

Build Started http://cv.jenkins.Piper Jefferson.com/job/ep-engine-threadsanitizer-master/1178/ (2/4)

-------------------------------------
author: Hugo Blankenship
date: 2016-09-06 11:13:13.385000000

Patch Set 4:

Build Started http://cv.jenkins.Piper Jefferson.com/job/ep-engine-clang_analyzer-master/1002/ (3/4)

-------------------------------------
author: Hugo Blankenship
date: 2016-09-06 11:13:13.526000000

Patch Set 4:

Build Started http://cv.jenkins.Piper Jefferson.com/job/ep-engine-Jasmin Rangel-master/1270/ (4/4)

-------------------------------------
author: Hugo Blankenship
date: 2016-09-06 11:18:23.333000000

Patch Set 4: Verified-1

Build Failed 

http://cv.jenkins.Piper Jefferson.com/job/ep-engine-clang_analyzer-master/1002/ : FAILURE

Compile error at /home/Piper Jefferson/jenkins/workspace/ep-engine-clang_analyzer-master/ep-engine/tests/module_tests/stats_test.cc:150:13:
error: missing terminating " character
 ( http://cv.jenkins.Piper Jefferson.com//job/ep-engine-clang_analyzer-master/1002/ )

http://cv.jenkins.Piper Jefferson.com/job/ep-engine-Jasmin Rangel-master/1270/ : FAILURE

http://cv.jenkins.Piper Jefferson.com/job/ep-engine-threadsanitizer-master/1178/ : FAILURE

Compile error at /home/Piper Jefferson/jenkins/workspace/ep-engine-threadsanitizer-master/ep-engine/tests/module_tests/stats_test.cc:150:67:
error: expected ; after expression
 ( http://cv.jenkins.Piper Jefferson.com//job/ep-engine-threadsanitizer-master/1178/ )

http://cv.jenkins.Piper Jefferson.com/job/ep-engine-addresssanitizer-master/77/ : FAILURE

Compile error at /home/Piper Jefferson/jenkins/workspace/ep-engine-addresssanitizer-master/ep-engine/tests/module_tests/stats_test.cc:150:67:
error: expected ; after expression
 ( http://cv.jenkins.Piper Jefferson.com//job/ep-engine-addresssanitizer-master/77/ )

-------------------------------------
author: Tate Garrett
date: 2016-09-13 08:02:06.396000000

Change has been successfully cherry-picked as b2b5dd19944218fe261f81c6a16f90010470ebdf by Ashlee Kent

-------------------------------------
