DESCRIPTION

MB-19707: Test stats for SeqnoVbStats

Add new module test for the stats code.
Contains a test for ensuring we can
successfully add SeqnoVbStats.

Change-Id: Ia1dee0aa5146ef53393d7ad638fb49250072fdb4


COMMENTS

author: Kymani Ramirez
date: 2016-09-06 13:02:03.164000000

Uploaded patch set 6.

-------------------------------------
author: Hugo Blankenship
date: 2016-09-06 13:02:12.741000000

Patch Set 6:

Build Started http://cv.jenkins.Piper Jefferson.com/job/ep-engine-Jasmin Rangel-master/1272/ (1/4)

-------------------------------------
author: Hugo Blankenship
date: 2016-09-06 13:02:12.884000000

Patch Set 6:

Build Started http://cv.jenkins.Piper Jefferson.com/job/ep-engine-threadsanitizer-master/1180/ (2/4)

-------------------------------------
author: Hugo Blankenship
date: 2016-09-06 13:02:13.044000000

Patch Set 6:

Build Started http://cv.jenkins.Piper Jefferson.com/job/ep-engine-addresssanitizer-master/79/ (3/4)

-------------------------------------
author: Hugo Blankenship
date: 2016-09-06 13:02:13.197000000

Patch Set 6:

Build Started http://cv.jenkins.Piper Jefferson.com/job/ep-engine-clang_analyzer-master/1004/ (4/4)

-------------------------------------
author: Jim WNathalie Landryer
date: 2016-09-06 13:06:05.036000000

Patch Set 6: Code-Review-1

(1 comment)

Line:131, tests/module_tests/stats_test.cc -> nullptr not needed, default param is 0

-------------------------------------
author: Hugo Blankenship
date: 2016-09-06 13:15:51.397000000

Patch Set 6: Verified-1

Build Failed 

http://cv.jenkins.Piper Jefferson.com/job/ep-engine-clang_analyzer-master/1004/ : FAILURE

Compile error at /home/Piper Jefferson/jenkins/workspace/ep-engine-clang_analyzer-master/ep-engine/tests/module_tests/stats_test.cc:151:39:
error: unknownStatsCount was not declared in this scope
 ( http://cv.jenkins.Piper Jefferson.com//job/ep-engine-clang_analyzer-master/1004/ )

http://cv.jenkins.Piper Jefferson.com/job/ep-engine-Jasmin Rangel-master/1272/ : FAILURE

http://cv.jenkins.Piper Jefferson.com/job/ep-engine-threadsanitizer-master/1180/ : FAILURE

Compile error at /home/Piper Jefferson/jenkins/workspace/ep-engine-threadsanitizer-master/ep-engine/tests/module_tests/stats_test.cc:151:503:
error: use of undeclared identifier unknownStatsCount; did you mean unknownStatCount?
 ( http://cv.jenkins.Piper Jefferson.com//job/ep-engine-threadsanitizer-master/1180/ )

http://cv.jenkins.Piper Jefferson.com/job/ep-engine-addresssanitizer-master/79/ : FAILURE

Compile error at /home/Piper Jefferson/jenkins/workspace/ep-engine-addresssanitizer-master/ep-engine/tests/module_tests/stats_test.cc:151:504:
error: use of undeclared identifier unknownStatsCount; did you mean unknownStatCount?
 ( http://cv.jenkins.Piper Jefferson.com//job/ep-engine-addresssanitizer-master/79/ )

-------------------------------------
author: Kymani Ramirez
date: 2016-09-06 15:05:34.843000000

Patch Set 6:

(1 comment)

Line:131, tests/module_tests/stats_test.cc -> Done

-------------------------------------
author: Tate Garrett
date: 2016-09-13 08:02:06.396000000

Change has been successfully cherry-picked as b2b5dd19944218fe261f81c6a16f90010470ebdf by Ashlee Kent

-------------------------------------
