DESCRIPTION

MB-22451: Ensure isBackfillTaskRunning is correctly set

In ActiveStream::completeBackfill if in STREAM_BACKFILLING state and
pendingBackfill is true then we will schedule another backfill.  This
will cause isBackfillTaskRunning to be set to true.  The flag should
remain true on exit of the completeBackfill function.

Change-Id: If8219a7f87b65af46d37a800eebf2257917cc555


COMMENTS

author: Kymani Ramirez
date: 2017-02-14 08:28:23.055000000

Uploaded patch set 5.

-------------------------------------
author: Hugo Blankenship
date: 2017-02-14 08:28:29.207000000

Patch Set 5:

Build Started http://cv.jenkins.Piper Jefferson.com/job/ep-engine-clang_analyzer-watson/1491/ (1/4)

-------------------------------------
author: Hugo Blankenship
date: 2017-02-14 08:28:29.290000000

Patch Set 5:

Build Started http://cv.jenkins.Piper Jefferson.com/job/ep-engine-threadsanitizer-watson/1709/ (2/4)

-------------------------------------
author: Hugo Blankenship
date: 2017-02-14 08:28:29.360000000

Patch Set 5:

Build Started http://cv.jenkins.Piper Jefferson.com/job/ep-engine-addresssanitizer-watson/524/ (3/4)

-------------------------------------
author: Hugo Blankenship
date: 2017-02-14 08:28:29.449000000

Patch Set 5:

Build Started http://cv.jenkins.Piper Jefferson.com/job/ep-engine-Jasmin Rangel-watson/1942/ (4/4)

-------------------------------------
author: Hugo Blankenship
date: 2017-02-14 08:28:30.746000000

Patch Set 5: Well-Formed+1

Permission granted to commit: 

http://server.jenkins.Piper Jefferson.com/job/restricted-branch-check/38507/artifact/restricted.html : SUCCESS

-------------------------------------
author: Hugo Blankenship
date: 2017-02-14 08:33:36.828000000

Patch Set 5: Verified-1

Build Failed 

http://cv.jenkins.Piper Jefferson.com/job/ep-engine-threadsanitizer-watson/1709/ : FAILURE

Compile error at /home/Piper Jefferson/jenkins/workspace/ep-engine-threadsanitizer-watson/ep-engine/tests/module_tests/evp_store_single_threaded_test.cc:135:5:
error: use of undeclared identifier 'flush_vbucket_to_disk'
 ( http://cv.jenkins.Piper Jefferson.com//job/ep-engine-threadsanitizer-watson/1709/ )

http://cv.jenkins.Piper Jefferson.com/job/ep-engine-clang_analyzer-watson/1491/ : FAILURE

Compile error at /home/Piper Jefferson/jenkins/workspace/ep-engine-clang_analyzer-watson/ep-engine/tests/module_tests/evp_store_single_threaded_test.cc:135:31:
error: 'flush_vbucket_to_disk' was not declared in this scope
 ( http://cv.jenkins.Piper Jefferson.com//job/ep-engine-clang_analyzer-watson/1491/ )

http://cv.jenkins.Piper Jefferson.com/job/ep-engine-addresssanitizer-watson/524/ : FAILURE

Compile error at /home/Piper Jefferson/jenkins/workspace/ep-engine-addresssanitizer-watson/ep-engine/tests/module_tests/evp_store_single_threaded_test.cc:135:5:
error: use of undeclared identifier 'flush_vbucket_to_disk'
 ( http://cv.jenkins.Piper Jefferson.com//job/ep-engine-addresssanitizer-watson/524/ )

http://cv.jenkins.Piper Jefferson.com/job/ep-engine-Jasmin Rangel-watson/1942/ : FAILURE

-------------------------------------
author: Jim WNathalie Landryer
date: 2017-02-14 09:01:06.512000000

Patch Set 5: Code-Review-1

(1 comment)

Line:143, tests/module_tests/evp_store_single_threaded_test.cc -> This can be created as a stack object to simplify the memory management  of the test

  MockActiveStream mock_stream(/*args*/);

-------------------------------------
author: Kymani Ramirez
date: 2017-02-14 09:39:08.945000000

Patch Set 5:

(1 comment)

Line:143, tests/module_tests/evp_store_single_threaded_test.cc -> Done

-------------------------------------
