DESCRIPTION

Ephemeral: Do DCP backfill from ordered in-memory data structure (list)

This commits implements a class that does backfill from in-memory
ordered data strucuture (list) and informs the DCP stream of the
backfill progress.

It calls a synchronous vBucket API to read items in the sequential
order from the in-memory ordered data strucuture and calls the DCP
stream for disk snapshot, backfill items and backfill completion.

This commit runs a DCP stream level module test to check if the
backfill happens correctly.

DCP functional tests for ephemeral buckets are not enabled in this
commit because they rely on certain stats and operations related
to persistence. Plan is to decouple these persistence dependencies
and enable them in a separate commit

Change-Id: Ia199602f96e62d44bd3f92fec7f8c9ad26a4dc83


COMMENTS

author: Adrianna Holmes
date: 2017-03-17 20:22:15.763000000

Uploaded patch set 12.

-------------------------------------
author: Hugo Blankenship
date: 2017-03-17 21:05:33.371000000

Patch Set 12: Verified-1

Build Failed 

http://cv.jenkins.Piper Jefferson.com/job/ep-engine-threadsanitizer-master/4860/ : ABORTED

Timeout of a CTest test 12/24 Test #15: ep_testsuite_tap.value_eviction ..........} ( http://cv.jenkins.Piper Jefferson.com//job/ep-engine-threadsanitizer-master/4860/ )

Failure of a CTest test  ( http://cv.jenkins.Piper Jefferson.com//job/ep-engine-threadsanitizer-master/4860/ )

http://cv.jenkins.Piper Jefferson.com/job/ep-engine-addresssanitizer-master/3673/ : FAILURE

Timeout of a CTest test 12/24 Test #15: ep_testsuite_tap.value_eviction ..........} ( http://cv.jenkins.Piper Jefferson.com//job/ep-engine-addresssanitizer-master/3673/ )

Failure of a CTest test  ( http://cv.jenkins.Piper Jefferson.com//job/ep-engine-addresssanitizer-master/3673/ )

http://cv.jenkins.Piper Jefferson.com/job/ep-engine-Jasmin Rangel-master/5089/ : FAILURE

http://cv.jenkins.Piper Jefferson.com/job/ep-engine-clang_analyzer-master/4417/ : SUCCESS

-------------------------------------
author: Hugo Blankenship
date: 2017-03-18 13:00:17.209000000

Patch Set 12:

Build Failed 

http://cv.jenkins.Piper Jefferson.com/job/ep-engine-Jasmin Rangel-master/5093/ : FAILURE

http://cv.jenkins.Piper Jefferson.com/job/ep-engine-addresssanitizer-master/3677/ : SUCCESS

http://cv.jenkins.Piper Jefferson.com/job/ep-engine-threadsanitizer-master/4864/ : SUCCESS

http://cv.jenkins.Piper Jefferson.com/job/ep-engine-clang_analyzer-master/4421/ : SUCCESS

-------------------------------------
author: Hugo Blankenship
date: 2017-03-19 12:05:10.212000000

Patch Set 12:

Build Failed 

http://cv.jenkins.Piper Jefferson.com/job/ep-engine-Jasmin Rangel-master/5113/ : FAILURE

http://cv.jenkins.Piper Jefferson.com/job/ep-engine-addresssanitizer-master/3677/ : SUCCESS

http://cv.jenkins.Piper Jefferson.com/job/ep-engine-threadsanitizer-master/4864/ : SUCCESS

http://cv.jenkins.Piper Jefferson.com/job/ep-engine-clang_analyzer-master/4421/ : SUCCESS

-------------------------------------
