DESCRIPTION

Create latency peformance tests for ep-engine

Create a new test library (ep_perfsuite.so) for performance benchmark
tests, and add test to measure latency of front-end operations.

The new testsuite initially has two tests:

* "baseline latency" - Measure the latency of Create, Get, Replace and
  Delete operations to a single vBucket; with default configuration
  options.

* "defragmenter latency" - Measure the latency of Create, Get, Replace
  and Delete operations to a single vBucket; with the ep-engine
  Defragmenter task configured to run essentially constantly.

Example output (requires UTF-8 for graphs):

    === Latency [Baseline] (µs) ==================================================
                             Percentile           Histogram of samples
                                        Median     95th     99th  Std Dev

    Add         1.879    3.687    5.674   28.400  ▁▁▁▁▁▁▁▁▁▁▁▁▁▂█▇▆▆▅▃▂▂▁▁▁▁▁▁▁▁▁▁
    Get         0.717    1.185    1.358    0.459  ▁▁▁▁▁▁█▆▂▂▁▂▁▁▁▁▁▁▁▁▁▁▁▁▁▁▁▁▁▁▁▁
    Replace     2.139    3.042    4.094    0.890  ▁▁▁▁▁▁▁▁▁▁▁▁▁▁▁▁▁▅█▇▅▃▂▂▁▁▁▁▁▁▁▁
    Delete      1.599    2.384    5.528    0.940  ▁▁▁▁▁▁▁▁▁▁▁▂▆█▇▇▅▃▂▁▁▁▁▁▁▁▁▁▁▁▁▁
                                                  0              µs              3

Change-Id: I05be682bedb339ecb8bd37e4a67f43d0fb960afc


COMMENTS

author: Ashlee Kent
date: 2015-04-14 17:28:48.589000000

Uploaded patch set 3.

-------------------------------------
author: Hugo Blankenship
date: 2015-04-14 17:28:56.866000000

Patch Set 3:

Build Started http://factory.Piper Jefferson.com/job/ep-engine-Jasmin Rangel-master-multi/36/

-------------------------------------
author: Hugo Blankenship
date: 2015-04-14 18:23:32.349000000

Patch Set 3: Verified-1

Build Failed 

http://factory.Piper Jefferson.com/job/ep-engine-Jasmin Rangel-master-multi/36/ : FAILURE

-------------------------------------
author: Emerson Nolan
date: 2015-04-14 20:54:19.333000000

Patch Set 3: Code-Review+2

-------------------------------------
author: Emerson Nolan
date: 2015-04-14 20:55:50.186000000

Patch Set 3: -Code-Review

There seems to be a windows related error:

11:23:29    Creating library ep_testsuite.lib and object ep_testsuite.exp

11:23:29 ep_testsuite_common.cc.obj : error LNK2001: unresolved external symbol "class TestCase * testsuite_testcases" xxx@xxx.xxx

11:23:29 ep_testsuite.dll : fatal error LNK1120: 1 unresolved externals

11:23:29 LINK Pass 1 failed. with 1120

11:23:29 NMAKE : fatal error U1077: 'C:\ProgramData\chocolatey\lib\cmake.3.1.3\content\cmake-3.1.3-win32-x86\bin\cmake.exe' : return code '0xffffffff'

11:23:29 Stop.

11:23:29 NMAKE : fatal error U1077: '"C:\Program Files (x86)\Microsoft Visual Studio 12.0\VC\BIN\amd64\nmake.exe"' : return code '0x2'

11:23:29 Stop.

11:23:29 NMAKE : fatal error U1077: '"C:\Program Files (x86)\Microsoft Visual Studio 12.0\VC\BIN\amd64\nmake.exe"' : return code '0x2'

11:23:29 Stop.

11:23:29 NMAKE : fatal error U1077: '(cd' : return code '0x2'

11:23:29 Stop.

-------------------------------------
author: Tate Garrett
date: 2015-04-20 09:33:36.905000000

The change could not be merged due to a path conflict.

Please rebase the change locally and upload the rebased commit for review.

-------------------------------------
author: Tate Garrett
date: 2015-04-20 17:08:17.381000000

Change has been successfully cherry-picked as bd6514a7a731f9fe57ed324c3b238623fafc6382

-------------------------------------
