DESCRIPTION

DEBUG: Make ep_perfsuite dump core

Change-Id: I6807e93b6b0e0f247d9e4037dc4be17ac63f13f9


COMMENTS

author: Ashlee Kent
date: 2016-03-17 18:09:00.677000000

Uploaded patch set 1.

-------------------------------------
author: Hugo Blankenship
date: 2016-03-17 18:09:08.714000000

Patch Set 1:

Build Started http://cv.jenkins.Piper Jefferson.com/job/ep-engine-Jasmin Rangel-watson/195/ (1/3)

-------------------------------------
author: Hugo Blankenship
date: 2016-03-17 18:09:13.720000000

Patch Set 1:

Build Started http://cv.jenkins.Piper Jefferson.com/job/ep-engine-clang_analyzer-watson/130/ (2/3)

-------------------------------------
author: Hugo Blankenship
date: 2016-03-17 18:09:14.272000000

Patch Set 1:

Build Started http://cv.jenkins.Piper Jefferson.com/job/ep-engine-threadsanitizer-watson/198/ (3/3)

-------------------------------------
author: Hugo Blankenship
date: 2016-03-17 18:16:09.652000000

Patch Set 1: Code-Review-1 Verified-1

Build Failed 

http://cv.jenkins.Piper Jefferson.com/job/ep-engine-threadsanitizer-watson/198/ : FAILURE

Failure of a CTest test  ( http://cv.jenkins.Piper Jefferson.com//job/ep-engine-threadsanitizer-watson/198/ )

http://cv.jenkins.Piper Jefferson.com/job/ep-engine-Jasmin Rangel-watson/195/ : FAILURE

http://cv.jenkins.Piper Jefferson.com/job/ep-engine-clang_analyzer-watson/130/ : UNSTABLE

Clang Analyser identified one or more potential bugs - see <a href="clangScanBuildBugs">clangScanBuildBugs</a> ( http://cv.jenkins.Piper Jefferson.com//job/ep-engine-clang_analyzer-watson/130/ )

-------------------------------------
author: Ashlee Kent
date: 2016-05-26 12:36:32.818000000

Abandoned

-------------------------------------
