DESCRIPTION

WIP: Ephemeral Tombstone purging (VBucket-level)

Change-Id: I937ed23317826c84cbdd0bb0b3749a99ff446497


COMMENTS

author: Ashlee Kent
date: 2017-04-07 08:55:06.298000000

Uploaded patch set 2: Patch Set 1 was rebased.

-------------------------------------
author: Hugo Blankenship
date: 2017-04-07 09:56:52.299000000

Patch Set 2: Verified-1

Build Failed 

http://cv.jenkins.Piper Jefferson.com/job/ep-engine-addresssanitizer-master/4338/ : FAILURE

Compile error at /home/Piper Jefferson/jenkins/workspace/ep-engine-addresssanitizer-master/ep-engine/tests/module_tests/ephemeral_vb_test.cc:257:233:
error: use of undeclared identifier 'findValue'
 ( http://cv.jenkins.Piper Jefferson.com//job/ep-engine-addresssanitizer-master/4338/ )

http://cv.jenkins.Piper Jefferson.com/job/ep-engine-threadsanitizer-master/5556/ : FAILURE

Compile error at /home/Piper Jefferson/jenkins/workspace/ep-engine-threadsanitizer-master/ep-engine/tests/module_tests/ephemeral_vb_test.cc:257:233:
error: use of undeclared identifier 'findValue'
 ( http://cv.jenkins.Piper Jefferson.com//job/ep-engine-threadsanitizer-master/5556/ )

http://cv.jenkins.Piper Jefferson.com/job/ep-engine-clang_analyzer-master/5059/ : FAILURE

Compile error at /home/Piper Jefferson/jenkins/workspace/ep-engine-clang_analyzer-master/ep-engine/tests/module_tests/ephemeral_vb_test.cc:257:44:
error: 'findValue' was not declared in this scope
 ( http://cv.jenkins.Piper Jefferson.com//job/ep-engine-clang_analyzer-master/5059/ )

http://cv.jenkins.Piper Jefferson.com/job/ep-engine-Jasmin Rangel-master/5770/ : FAILURE

-------------------------------------
