DESCRIPTION

Fix test error in StagingViewTest.testCommitSingleFile

StagingView starts async tasks in UI now, so we need to proceed UI queue
after opening views in TestUtil.

Error Message

Tree item element containg text "GeneralProject/folder/test.txt" was not
found. Existing tree items:
ProjectWithoutDotProject/.project

Stacktrace

org.eclipse.swtbot.swt.finder.exceptions.WidgetNotFoundException: Tree
item element containg text "GeneralProject/folder/test.txt" was not
found. Existing tree items:
ProjectWithoutDotProject/.project
	at org.eclipse.egit.ui.test.TestUtil.getNode(TestUtil.java:476)
	at
org.eclipse.egit.ui.common.StagingViewTester.stageFile(StagingViewTester.java:64)
	at
org.eclipse.egit.ui.test.stagview.StagingViewTest.testCommitSingleFile(StagingViewTest.java:70)

Change-Id: I068da330909b420d0570af607db91665533dfb6f
Signed-off-by: Jayvion Booth xxx@xxx.xxx

COMMENTS

author: Jayvion Booth
date: 2015-02-19 15:46:30.000000000

Uploaded patch set 3.

-------------------------------------
author: Brenden Conley
date: 2015-02-19 15:46:37.000000000

Patch Set 3:

Build Started https://hudson.eclipse.org/egit/job/egit-stable.gerrit/611/

-------------------------------------
author: Brenden Conley
date: 2015-02-19 16:04:08.000000000

Patch Set 3: Code-Review-1

Build Unstable 

https://hudson.eclipse.org/egit/job/egit-stable.gerrit/611/ : UNSTABLE

-------------------------------------
author: Brenden Conley
date: 2015-02-19 18:48:46.000000000

Patch Set 3: -Code-Review

Build Started https://hudson.eclipse.org/egit/job/egit-stable.gerrit/614/

-------------------------------------
author: Brenden Conley
date: 2015-02-19 18:48:52.000000000

Patch Set 3: Verified-1

Build Failed 

https://hudson.eclipse.org/egit/job/egit-stable.gerrit/614/ : FAILURE

-------------------------------------
author: Jayvion Booth
date: 2015-02-19 18:49:32.000000000

Patch Set 4: Patch Set 3 was rebased

-------------------------------------
