DESCRIPTION

Test commit

Change-Id: I10455cca4e762cce8ae6decc297170953a221a29


COMMENTS

author: Ashlee Kent
date: 2016-02-29 15:30:47.514000000

Uploaded patch set 2.

-------------------------------------
author: Hugo Blankenship
date: 2016-02-29 15:30:56.283000000

Patch Set 2:

Build Started http://cv.jenkins.Piper Jefferson.com/job/ep-engine-Jasmin Rangel-watson/2/ (1/3)

-------------------------------------
author: Hugo Blankenship
date: 2016-02-29 15:45:12.178000000

Patch Set 2:

Build Started http://cv.jenkins.Piper Jefferson.com/job/ep-engine-threadsanitizer-watson/2/ (2/3)

-------------------------------------
author: Hugo Blankenship
date: 2016-02-29 15:46:44.961000000

Patch Set 2:

Build Started http://cv.jenkins.Piper Jefferson.com/job/ep-engine-clang_analyzer-watson/2/ (3/3)

-------------------------------------
author: Hugo Blankenship
date: 2016-02-29 16:13:44.308000000

Patch Set 2: Verified-1

Build Failed 

http://cv.jenkins.Piper Jefferson.com/job/ep-engine-threadsanitizer-watson/2/ : FAILURE

http://cv.jenkins.Piper Jefferson.com/job/ep-engine-Jasmin Rangel-watson/2/ : FAILURE

http://cv.jenkins.Piper Jefferson.com/job/ep-engine-clang_analyzer-watson/2/ : SUCCESS

-------------------------------------
author: Hugo Blankenship
date: 2016-02-29 17:16:39.340000000

Patch Set 2: -Verified

Build Started http://cv.jenkins.Piper Jefferson.com/job/ep-engine-threadsanitizer-watson/3/ (3/3)

-------------------------------------
author: Hugo Blankenship
date: 2016-02-29 17:27:35.527000000

Patch Set 2: Verified-1

Build Failed 

http://cv.jenkins.Piper Jefferson.com/job/ep-engine-Jasmin Rangel-watson/2/ : FAILURE

http://cv.jenkins.Piper Jefferson.com/job/ep-engine-threadsanitizer-watson/3/ : FAILURE

Failure of a CTest test  ( http://cv.jenkins.Piper Jefferson.com//job/ep-engine-threadsanitizer-watson/3/ )

http://cv.jenkins.Piper Jefferson.com/job/ep-engine-clang_analyzer-watson/2/ : SUCCESS

-------------------------------------
author: Hugo Blankenship
date: 2016-02-29 17:35:00.154000000

Patch Set 2: -Verified

Build Started http://cv.jenkins.Piper Jefferson.com/job/ep-engine-threadsanitizer-watson/4/ (3/3)

-------------------------------------
author: Hugo Blankenship
date: 2016-02-29 17:35:13.596000000

Patch Set 2:

Build Started http://cv.jenkins.Piper Jefferson.com/job/ep-engine-Jasmin Rangel-watson/3/ (3/3)

-------------------------------------
author: Hugo Blankenship
date: 2016-02-29 17:48:07.105000000

Patch Set 2: Verified-1

Build Failed 

http://cv.jenkins.Piper Jefferson.com/job/ep-engine-Jasmin Rangel-watson/3/ : FAILURE

http://cv.jenkins.Piper Jefferson.com/job/ep-engine-threadsanitizer-watson/4/ : FAILURE

Failure of a CTest test  ( http://cv.jenkins.Piper Jefferson.com//job/ep-engine-threadsanitizer-watson/4/ )

http://cv.jenkins.Piper Jefferson.com/job/ep-engine-clang_analyzer-watson/2/ : SUCCESS

-------------------------------------
author: Hugo Blankenship
date: 2016-02-29 17:55:23.476000000

Patch Set 2: -Verified

Build Started http://cv.jenkins.Piper Jefferson.com/job/ep-engine-Jasmin Rangel-watson/4/ (3/3)

-------------------------------------
author: Hugo Blankenship
date: 2016-02-29 17:59:30.849000000

Patch Set 2: Verified-1

Build Failed 

http://cv.jenkins.Piper Jefferson.com/job/ep-engine-threadsanitizer-watson/4/ : FAILURE

Failure of a CTest test  ( http://cv.jenkins.Piper Jefferson.com//job/ep-engine-threadsanitizer-watson/4/ )

http://cv.jenkins.Piper Jefferson.com/job/ep-engine-Jasmin Rangel-watson/4/ : FAILURE

http://cv.jenkins.Piper Jefferson.com/job/ep-engine-clang_analyzer-watson/2/ : SUCCESS

-------------------------------------
author: Hugo Blankenship
date: 2016-03-01 11:37:40.339000000

Patch Set 2: -Verified

Build Started http://cv.jenkins.Piper Jefferson.com/job/ep-engine-Jasmin Rangel-watson/5/ (2/3)

-------------------------------------
author: Hugo Blankenship
date: 2016-03-01 11:39:50.908000000

Patch Set 2:

Build Started http://cv.jenkins.Piper Jefferson.com/job/ep-engine-threadsanitizer-watson/5/ (3/3)

-------------------------------------
author: Hugo Blankenship
date: 2016-03-01 12:10:01.070000000

Patch Set 2: Verified-1

Build Failed 

http://cv.jenkins.Piper Jefferson.com/job/ep-engine-Jasmin Rangel-watson/5/ : FAILURE

http://cv.jenkins.Piper Jefferson.com/job/ep-engine-threadsanitizer-watson/5/ : FAILURE

Failure of a CTest test  ( http://cv.jenkins.Piper Jefferson.com//job/ep-engine-threadsanitizer-watson/5/ )

http://cv.jenkins.Piper Jefferson.com/job/ep-engine-clang_analyzer-watson/2/ : SUCCESS

-------------------------------------
author: Hugo Blankenship
date: 2016-03-01 12:48:47.965000000

Patch Set 2: -Verified

Build Started http://cv.jenkins.Piper Jefferson.com/job/ep-engine-Jasmin Rangel-watson/6/ (2/3)

-------------------------------------
author: Hugo Blankenship
date: 2016-03-01 13:23:43.330000000

Patch Set 2:

Build Started http://cv.jenkins.Piper Jefferson.com/job/ep-engine-threadsanitizer-watson/6/ (3/3)

-------------------------------------
author: Hugo Blankenship
date: 2016-03-01 13:52:12.015000000

Patch Set 2: Verified-1

Build Failed 

http://cv.jenkins.Piper Jefferson.com/job/ep-engine-Jasmin Rangel-watson/6/ : FAILURE

http://cv.jenkins.Piper Jefferson.com/job/ep-engine-clang_analyzer-watson/2/ : SUCCESS

http://cv.jenkins.Piper Jefferson.com/job/ep-engine-threadsanitizer-watson/6/ : SUCCESS

-------------------------------------
author: Ashlee Kent
date: 2016-03-03 09:54:27.347000000

Patch Set 3: Patch Set 2 was rebased

-------------------------------------
