DESCRIPTION

[sync] Show separate node for tags in sync-dialog

Show all tags in separate node "tags" in synchronize with dialog

Change-Id: I9705d79b9d5703993cbf4db121373805530e0097
Signed-off-by: Leslie Stephenson xxx@xxx.xxx


COMMENTS

author: Douglas Trujillo
date: 2011-01-31 22:50:59.000000000

Patch Set 1: I would prefer that you didn't submit this; Build Failed

(2 inline comments)

showing "tags" in the combo named "Destination Repository" seems wrong to me. There could be tags in both the <local repository> and "origin".

Also some ui tests are failing:


org.eclipse.egit.ui--All tests
org.eclipse.egit.ui.test.AllTests
org.eclipse.egit.ui.test.AllLocalTests
org.eclipse.egit.ui.view.synchronize.SynchronizeViewTest
shouldCompareBranchAgainstTag(org.eclipse.egit.ui.view.synchronize.SynchronizeViewTest)
java.lang.RuntimeException: Item `v0.0' not found in combo box.
	at org.eclipse.swtbot.swt.finder.widgets.SWTBotCombo._setSelection(SWTBotCombo.java:110)
	at org.eclipse.swtbot.swt.finder.widgets.SWTBotCombo.setSelection(SWTBotCombo.java:92)
	at org.eclipse.egit.ui.view.synchronize.SynchronizeViewTest.shouldCompareBranchAgainstTag(SynchronizeViewTest.java:122)
	at sun.reflect.NativeMethodAccessorImpl.invoke0(Native Method)
	at sun.reflect.NativeMethodAccessorImpl.invoke(NativeMethodAccessorImpl.java:39)
	at sun.reflect.DelegatingMethodAccessorImpl.invoke(DelegatingMethodAccessorImpl.java:25)
	at java.lang.reflect.Method.invoke(Method.java:597)
	at org.junit.runners.model.FrameworkMethod$1.runReflectiveCall(FrameworkMethod.java:44)
	at org.junit.internal.runners.model.ReflectiveCallable.run(ReflectiveCallable.java:15)
	at org.junit.runners.model.FrameworkMethod.invokeExplosively(FrameworkMethod.java:41)
	at org.junit.internal.runners.statements.InvokeMethod.evaluate(InvokeMethod.java:20)
	at org.junit.internal.runners.statements.RunBefores.evaluate(RunBefores.java:28)
	at org.junit.internal.runners.statements.RunAfters.evaluate(RunAfters.java:31)
	at org.junit.runners.BlockJUnit4ClassRunner.runChild(BlockJUnit4ClassRunner.java:76)
	at org.junit.runners.BlockJUnit4ClassRunner.runChild(BlockJUnit4ClassRunner.java:50)
	at org.junit.runners.ParentRunner$3.run(ParentRunner.java:193)
	at org.junit.runners.ParentRunner$1.schedule(ParentRunner.java:52)
	at org.junit.runners.ParentRunner.runChildren(ParentRunner.java:191)
	at org.junit.runners.ParentRunner.access$000(ParentRunner.java:42)
	at org.junit.runners.ParentRunner$2.evaluate(ParentRunner.java:184)
	at org.junit.internal.runners.statements.RunBefores.evaluate(RunBefores.java:28)
	at org.junit.internal.runners.statements.RunAfters.evaluate(RunAfters.java:31)
	at org.junit.runners.ParentRunner.run(ParentRunner.java:236)
	at org.eclipse.swtbot.swt.finder.junit.SWTBotJunit4ClassRunner.run(SWTBotJunit4ClassRunner.java:54)
	at org.junit.runners.Suite.runChild(Suite.java:128)
	at org.junit.runners.Suite.runChild(Suite.java:24)
	at org.junit.runners.ParentRunner$3.run(ParentRunner.java:193)
	at org.junit.runners.ParentRunner$1.schedule(ParentRunner.java:52)
	at org.junit.runners.ParentRunner.runChildren(ParentRunner.java:191)
	at org.junit.runners.ParentRunner.access$000(ParentRunner.java:42)
	at org.junit.runners.ParentRunner$2.evaluate(ParentRunner.java:184)
	at org.junit.runners.ParentRunner.run(ParentRunner.java:236)
	at org.junit.runners.Suite.runChild(Suite.java:128)
	at org.junit.runners.Suite.runChild(Suite.java:24)
	at org.junit.runners.ParentRunner$3.run(ParentRunner.java:193)
	at org.junit.runners.ParentRunner$1.schedule(ParentRunner.java:52)
	at org.junit.runners.ParentRunner.runChildren(ParentRunner.java:191)
	at org.junit.runners.ParentRunner.access$000(ParentRunner.java:42)
	at org.junit.runners.ParentRunner$2.evaluate(ParentRunner.java:184)
	at org.junit.runners.ParentRunner.run(ParentRunner.java:236)
	at org.eclipse.jdt.internal.junit4.runner.JUnit4TestReference.run(JUnit4TestReference.java:49)
	at org.eclipse.jdt.internal.junit.runner.TestExecution.run(TestExecution.java:38)
	at org.eclipse.jdt.internal.junit.runner.RemoteTestRunner.runTests(RemoteTestRunner.java:467)
	at org.eclipse.jdt.internal.junit.runner.RemoteTestRunner.runTests(RemoteTestRunner.java:683)
	at org.eclipse.jdt.internal.junit.runner.RemoteTestRunner.run(RemoteTestRunner.java:390)
	at org.eclipse.swtbot.eclipse.core.RemotePluginTestRunner.main(RemotePluginTestRunner.java:64)
	at org.eclipse.swtbot.eclipse.core.UITestApplication.runTests(UITestApplication.java:117)
	at org.eclipse.ui.internal.testing.WorkbenchTestable$1.run(WorkbenchTestable.java:71)
	at java.lang.Thread.run(Thread.java:680)

shouldCompareTagAgainstTag(org.eclipse.egit.ui.view.synchronize.SynchronizeViewTest)
java.lang.RuntimeException: Item `v0.1' not found in combo box.
	at org.eclipse.swtbot.swt.finder.widgets.SWTBotCombo._setSelection(SWTBotCombo.java:110)
	at org.eclipse.swtbot.swt.finder.widgets.SWTBotCombo.setSelection(SWTBotCombo.java:92)
	at org.eclipse.egit.ui.view.synchronize.SynchronizeViewTest.shouldCompareTagAgainstTag(SynchronizeViewTest.java:161)
	at sun.reflect.NativeMethodAccessorImpl.invoke0(Native Method)
	at sun.reflect.NativeMethodAccessorImpl.invoke(NativeMethodAccessorImpl.java:39)
	at sun.reflect.DelegatingMethodAccessorImpl.invoke(DelegatingMethodAccessorImpl.java:25)
	at java.lang.reflect.Method.invoke(Method.java:597)
	at org.junit.runners.model.FrameworkMethod$1.runReflectiveCall(FrameworkMethod.java:44)
	at org.junit.internal.runners.model.ReflectiveCallable.run(ReflectiveCallable.java:15)
	at org.junit.runners.model.FrameworkMethod.invokeExplosively(FrameworkMethod.java:41)
	at org.junit.internal.runners.statements.InvokeMethod.evaluate(InvokeMethod.java:20)
	at org.junit.internal.runners.statements.RunBefores.evaluate(RunBefores.java:28)
	at org.junit.internal.runners.statements.RunAfters.evaluate(RunAfters.java:31)
	at org.junit.runners.BlockJUnit4ClassRunner.runChild(BlockJUnit4ClassRunner.java:76)
	at org.junit.runners.BlockJUnit4ClassRunner.runChild(BlockJUnit4ClassRunner.java:50)
	at org.junit.runners.ParentRunner$3.run(ParentRunner.java:193)
	at org.junit.runners.ParentRunner$1.schedule(ParentRunner.java:52)
	at org.junit.runners.ParentRunner.runChildren(ParentRunner.java:191)
	at org.junit.runners.ParentRunner.access$000(ParentRunner.java:42)
	at org.junit.runners.ParentRunner$2.evaluate(ParentRunner.java:184)
	at org.junit.internal.runners.statements.RunBefores.evaluate(RunBefores.java:28)
	at org.junit.internal.runners.statements.RunAfters.evaluate(RunAfters.java:31)
	at org.junit.runners.ParentRunner.run(ParentRunner.java:236)
	at org.eclipse.swtbot.swt.finder.junit.SWTBotJunit4ClassRunner.run(SWTBotJunit4ClassRunner.java:54)
	at org.junit.runners.Suite.runChild(Suite.java:128)
	at org.junit.runners.Suite.runChild(Suite.java:24)
	at org.junit.runners.ParentRunner$3.run(ParentRunner.java:193)
	at org.junit.runners.ParentRunner$1.schedule(ParentRunner.java:52)
	at org.junit.runners.ParentRunner.runChildren(ParentRunner.java:191)
	at org.junit.runners.ParentRunner.access$000(ParentRunner.java:42)
	at org.junit.runners.ParentRunner$2.evaluate(ParentRunner.java:184)
	at org.junit.runners.ParentRunner.run(ParentRunner.java:236)
	at org.junit.runners.Suite.runChild(Suite.java:128)
	at org.junit.runners.Suite.runChild(Suite.java:24)
	at org.junit.runners.ParentRunner$3.run(ParentRunner.java:193)
	at org.junit.runners.ParentRunner$1.schedule(ParentRunner.java:52)
	at org.junit.runners.ParentRunner.runChildren(ParentRunner.java:191)
	at org.junit.runners.ParentRunner.access$000(ParentRunner.java:42)
	at org.junit.runners.ParentRunner$2.evaluate(ParentRunner.java:184)
	at org.junit.runners.ParentRunner.run(ParentRunner.java:236)
	at org.eclipse.jdt.internal.junit4.runner.JUnit4TestReference.run(JUnit4TestReference.java:49)
	at org.eclipse.jdt.internal.junit.runner.TestExecution.run(TestExecution.java:38)
	at org.eclipse.jdt.internal.junit.runner.RemoteTestRunner.runTests(RemoteTestRunner.java:467)
	at org.eclipse.jdt.internal.junit.runner.RemoteTestRunner.runTests(RemoteTestRunner.java:683)
	at org.eclipse.jdt.internal.junit.runner.RemoteTestRunner.run(RemoteTestRunner.java:390)
	at org.eclipse.swtbot.eclipse.core.RemotePluginTestRunner.main(RemotePluginTestRunner.java:64)
	at org.eclipse.swtbot.eclipse.core.UITestApplication.runTests(UITestApplication.java:117)
	at org.eclipse.ui.internal.testing.WorkbenchTestable$1.run(WorkbenchTestable.java:71)
	at java.lang.Thread.run(Thread.java:680)

Line:124, org.eclipse.egit.ui/src/org/eclipse/egit/ui/internal/actions/SynchronizeWithActionHandler.java -> typo ? s/createSyncRrepoEntity/createSyncReposEntity/

Line:130, org.eclipse.egit.ui/src/org/eclipse/egit/ui/internal/actions/SynchronizeWithActionHandler.java -> typo in method name s/createSyncRrepoEntity/createSyncRepoEntity/

-------------------------------------
author: Leslie Stephenson
date: 2011-02-01 16:38:19.000000000

Patch Set 1: (2 inline comments)

git-tag command doesn't distinguish tags on 'local' and 'remote', we also can't it distinguish from Repository.getAllRefs().keySet() because each tags starts with 'ref/tags'. If you would like, we can change labels to 'Source point' and 'Destination point' instead of 'Source Repository' and 'Destination Repository'.

Line:124, org.eclipse.egit.ui/src/org/eclipse/egit/ui/internal/actions/SynchronizeWithActionHandler.java -> Done

Line:130, org.eclipse.egit.ui/src/org/eclipse/egit/ui/internal/actions/SynchronizeWithActionHandler.java -> Done

-------------------------------------
