DESCRIPTION

[sync] Clean up in SynchronizeViewTest

Use global INITIAL_TAG value instead of creating unique tag in test cases.

All waits for synchronization finish can be removed because
launchSynchronization() method adds specialized hook for synchronization
finish.

All common code was moved into private methods and then reused.

Change-Id: Idb63bce080ea9ed061ab64bb8004209afcac6639
Signed-off-by: Leslie Stephenson xxx@xxx.xxx


COMMENTS

author: Leslie Stephenson
date: 2011-02-24 19:32:55.000000000

Uploaded patch set 4.

-------------------------------------
author: Marlie Beasley
date: 2011-02-25 14:49:12.000000000

Patch Set 4: I would prefer that you didn't submit this

Fails on Ubunto on run #2

org.eclipse.swtbot.swt.finder.widgets.TimeoutException: Timeout after: 10000 ms.: null
	at org.eclipse.swtbot.swt.finder.SWTBotFactory.waitUntil(SWTBotFactory.java:398)
	at org.eclipse.swtbot.swt.finder.SWTBotFactory.waitUntil(SWTBotFactory.java:372)
	at org.eclipse.egit.ui.test.TestUtil.waitUntilTreeHasNodeContainsText(TestUtil.java:187)
	at org.eclipse.egit.ui.view.synchronize.SynchronizeViewTest.waitForNodeWithText(SynchronizeViewTest.java:595)
	at org.eclipse.egit.ui.view.synchronize.SynchronizeViewTest.shouldListFileDeletedChange(SynchronizeViewTest.java:188)
	at sun.reflect.NativeMethodAccessorImpl.invoke0(Native Method)
	at sun.reflect.NativeMethodAccessorImpl.invoke(NativeMethodAccessorImpl.java:39)
	at sun.reflect.DelegatingMethodAccessorImpl.invoke(DelegatingMethodAccessorImpl.java:25)
	at java.lang.reflect.Method.invoke(Method.java:597)
	at org.junit.runners.model.FrameworkMethod$1.runReflectiveCall(FrameworkMethod.java:44)
	at org.junit.internal.runners.model.ReflectiveCallable.run(ReflectiveCallable.java:15)
	at org.junit.runners.model.FrameworkMethod.invokeExplosively(FrameworkMethod.java:41)
	at org.junit.internal.runners.statements.InvokeMethod.evaluate(InvokeMethod.java:20)
	at org.junit.internal.runners.statements.RunBefores.evaluate(RunBefores.java:28)
	at org.junit.internal.runners.statements.RunAfters.evaluate(RunAfters.java:31)
	at org.junit.runners.BlockJUnit4ClassRunner.runChild(BlockJUnit4ClassRunner.java:76)
	at org.junit.runners.BlockJUnit4ClassRunner.runChild(BlockJUnit4ClassRunner.java:50)
	at org.junit.runners.ParentRunner$3.run(ParentRunner.java:193)
	at org.junit.runners.ParentRunner$1.schedule(ParentRunner.java:52)
	at org.junit.runners.ParentRunner.runChildren(ParentRunner.java:191)
	at org.junit.runners.ParentRunner.access$000(ParentRunner.java:42)
	at org.junit.runners.ParentRunner$2.evaluate(ParentRunner.java:184)
	at org.junit.internal.runners.statements.RunBefores.evaluate(RunBefores.java:28)
	at org.junit.internal.runners.statements.RunAfters.evaluate(RunAfters.java:31)
	at org.junit.runners.ParentRunner.run(ParentRunner.java:236)
	at org.eclipse.swtbot.swt.finder.junit.SWTBotJunit4ClassRunner.run(SWTBotJunit4ClassRunner.java:54)
	at org.eclipse.jdt.internal.junit4.runner.JUnit4TestReference.run(JUnit4TestReference.java:49)
	at org.eclipse.jdt.internal.junit.runner.TestExecution.run(TestExecution.java:38)
	at org.eclipse.jdt.internal.junit.runner.RemoteTestRunner.runTests(RemoteTestRunner.java:467)
	at org.eclipse.jdt.internal.junit.runner.RemoteTestRunner.runTests(RemoteTestRunner.java:683)
	at org.eclipse.jdt.internal.junit.runner.RemoteTestRunner.run(RemoteTestRunner.java:390)
	at org.eclipse.swtbot.eclipse.core.RemotePluginTestRunner.main(RemotePluginTestRunner.java:64)
	at org.eclipse.swtbot.eclipse.core.UITestApplication.runTests(UITestApplication.java:117)
	at org.eclipse.ui.internal.testing.WorkbenchTestable$1.run(WorkbenchTestable.java:71)
	at java.lang.Thread.run(Thread.java:662)

-------------------------------------
author: Marlie Beasley
date: 2011-02-25 14:50:44.000000000

Patch Set 4:

Fails on Win 7 on run #10


org.eclipse.swtbot.swt.finder.widgets.TimeoutException: Timeout after: 10000 ms.: null
	at org.eclipse.swtbot.swt.finder.SWTBotFactory.waitUntil(SWTBotFactory.java:398)
	at org.eclipse.swtbot.swt.finder.SWTBotFactory.waitUntil(SWTBotFactory.java:372)
	at org.eclipse.egit.ui.test.TestUtil.waitUntilTreeHasNodeContainsText(TestUtil.java:187)
	at org.eclipse.egit.ui.view.synchronize.SynchronizeViewTest.waitForNodeWithText(SynchronizeViewTest.java:595)
	at org.eclipse.egit.ui.view.synchronize.SynchronizeViewTest.getCompareEditorForFileInGitChangeSet(SynchronizeViewTest.java:579)
	at org.eclipse.egit.ui.view.synchronize.SynchronizeViewTest.shouldOpenCompareEditorInGitChangeSet(SynchronizeViewTest.java:153)
	at sun.reflect.NativeMethodAccessorImpl.invoke0(Native Method)
	at sun.reflect.NativeMethodAccessorImpl.invoke(Unknown Source)
	at sun.reflect.DelegatingMethodAccessorImpl.invoke(Unknown Source)
	at java.lang.reflect.Method.invoke(Unknown Source)
	at org.junit.runners.model.FrameworkMethod$1.runReflectiveCall(FrameworkMethod.java:44)
	at org.junit.internal.runners.model.ReflectiveCallable.run(ReflectiveCallable.java:15)
	at org.junit.runners.model.FrameworkMethod.invokeExplosively(FrameworkMethod.java:41)
	at org.junit.internal.runners.statements.InvokeMethod.evaluate(InvokeMethod.java:20)
	at org.junit.internal.runners.statements.RunBefores.evaluate(RunBefores.java:28)
	at org.junit.internal.runners.statements.RunAfters.evaluate(RunAfters.java:31)
	at org.junit.runners.BlockJUnit4ClassRunner.runChild(BlockJUnit4ClassRunner.java:76)
	at org.junit.runners.BlockJUnit4ClassRunner.runChild(BlockJUnit4ClassRunner.java:50)
	at org.junit.runners.ParentRunner$3.run(ParentRunner.java:193)
	at org.junit.runners.ParentRunner$1.schedule(ParentRunner.java:52)
	at org.junit.runners.ParentRunner.runChildren(ParentRunner.java:191)
	at org.junit.runners.ParentRunner.access$000(ParentRunner.java:42)
	at org.junit.runners.ParentRunner$2.evaluate(ParentRunner.java:184)
	at org.junit.internal.runners.statements.RunBefores.evaluate(RunBefores.java:28)
	at org.junit.internal.runners.statements.RunAfters.evaluate(RunAfters.java:31)
	at org.junit.runners.ParentRunner.run(ParentRunner.java:236)
	at org.eclipse.swtbot.swt.finder.junit.SWTBotJunit4ClassRunner.run(SWTBotJunit4ClassRunner.java:54)
	at org.eclipse.jdt.internal.junit4.runner.JUnit4TestReference.run(JUnit4TestReference.java:49)
	at org.eclipse.jdt.internal.junit.runner.TestExecution.run(TestExecution.java:38)
	at org.eclipse.jdt.internal.junit.runner.RemoteTestRunner.runTests(RemoteTestRunner.java:467)
	at org.eclipse.jdt.internal.junit.runner.RemoteTestRunner.runTests(RemoteTestRunner.java:683)
	at org.eclipse.jdt.internal.junit.runner.RemoteTestRunner.run(RemoteTestRunner.java:390)
	at org.eclipse.swtbot.eclipse.core.RemotePluginTestRunner.main(RemotePluginTestRunner.java:64)
	at org.eclipse.swtbot.eclipse.core.UITestApplication.runTests(UITestApplication.java:117)
	at org.eclipse.ui.internal.testing.WorkbenchTestable$1.run(WorkbenchTestable.java:71)
	at java.lang.Thread.run(Unknown Source)

-------------------------------------
author: Leslie Stephenson
date: 2011-02-28 18:55:15.000000000

Patch Set 4:

I don't have any idea why those tests are failing :| Maybe you can give me some hints?

-------------------------------------
