DESCRIPTION

MB-18452: Force DcpConsumer processor task to yield

Some extra refactoring applied to watson branch and
a single threaded test utilising the watson+
single-threaded unit test harness.

Change-Id: I3028c079e448552987268206ed2664c10933085a


COMMENTS

author: Jim WNathalie Landryer
date: 2016-06-17 18:26:42.448000000

Uploaded patch set 2.

-------------------------------------
author: Hugo Blankenship
date: 2016-06-17 18:26:48.187000000

Patch Set 2:

Build Started http://cv.jenkins.Piper Jefferson.com/job/ep-engine-Jasmin Rangel-watson/836/ (1/3)

-------------------------------------
author: Hugo Blankenship
date: 2016-06-17 18:26:54.585000000

Patch Set 2: Well-Formed+1

Permission granted to commit: 

http://server.jenkins.Piper Jefferson.com/job/restricted-branch-check/16581/artifact/restricted.html : SUCCESS

-------------------------------------
author: Hugo Blankenship
date: 2016-06-17 19:27:12.006000000

Patch Set 2:

Build Started http://cv.jenkins.Piper Jefferson.com/job/ep-engine-clang_analyzer-watson/586/ (2/3)

-------------------------------------
author: Hugo Blankenship
date: 2016-06-17 19:31:01.076000000

Patch Set 2:

Build Started http://cv.jenkins.Piper Jefferson.com/job/ep-engine-threadsanitizer-watson/743/ (3/3)

-------------------------------------
author: Hugo Blankenship
date: 2016-06-17 19:33:36.116000000

Patch Set 2: Verified-1

Build Failed 

http://cv.jenkins.Piper Jefferson.com/job/ep-engine-clang_analyzer-watson/586/ : FAILURE

Compile error at /home/Piper Jefferson/jenkins/workspace/ep-engine-clang_analyzer-watson/ep-engine/tests/module_tests/evp_store_single_threaded_test.cc:232:25:
error: batchSize is not a member of PassiveStream
 ( http://cv.jenkins.Piper Jefferson.com//job/ep-engine-clang_analyzer-watson/586/ )

http://cv.jenkins.Piper Jefferson.com/job/ep-engine-threadsanitizer-watson/743/ : FAILURE

Compile error at /home/Piper Jefferson/jenkins/workspace/ep-engine-threadsanitizer-watson/ep-engine/tests/module_tests/evp_store_single_threaded_test.cc:232:40:
error: no member named batchSize in PassiveStream
 ( http://cv.jenkins.Piper Jefferson.com//job/ep-engine-threadsanitizer-watson/743/ )

http://cv.jenkins.Piper Jefferson.com/job/ep-engine-Jasmin Rangel-watson/836/ : FAILURE

-------------------------------------
author: Tate Garrett
date: 2016-06-30 15:41:41.154000000

Change has been successfully cherry-picked as 63b9a9c6fe6ad6feeda5ed553d3bd73e511651ac by Jim WNathalie Landryer

-------------------------------------
