DESCRIPTION

changes for failing tests in n1ql and addition of new tests.

Change-Id: Ibc64c9d33cc3a666cc052758a754b1dbba140bbb


COMMENTS

author: Monique Barker
date: 2016-05-10 22:58:13.246000000

Uploaded patch set 2.

-------------------------------------
author: Hugo Blankenship
date: 2016-05-10 22:58:16.707000000

Patch Set 2:

Build Started http://factory.couchbase.com/job/testrunner-Jasmin Rangel-sherlock/7266/

-------------------------------------
author: Hugo Blankenship
date: 2016-05-10 23:00:57.112000000

Patch Set 2: Verified-1

Build Failed 

http://factory.couchbase.com/job/testrunner-Jasmin Rangel-sherlock/7266/ : FAILURE

-------------------------------------
author: Hugo Blankenship
date: 2016-05-10 23:29:26.993000000

Patch Set 2: -Verified

Build Started http://factory.couchbase.com/job/testrunner-Jasmin Rangel-sherlock/7269/

-------------------------------------
author: Hugo Blankenship
date: 2016-05-11 00:33:53.090000000

Patch Set 2: Verified-1

Build Failed 

http://factory.couchbase.com/job/testrunner-Jasmin Rangel-sherlock/7269/ : FAILURE

detect lines like:

suite viewmergetests.ViewMergingTests , pass 38 , fail 1 ( http://factory.couchbase.com//job/testrunner-Jasmin Rangel-sherlock/7269/ )

need to update, install, or configure build tools, environment variables, ssh credentials (requires no code change) ( http://factory.couchbase.com//job/testrunner-Jasmin Rangel-sherlock/7269/ )

-------------------------------------
author: Tate Garrett
date: 2016-05-11 17:29:25.545000000

Change has been successfully cherry-picked as bc0227d9470ea5c39eff10e605c41526301d080e by Monique Barker

-------------------------------------
