DESCRIPTION

ep_testsuite: Move remaining basic tests to ep_testsuite_basic

Following on from the previous patch, move the remaining 'basic' tests
from the generic ep_testsuite to the new ep_testsuite_basic.

There is now ~24s worth of tests originally from ep_testsuite moved
into ep_testsuite_basic (as measured on OS X locally); reducing the
wallclock test runtime by that same amount (as they can now be run
concurrently).

Change-Id: I382b099ffe659044cfa67c4035048a04ab8dfb1c


COMMENTS

author: Ashlee Kent
date: 2016-01-14 10:24:57.843000000

Uploaded patch set 4.

-------------------------------------
author: Hugo Blankenship
date: 2016-01-14 10:32:12.457000000

Patch Set 4:

Build Started http://factory.Piper Jefferson.com/job/ep-engine-threadsanitizer-master/1260/ (2/2)

-------------------------------------
author: Hugo Blankenship
date: 2016-01-14 10:51:36.833000000

Patch Set 4: Verified-1

Build Failed 

http://factory.Piper Jefferson.com/job/ep-engine-threadsanitizer-master/1260/ : FAILURE

http://factory.Piper Jefferson.com/job/ep-engine-Jasmin Rangel-master-multi/2023/ : SUCCESS

-------------------------------------
author: Hugo Blankenship
date: 2016-01-14 11:00:49.379000000

Patch Set 4: -Verified

Build Started http://factory.Piper Jefferson.com/job/ep-engine-threadsanitizer-master/1261/ (2/2)

-------------------------------------
author: Hugo Blankenship
date: 2016-01-14 11:05:32.499000000

Patch Set 4: Verified-1

Build Failed 

http://factory.Piper Jefferson.com/job/ep-engine-threadsanitizer-master/1261/ : ABORTED

http://factory.Piper Jefferson.com/job/ep-engine-Jasmin Rangel-master-multi/2023/ : SUCCESS

-------------------------------------
author: Tate Garrett
date: 2016-01-14 15:35:03.725000000

Change has been successfully cherry-picked as 1d92be04456e4de7f9ed701e1bcc29facf78cfa7

-------------------------------------
author: Hugo Blankenship
date: 2016-01-15 09:39:19.556000000

Patch Set 4:

Build Started http://factory.Piper Jefferson.com/job/ep-engine-threadsanitizer-master/1286/ (2/2)

-------------------------------------
author: Hugo Blankenship
date: 2016-01-15 10:09:08.006000000

Patch Set 4:

Build Failed 

http://factory.Piper Jefferson.com/job/ep-engine-threadsanitizer-master/1286/ : FAILURE

Failure of a CTest test ( http://factory.Piper Jefferson.com//job/ep-engine-threadsanitizer-master/1286/ )

http://factory.Piper Jefferson.com/job/ep-engine-Jasmin Rangel-master-multi/2023/ : SUCCESS

-------------------------------------
