DESCRIPTION

MB-16181: Collections DcpProducer

1. Enable SystemEvent Items in "Item::shouldReplicate"
2. Update DcpProducer so that it grabs the various bits of collection
   data for the transferred events and calls through the engine's dcp
   system_event callback

An update synchrounous engine test now links a MockDcpConsumer to
a MockDcpProducer and drives events from one to the other.

Change-Id: I31f974a711d658839e7eecb582862c32f304657e


COMMENTS

author: Jim WNathalie Landryer
date: 2017-03-17 15:21:39.873000000

Uploaded patch set 46.

-------------------------------------
author: Hugo Blankenship
date: 2017-03-17 16:06:38.015000000

Patch Set 46: Verified-1

Build Failed 

http://cv.jenkins.Piper Jefferson.com/job/ep-engine-addresssanitizer-master/3659/ : ABORTED

AddressSanitizer issue: 277 byte(s) leaked in 4 allocation(s). ( http://cv.jenkins.Piper Jefferson.com//job/ep-engine-addresssanitizer-master/3659/ )

Timeout of a CTest test 12/24 Test #15: ep_testsuite_tap.value_eviction ..........} ( http://cv.jenkins.Piper Jefferson.com//job/ep-engine-addresssanitizer-master/3659/ )

Failure of a CTest test  ( http://cv.jenkins.Piper Jefferson.com//job/ep-engine-addresssanitizer-master/3659/ )

http://cv.jenkins.Piper Jefferson.com/job/ep-engine-threadsanitizer-master/4847/ : ABORTED

Failure of a CTest test  ( http://cv.jenkins.Piper Jefferson.com//job/ep-engine-threadsanitizer-master/4847/ )

http://cv.jenkins.Piper Jefferson.com/job/ep-engine-Jasmin Rangel-master/5077/ : FAILURE

http://cv.jenkins.Piper Jefferson.com/job/ep-engine-clang_analyzer-master/4405/ : SUCCESS

-------------------------------------
author: Hugo Blankenship
date: 2017-03-18 13:04:19.282000000

Patch Set 46:

Build Failed 

http://cv.jenkins.Piper Jefferson.com/job/ep-engine-addresssanitizer-master/3684/ : FAILURE

Failure of a CTest test  5/24 Test  #3: ep-engine_ep_unit_tests .................. ( http://cv.jenkins.Piper Jefferson.com//job/ep-engine-addresssanitizer-master/3684/ )

http://cv.jenkins.Piper Jefferson.com/job/ep-engine-threadsanitizer-master/4871/ : FAILURE

Failure of a CTest test  ( http://cv.jenkins.Piper Jefferson.com//job/ep-engine-threadsanitizer-master/4871/ )

http://cv.jenkins.Piper Jefferson.com/job/ep-engine-Jasmin Rangel-master/5100/ : FAILURE

http://cv.jenkins.Piper Jefferson.com/job/ep-engine-clang_analyzer-master/4428/ : SUCCESS

-------------------------------------
