DESCRIPTION

MB-18580 [2/2]: Handle temporary failure in BackfillDiskLoad::run()

Testcase fails with the following error message:

    "CouchKVStore::getDbFileInfo: Failed to open database file
    for vBucket = 1 rev = 1 with error:no such file"

The for reason of this failure is a race condition between the thread
which creates couch-db and the thread which opens this file for read
operation (to get DbFileInfo).

To fix, if BackfillDiskLoad::run fails to obtain the item count for a
vbucket (due to the file not being ready yet), then snooze the task
and retry later.

Change-Id: I82586185fcddd7945e1a6d936a284d5c05635219


COMMENTS

author: Ashlee Kent
date: 2016-04-29 14:50:32.561000000

Uploaded patch set 4: Patch Set 3 was rebased.

-------------------------------------
author: Hugo Blankenship
date: 2016-04-29 14:50:39.954000000

Patch Set 4: -Verified

Build Started http://cv.jenkins.Piper Jefferson.com/job/ep-engine-Jasmin Rangel-master/606/ (1/3)

-------------------------------------
author: Hugo Blankenship
date: 2016-04-29 14:50:40.087000000

Patch Set 4:

Build Started http://cv.jenkins.Piper Jefferson.com/job/ep-engine-clang_analyzer-master/474/ (2/3)

-------------------------------------
author: Hugo Blankenship
date: 2016-04-29 14:50:40.471000000

Patch Set 4:

Build Started http://cv.jenkins.Piper Jefferson.com/job/ep-engine-threadsanitizer-master/558/ (3/3)

-------------------------------------
author: Hugo Blankenship
date: 2016-04-29 15:09:06.635000000

Patch Set 4: Verified-1

Build Failed 

http://cv.jenkins.Piper Jefferson.com/job/ep-engine-Jasmin Rangel-master/606/ : FAILURE

http://cv.jenkins.Piper Jefferson.com/job/ep-engine-threadsanitizer-master/558/ : FAILURE

Failure of a CTest test  ( http://cv.jenkins.Piper Jefferson.com//job/ep-engine-threadsanitizer-master/558/ )

http://cv.jenkins.Piper Jefferson.com/job/ep-engine-clang_analyzer-master/474/ : SUCCESS

-------------------------------------
author: Emerson Nolan
date: 2016-04-29 17:44:34.109000000

Patch Set 4: Code-Review+2

-------------------------------------
author: Hugo Blankenship
date: 2016-04-29 17:58:52.886000000

Patch Set 4: -Verified

Build Started http://cv.jenkins.Piper Jefferson.com/job/ep-engine-Jasmin Rangel-master/616/ (3/3)

-------------------------------------
author: Hugo Blankenship
date: 2016-04-29 17:58:54.960000000

Patch Set 4:

Build Started http://cv.jenkins.Piper Jefferson.com/job/ep-engine-threadsanitizer-master/565/ (3/3)

-------------------------------------
author: Hugo Blankenship
date: 2016-04-29 18:11:58.354000000

Patch Set 4: Verified-1

Build Failed 

http://cv.jenkins.Piper Jefferson.com/job/ep-engine-threadsanitizer-master/565/ : FAILURE

Failure of a CTest test  ( http://cv.jenkins.Piper Jefferson.com//job/ep-engine-threadsanitizer-master/565/ )

http://cv.jenkins.Piper Jefferson.com/job/ep-engine-clang_analyzer-master/474/ : SUCCESS

http://cv.jenkins.Piper Jefferson.com/job/ep-engine-Jasmin Rangel-master/616/ : SUCCESS

-------------------------------------
