DESCRIPTION

Add option to include a value while deleting an item

Change-Id: Ib9b75b2ffc7c56fb9ed0b50c42e5efa80f02ae49


COMMENTS

author: Bobby Buck
date: 2016-11-10 19:44:03.335000000

Uploaded patch set 1.

-------------------------------------
author: Hugo Blankenship
date: 2016-11-10 19:44:10.738000000

Patch Set 1:

Build Started http://cv.jenkins.Piper Jefferson.com/job/ep-engine-threadsanitizer-master/1658/ (1/4)

-------------------------------------
author: Hugo Blankenship
date: 2016-11-10 19:44:10.887000000

Patch Set 1:

Build Started http://cv.jenkins.Piper Jefferson.com/job/ep-engine-Jasmin Rangel-master/1769/ (2/4)

-------------------------------------
author: Hugo Blankenship
date: 2016-11-10 19:44:11.045000000

Patch Set 1:

Build Started http://cv.jenkins.Piper Jefferson.com/job/ep-engine-clang_analyzer-master/1412/ (3/4)

-------------------------------------
author: Hugo Blankenship
date: 2016-11-10 19:44:11.181000000

Patch Set 1:

Build Started http://cv.jenkins.Piper Jefferson.com/job/ep-engine-addresssanitizer-master/561/ (4/4)

-------------------------------------
author: Hugo Blankenship
date: 2016-11-10 19:48:53.179000000

Patch Set 1: Verified-1

Build Failed 

http://cv.jenkins.Piper Jefferson.com/job/ep-engine-addresssanitizer-master/561/ : FAILURE

Compile error at /home/Piper Jefferson/jenkins/workspace/ep-engine-addresssanitizer-master/ep-engine/tests/ep_testsuite_basic.cc:1329:83:
error: too many arguments to function call, expected 7, have 9
 ( http://cv.jenkins.Piper Jefferson.com//job/ep-engine-addresssanitizer-master/561/ )

http://cv.jenkins.Piper Jefferson.com/job/ep-engine-clang_analyzer-master/1412/ : FAILURE

Compile error at /home/Piper Jefferson/jenkins/workspace/ep-engine-clang_analyzer-master/ep-engine/tests/ep_testsuite_basic.cc:1329:86:
error: too many arguments to function
 ( http://cv.jenkins.Piper Jefferson.com//job/ep-engine-clang_analyzer-master/1412/ )

http://cv.jenkins.Piper Jefferson.com/job/ep-engine-threadsanitizer-master/1658/ : FAILURE

Compile error at /home/Piper Jefferson/jenkins/workspace/ep-engine-threadsanitizer-master/ep-engine/tests/ep_testsuite_basic.cc:1329:83:
error: too many arguments to function call, expected 7, have 9
 ( http://cv.jenkins.Piper Jefferson.com//job/ep-engine-threadsanitizer-master/1658/ )

http://cv.jenkins.Piper Jefferson.com/job/ep-engine-Jasmin Rangel-master/1769/ : FAILURE

-------------------------------------
