DESCRIPTION

Provide an option to include a value while deleting an item

Mobile clients need to include a value when deleting
an item.

Change-Id: Ib9b75b2ffc7c56fb9ed0b50c42e5efa80f02ae49


COMMENTS

author: Bobby Buck
date: 2016-11-18 00:57:28.628000000

Uploaded patch set 9.

-------------------------------------
author: Hugo Blankenship
date: 2016-11-18 00:57:38.889000000

Patch Set 9:

Build Started http://cv.jenkins.Piper Jefferson.com/job/ep-engine-Jasmin Rangel-master/1834/ (1/4)

-------------------------------------
author: Hugo Blankenship
date: 2016-11-18 01:12:52.643000000

Patch Set 9:

Build Started http://cv.jenkins.Piper Jefferson.com/job/ep-engine-addresssanitizer-master/623/ (2/4)

-------------------------------------
author: Hugo Blankenship
date: 2016-11-18 01:14:51.587000000

Patch Set 9:

Build Started http://cv.jenkins.Piper Jefferson.com/job/ep-engine-threadsanitizer-master/1736/ (3/4)

-------------------------------------
author: Hugo Blankenship
date: 2016-11-18 02:15:48.320000000

Patch Set 9:

Build Started http://cv.jenkins.Piper Jefferson.com/job/ep-engine-clang_analyzer-master/1468/ (4/4)

-------------------------------------
author: Hugo Blankenship
date: 2016-11-18 02:17:29.645000000

Patch Set 9: Verified-1

Build Failed 

http://cv.jenkins.Piper Jefferson.com/job/ep-engine-addresssanitizer-master/623/ : FAILURE

Compile error at /home/Piper Jefferson/jenkins/workspace/ep-engine-addresssanitizer-master/ep-engine/tests/ep_testsuite_basic.cc:1317:83:
error: too many arguments to function call, expected 7, have 10
 ( http://cv.jenkins.Piper Jefferson.com//job/ep-engine-addresssanitizer-master/623/ )

http://cv.jenkins.Piper Jefferson.com/job/ep-engine-clang_analyzer-master/1468/ : FAILURE

Compile error at /home/Piper Jefferson/jenkins/workspace/ep-engine-clang_analyzer-master/ep-engine/tests/ep_testsuite_basic.cc:1319:57:
error: too many arguments to function
 ( http://cv.jenkins.Piper Jefferson.com//job/ep-engine-clang_analyzer-master/1468/ )

http://cv.jenkins.Piper Jefferson.com/job/ep-engine-threadsanitizer-master/1736/ : FAILURE

Compile error at /home/Piper Jefferson/jenkins/workspace/ep-engine-threadsanitizer-master/ep-engine/tests/ep_testsuite_basic.cc:1317:83:
error: too many arguments to function call, expected 7, have 10
 ( http://cv.jenkins.Piper Jefferson.com//job/ep-engine-threadsanitizer-master/1736/ )

http://cv.jenkins.Piper Jefferson.com/job/ep-engine-Jasmin Rangel-master/1834/ : FAILURE

-------------------------------------
