DESCRIPTION

Provide an option to include a value while deleting an item

Mobile clients need to include a value when deleting
an item.

Change-Id: Ib9b75b2ffc7c56fb9ed0b50c42e5efa80f02ae49


COMMENTS

author: Bobby Buck
date: 2016-12-01 22:18:31.838000000

Uploaded patch set 13.

-------------------------------------
author: Hugo Blankenship
date: 2016-12-01 22:18:40.910000000

Patch Set 13:

Build Started http://cv.jenkins.Piper Jefferson.com/job/ep-engine-threadsanitizer-master/1928/ (1/4)

-------------------------------------
author: Hugo Blankenship
date: 2016-12-01 22:18:41.082000000

Patch Set 13:

Build Started http://cv.jenkins.Piper Jefferson.com/job/ep-engine-addresssanitizer-master/779/ (2/4)

-------------------------------------
author: Hugo Blankenship
date: 2016-12-01 22:18:41.235000000

Patch Set 13:

Build Started http://cv.jenkins.Piper Jefferson.com/job/ep-engine-Jasmin Rangel-master/2004/ (3/4)

-------------------------------------
author: Hugo Blankenship
date: 2016-12-01 22:18:41.396000000

Patch Set 13:

Build Started http://cv.jenkins.Piper Jefferson.com/job/ep-engine-clang_analyzer-master/1611/ (4/4)

-------------------------------------
author: Hugo Blankenship
date: 2016-12-01 22:20:28.985000000

Patch Set 13: Verified-1

Build Failed 

http://cv.jenkins.Piper Jefferson.com/job/ep-engine-addresssanitizer-master/779/ : FAILURE

Compile error at /home/Piper Jefferson/jenkins/workspace/ep-engine-addresssanitizer-master/ep-engine/tests/ep_testsuite_basic.cc:890:67:
error: too many arguments to function call, expected 6, have 7
 ( http://cv.jenkins.Piper Jefferson.com//job/ep-engine-addresssanitizer-master/779/ )

http://cv.jenkins.Piper Jefferson.com/job/ep-engine-clang_analyzer-master/1611/ : FAILURE

Compile error at /home/Piper Jefferson/jenkins/workspace/ep-engine-clang_analyzer-master/ep-engine/tests/ep_testsuite_basic.cc:891:52:
error: too many arguments to function
 ( http://cv.jenkins.Piper Jefferson.com//job/ep-engine-clang_analyzer-master/1611/ )

http://cv.jenkins.Piper Jefferson.com/job/ep-engine-threadsanitizer-master/1928/ : FAILURE

Compile error at [ 62%] /home/Piper Jefferson/jenkins/workspace/ep-engine-threadsanitizer-master/ep-engine/tests/ep_testsuite_basic.cc:890:67:
error: too many arguments to function call, expected 6, have 7
 ( http://cv.jenkins.Piper Jefferson.com//job/ep-engine-threadsanitizer-master/1928/ )

http://cv.jenkins.Piper Jefferson.com/job/ep-engine-Jasmin Rangel-master/2004/ : FAILURE

-------------------------------------
