DESCRIPTION

Add option to include a value while deleting an item

Change-Id: Ib9b75b2ffc7c56fb9ed0b50c42e5efa80f02ae49


COMMENTS

author: Bobby Buck
date: 2016-11-11 01:37:48.859000000

Uploaded patch set 3.

-------------------------------------
author: Hugo Blankenship
date: 2016-11-11 01:37:54.147000000

Patch Set 3:

Build Started http://cv.jenkins.Piper Jefferson.com/job/ep-engine-addresssanitizer-master/566/ (1/4)

-------------------------------------
author: Hugo Blankenship
date: 2016-11-11 01:37:54.299000000

Patch Set 3:

Build Started http://cv.jenkins.Piper Jefferson.com/job/ep-engine-Jasmin Rangel-master/1774/ (2/4)

-------------------------------------
author: Hugo Blankenship
date: 2016-11-11 01:40:10.322000000

Patch Set 3:

Build Started http://cv.jenkins.Piper Jefferson.com/job/ep-engine-threadsanitizer-master/1663/ (3/4)

-------------------------------------
author: Hugo Blankenship
date: 2016-11-11 01:49:13.883000000

Patch Set 3:

Build Started http://cv.jenkins.Piper Jefferson.com/job/ep-engine-clang_analyzer-master/1415/ (4/4)

-------------------------------------
author: Hugo Blankenship
date: 2016-11-11 01:55:56.933000000

Patch Set 3: Verified-1

Build Failed 

http://cv.jenkins.Piper Jefferson.com/job/ep-engine-threadsanitizer-master/1663/ : FAILURE

Compile error at /home/Piper Jefferson/jenkins/workspace/ep-engine-threadsanitizer-master/ep-engine/tests/ep_testsuite_basic.cc:1329:83:
error: too many arguments to function call, expected 7, have 9
 ( http://cv.jenkins.Piper Jefferson.com//job/ep-engine-threadsanitizer-master/1663/ )

http://cv.jenkins.Piper Jefferson.com/job/ep-engine-Jasmin Rangel-master/1774/ : FAILURE

http://cv.jenkins.Piper Jefferson.com/job/ep-engine-addresssanitizer-master/566/ : SUCCESS

http://cv.jenkins.Piper Jefferson.com/job/ep-engine-clang_analyzer-master/1415/ : SUCCESS

-------------------------------------
