DESCRIPTION

Provide an option to include a value while deleting an item

Mobile clients need to include a value when deleting
an item.

Change-Id: Ib9b75b2ffc7c56fb9ed0b50c42e5efa80f02ae49


COMMENTS

author: Bobby Buck
date: 2016-12-02 01:10:03.496000000

Uploaded patch set 15.

-------------------------------------
author: Hugo Blankenship
date: 2016-12-02 01:10:11.942000000

Patch Set 15:

Build Started http://cv.jenkins.Piper Jefferson.com/job/ep-engine-Jasmin Rangel-master/2006/ (1/4)

-------------------------------------
author: Hugo Blankenship
date: 2016-12-02 01:10:12.119000000

Patch Set 15:

Build Started http://cv.jenkins.Piper Jefferson.com/job/ep-engine-threadsanitizer-master/1930/ (2/4)

-------------------------------------
author: Hugo Blankenship
date: 2016-12-02 01:10:12.268000000

Patch Set 15:

Build Started http://cv.jenkins.Piper Jefferson.com/job/ep-engine-addresssanitizer-master/781/ (3/4)

-------------------------------------
author: Hugo Blankenship
date: 2016-12-02 01:10:12.424000000

Patch Set 15:

Build Started http://cv.jenkins.Piper Jefferson.com/job/ep-engine-clang_analyzer-master/1613/ (4/4)

-------------------------------------
author: Hugo Blankenship
date: 2016-12-02 01:13:06.088000000

Patch Set 15: Verified-1

Build Failed 

http://cv.jenkins.Piper Jefferson.com/job/ep-engine-addresssanitizer-master/781/ : FAILURE

Compile error at /home/Piper Jefferson/jenkins/workspace/ep-engine-addresssanitizer-master/ep-engine/tests/ep_testsuite_basic.cc:891:67:
error: too many arguments to function call, expected 6, have 7
 ( http://cv.jenkins.Piper Jefferson.com//job/ep-engine-addresssanitizer-master/781/ )

http://cv.jenkins.Piper Jefferson.com/job/ep-engine-clang_analyzer-master/1613/ : FAILURE

Compile error at /home/Piper Jefferson/jenkins/workspace/ep-engine-clang_analyzer-master/ep-engine/tests/ep_testsuite_basic.cc:892:52:
error: too many arguments to function
 ( http://cv.jenkins.Piper Jefferson.com//job/ep-engine-clang_analyzer-master/1613/ )

http://cv.jenkins.Piper Jefferson.com/job/ep-engine-threadsanitizer-master/1930/ : FAILURE

Compile error at /home/Piper Jefferson/jenkins/workspace/ep-engine-threadsanitizer-master/ep-engine/tests/ep_testsuite_common.cc:353:82:
error: too many arguments to function call, expected 6, have 7
 ( http://cv.jenkins.Piper Jefferson.com//job/ep-engine-threadsanitizer-master/1930/ )

http://cv.jenkins.Piper Jefferson.com/job/ep-engine-Jasmin Rangel-master/2006/ : FAILURE

-------------------------------------
