DESCRIPTION

Provide an option to include a value while deleting an item

Mobile clients need to include a value when deleting
an item.

Change-Id: Ib9b75b2ffc7c56fb9ed0b50c42e5efa80f02ae49


COMMENTS

author: Bobby Buck
date: 2016-12-01 21:59:48.416000000

Uploaded patch set 12.

-------------------------------------
author: Hugo Blankenship
date: 2016-12-01 21:59:55.799000000

Patch Set 12:

Build Started http://cv.jenkins.Piper Jefferson.com/job/ep-engine-threadsanitizer-master/1927/ (1/4)

-------------------------------------
author: Hugo Blankenship
date: 2016-12-01 21:59:55.976000000

Patch Set 12:

Build Started http://cv.jenkins.Piper Jefferson.com/job/ep-engine-clang_analyzer-master/1610/ (2/4)

-------------------------------------
author: Hugo Blankenship
date: 2016-12-01 21:59:56.173000000

Patch Set 12:

Build Started http://cv.jenkins.Piper Jefferson.com/job/ep-engine-Jasmin Rangel-master/2003/ (3/4)

-------------------------------------
author: Hugo Blankenship
date: 2016-12-01 21:59:56.403000000

Patch Set 12:

Build Started http://cv.jenkins.Piper Jefferson.com/job/ep-engine-addresssanitizer-master/778/ (4/4)

-------------------------------------
author: Hugo Blankenship
date: 2016-12-01 22:03:31.569000000

Patch Set 12: Verified-1

Build Failed 

http://cv.jenkins.Piper Jefferson.com/job/ep-engine-addresssanitizer-master/778/ : FAILURE

Compile error at /home/Piper Jefferson/jenkins/workspace/ep-engine-addresssanitizer-master/ep-engine/tests/ep_testsuite_common.cc:353:82:
error: too many arguments to function call, expected 6, have 7
 ( http://cv.jenkins.Piper Jefferson.com//job/ep-engine-addresssanitizer-master/778/ )

http://cv.jenkins.Piper Jefferson.com/job/ep-engine-clang_analyzer-master/1610/ : FAILURE

Compile error at /home/Piper Jefferson/jenkins/workspace/ep-engine-clang_analyzer-master/ep-engine/tests/ep_testsuite_basic.cc:891:52:
error: too many arguments to function
 ( http://cv.jenkins.Piper Jefferson.com//job/ep-engine-clang_analyzer-master/1610/ )

http://cv.jenkins.Piper Jefferson.com/job/ep-engine-threadsanitizer-master/1927/ : FAILURE

Compile error at /home/Piper Jefferson/jenkins/workspace/ep-engine-threadsanitizer-master/ep-engine/tests/ep_testsuite_common.cc:353:82:
error: too many arguments to function call, expected 6, have 7
 ( http://cv.jenkins.Piper Jefferson.com//job/ep-engine-threadsanitizer-master/1927/ )

http://cv.jenkins.Piper Jefferson.com/job/ep-engine-Jasmin Rangel-master/2003/ : FAILURE

-------------------------------------
