DESCRIPTION

Provide an option to include a value while deleting an item

Mobile clients need to include a value when deleting
an item.

Change-Id: Ib9b75b2ffc7c56fb9ed0b50c42e5efa80f02ae49


COMMENTS

author: Bobby Buck
date: 2016-11-19 01:22:25.675000000

Uploaded patch set 10.

-------------------------------------
author: Hugo Blankenship
date: 2016-11-19 01:22:34.711000000

Patch Set 10:

Build Started http://cv.jenkins.Piper Jefferson.com/job/ep-engine-clang_analyzer-master/1480/ (1/4)

-------------------------------------
author: Hugo Blankenship
date: 2016-11-19 01:22:34.837000000

Patch Set 10:

Build Started http://cv.jenkins.Piper Jefferson.com/job/ep-engine-threadsanitizer-master/1750/ (2/4)

-------------------------------------
author: Hugo Blankenship
date: 2016-11-19 01:22:34.984000000

Patch Set 10:

Build Started http://cv.jenkins.Piper Jefferson.com/job/ep-engine-addresssanitizer-master/636/ (3/4)

-------------------------------------
author: Hugo Blankenship
date: 2016-11-19 01:22:35.166000000

Patch Set 10:

Build Started http://cv.jenkins.Piper Jefferson.com/job/ep-engine-Jasmin Rangel-master/1848/ (4/4)

-------------------------------------
author: Hugo Blankenship
date: 2016-11-19 01:28:09.494000000

Patch Set 10: Verified-1

Build Failed 

http://cv.jenkins.Piper Jefferson.com/job/ep-engine-addresssanitizer-master/636/ : FAILURE

Compile error at /home/Piper Jefferson/jenkins/workspace/ep-engine-addresssanitizer-master/ep-engine/tests/ep_testsuite_basic.cc:1317:83:
error: too many arguments to function call, expected 7, have 10
 ( http://cv.jenkins.Piper Jefferson.com//job/ep-engine-addresssanitizer-master/636/ )

http://cv.jenkins.Piper Jefferson.com/job/ep-engine-clang_analyzer-master/1480/ : FAILURE

Compile error at /home/Piper Jefferson/jenkins/workspace/ep-engine-clang_analyzer-master/ep-engine/tests/ep_testsuite_basic.cc:1319:57:
error: too many arguments to function
 ( http://cv.jenkins.Piper Jefferson.com//job/ep-engine-clang_analyzer-master/1480/ )

http://cv.jenkins.Piper Jefferson.com/job/ep-engine-threadsanitizer-master/1750/ : FAILURE

Compile error at /home/Piper Jefferson/jenkins/workspace/ep-engine-threadsanitizer-master/ep-engine/tests/ep_testsuite_basic.cc:1317:83:
error: too many arguments to function call, expected 7, have 10
 ( http://cv.jenkins.Piper Jefferson.com//job/ep-engine-threadsanitizer-master/1750/ )

http://cv.jenkins.Piper Jefferson.com/job/ep-engine-Jasmin Rangel-master/1848/ : FAILURE

-------------------------------------
