DESCRIPTION

Provide an option to include a value while deleting an item

Mobile clients need to include a value when deleting
an item.

Change-Id: Ib9b75b2ffc7c56fb9ed0b50c42e5efa80f02ae49


COMMENTS

author: Bobby Buck
date: 2016-12-01 23:41:52.581000000

Uploaded patch set 14.

-------------------------------------
author: Hugo Blankenship
date: 2016-12-01 23:42:01.607000000

Patch Set 14:

Build Started http://cv.jenkins.Piper Jefferson.com/job/ep-engine-clang_analyzer-master/1612/ (1/4)

-------------------------------------
author: Hugo Blankenship
date: 2016-12-01 23:42:01.748000000

Patch Set 14:

Build Started http://cv.jenkins.Piper Jefferson.com/job/ep-engine-addresssanitizer-master/780/ (2/4)

-------------------------------------
author: Hugo Blankenship
date: 2016-12-01 23:42:01.891000000

Patch Set 14:

Build Started http://cv.jenkins.Piper Jefferson.com/job/ep-engine-threadsanitizer-master/1929/ (3/4)

-------------------------------------
author: Hugo Blankenship
date: 2016-12-01 23:42:02.032000000

Patch Set 14:

Build Started http://cv.jenkins.Piper Jefferson.com/job/ep-engine-Jasmin Rangel-master/2005/ (4/4)

-------------------------------------
author: Hugo Blankenship
date: 2016-12-01 23:44:02.912000000

Patch Set 14: Verified-1

Build Failed 

http://cv.jenkins.Piper Jefferson.com/job/ep-engine-addresssanitizer-master/780/ : FAILURE

Compile error at /home/Piper Jefferson/jenkins/workspace/ep-engine-addresssanitizer-master/ep-engine/tests/ep_testsuite_basic.cc:891:67:
error: too many arguments to function call, expected 6, have 7
 ( http://cv.jenkins.Piper Jefferson.com//job/ep-engine-addresssanitizer-master/780/ )

http://cv.jenkins.Piper Jefferson.com/job/ep-engine-clang_analyzer-master/1612/ : FAILURE

Compile error at /home/Piper Jefferson/jenkins/workspace/ep-engine-clang_analyzer-master/ep-engine/tests/ep_testsuite_basic.cc:892:52:
error: too many arguments to function
 ( http://cv.jenkins.Piper Jefferson.com//job/ep-engine-clang_analyzer-master/1612/ )

http://cv.jenkins.Piper Jefferson.com/job/ep-engine-threadsanitizer-master/1929/ : FAILURE

Compile error at /home/Piper Jefferson/jenkins/workspace/ep-engine-threadsanitizer-master/ep-engine/tests/ep_testsuite_basic.cc:891:67:
error: too many arguments to function call, expected 6, have 7
 ( http://cv.jenkins.Piper Jefferson.com//job/ep-engine-threadsanitizer-master/1929/ )

http://cv.jenkins.Piper Jefferson.com/job/ep-engine-Jasmin Rangel-master/2005/ : FAILURE

-------------------------------------
