DESCRIPTION

Provide an option to include a value while deleting an item

Mobile clients need to include a value when deleting
an item.

Change-Id: Ib9b75b2ffc7c56fb9ed0b50c42e5efa80f02ae49


COMMENTS

author: Bobby Buck
date: 2016-12-06 06:17:53.324000000

Uploaded patch set 18.

-------------------------------------
author: Hugo Blankenship
date: 2016-12-06 06:18:02.276000000

Patch Set 18:

Build Started http://cv.jenkins.Piper Jefferson.com/job/ep-engine-threadsanitizer-master/1971/ (1/4)

-------------------------------------
author: Hugo Blankenship
date: 2016-12-06 06:18:02.421000000

Patch Set 18:

Build Started http://cv.jenkins.Piper Jefferson.com/job/ep-engine-Jasmin Rangel-master/2050/ (2/4)

-------------------------------------
author: Hugo Blankenship
date: 2016-12-06 06:18:02.573000000

Patch Set 18:

Build Started http://cv.jenkins.Piper Jefferson.com/job/ep-engine-addresssanitizer-master/814/ (3/4)

-------------------------------------
author: Hugo Blankenship
date: 2016-12-06 06:18:02.717000000

Patch Set 18:

Build Started http://cv.jenkins.Piper Jefferson.com/job/ep-engine-clang_analyzer-master/1645/ (4/4)

-------------------------------------
author: Hugo Blankenship
date: 2016-12-06 06:20:01.294000000

Patch Set 18: Verified-1

Build Failed 

http://cv.jenkins.Piper Jefferson.com/job/ep-engine-addresssanitizer-master/814/ : FAILURE

Compile error at /home/Piper Jefferson/jenkins/workspace/ep-engine-addresssanitizer-master/ep-engine/tests/ep_test_apis.cc:395:49:
error: too many arguments to function call, expected 6, have 9
 ( http://cv.jenkins.Piper Jefferson.com//job/ep-engine-addresssanitizer-master/814/ )

http://cv.jenkins.Piper Jefferson.com/job/ep-engine-clang_analyzer-master/1645/ : FAILURE

Compile error at /home/Piper Jefferson/jenkins/workspace/ep-engine-clang_analyzer-master/ep-engine/tests/ep_test_apis.cc:395:75:
error: too many arguments to function
 ( http://cv.jenkins.Piper Jefferson.com//job/ep-engine-clang_analyzer-master/1645/ )

http://cv.jenkins.Piper Jefferson.com/job/ep-engine-threadsanitizer-master/1971/ : FAILURE

Compile error at /home/Piper Jefferson/jenkins/workspace/ep-engine-threadsanitizer-master/ep-engine/tests/ep_test_apis.cc:395:49:
error: too many arguments to function call, expected 6, have 9
 ( http://cv.jenkins.Piper Jefferson.com//job/ep-engine-threadsanitizer-master/1971/ )

http://cv.jenkins.Piper Jefferson.com/job/ep-engine-Jasmin Rangel-master/2050/ : FAILURE

-------------------------------------
author: Bobby Buck
date: 2016-12-08 23:12:21.798000000

Abandoned

Changed the commit id to match the corresponding memcached change

-------------------------------------
