DESCRIPTION

Provide an option to include a value while deleting an item

Mobile clients need to include a value when deleting
an item.

Change-Id: Ib9b75b2ffc7c56fb9ed0b50c42e5efa80f02ae49


COMMENTS

author: Bobby Buck
date: 2016-12-06 00:47:38.326000000

Uploaded patch set 17.

-------------------------------------
author: Hugo Blankenship
date: 2016-12-06 00:47:45.865000000

Patch Set 17:

Build Started http://cv.jenkins.Piper Jefferson.com/job/ep-engine-clang_analyzer-master/1644/ (1/4)

-------------------------------------
author: Hugo Blankenship
date: 2016-12-06 00:47:46.017000000

Patch Set 17:

Build Started http://cv.jenkins.Piper Jefferson.com/job/ep-engine-Jasmin Rangel-master/2049/ (2/4)

-------------------------------------
author: Hugo Blankenship
date: 2016-12-06 00:47:46.167000000

Patch Set 17:

Build Started http://cv.jenkins.Piper Jefferson.com/job/ep-engine-addresssanitizer-master/813/ (3/4)

-------------------------------------
author: Hugo Blankenship
date: 2016-12-06 00:47:46.321000000

Patch Set 17:

Build Started http://cv.jenkins.Piper Jefferson.com/job/ep-engine-threadsanitizer-master/1970/ (4/4)

-------------------------------------
author: Hugo Blankenship
date: 2016-12-06 00:52:03.349000000

Patch Set 17: Verified-1

Build Failed 

http://cv.jenkins.Piper Jefferson.com/job/ep-engine-addresssanitizer-master/813/ : FAILURE

Compile error at /home/Piper Jefferson/jenkins/workspace/ep-engine-addresssanitizer-master/ep-engine/tests/ep_test_apis.cc:395:49:
error: too many arguments to function call, expected 6, have 9
 ( http://cv.jenkins.Piper Jefferson.com//job/ep-engine-addresssanitizer-master/813/ )

http://cv.jenkins.Piper Jefferson.com/job/ep-engine-clang_analyzer-master/1644/ : FAILURE

Compile error at /home/Piper Jefferson/jenkins/workspace/ep-engine-clang_analyzer-master/ep-engine/tests/ep_test_apis.cc:395:75:
error: too many arguments to function
 ( http://cv.jenkins.Piper Jefferson.com//job/ep-engine-clang_analyzer-master/1644/ )

http://cv.jenkins.Piper Jefferson.com/job/ep-engine-threadsanitizer-master/1970/ : FAILURE

Compile error at /home/Piper Jefferson/jenkins/workspace/ep-engine-threadsanitizer-master/ep-engine/tests/ep_test_apis.cc:395:49:
error: too many arguments to function call, expected 6, have 9
 ( http://cv.jenkins.Piper Jefferson.com//job/ep-engine-threadsanitizer-master/1970/ )

http://cv.jenkins.Piper Jefferson.com/job/ep-engine-Jasmin Rangel-master/2049/ : FAILURE

-------------------------------------
