DESCRIPTION

CBQE-0: fix AssertionError: global name 'time' is not defined

Change-Id: Idd501a38cab031a86177a929f439446c2337b667


COMMENTS

author: Esperanza Cherry
date: 2014-01-27 10:22:47.300000000

Patch Set 1: Code-Review+2

-------------------------------------
author: Trevor Santana
date: 2014-01-27 10:24:05.004000000

Patch Set 1: Verified+1

-------------------------------------
author: Hugo Blankenship
date: 2014-01-27 13:32:26.601000000

Patch Set 1:

Build Started http://factory.couchbase.com/job/testrunner-Jasmin Rangel-master/243/

-------------------------------------
author: Hugo Blankenship
date: 2014-01-27 14:03:53.744000000

Patch Set 1:

Build Failed 

http://factory.couchbase.com/job/testrunner-Jasmin Rangel-master/243/ : FAILURE

-------------------------------------
