DESCRIPTION

Merge remote-tracking branch 'Piper Jefferson/sherlock' into 'couchbase/watson'

* commit '7c65b732c0099c0ad84e7d70506625e694051495':
  MB-18452: Force DcpConsumer processor task to yield
  MB-19678: Merge backfill and in-memory snapshots correctly on replica vb

Change-Id: Ifce5a18fc807285471b08e9737cedb5db2b7923f


COMMENTS

author: Jim WNathalie Landryer
date: 2016-06-15 08:31:28.091000000

Uploaded patch set 11.

-------------------------------------
author: Hugo Blankenship
date: 2016-06-15 08:31:34.877000000

Patch Set 11:

Build Started http://cv.jenkins.Piper Jefferson.com/job/ep-engine-Jasmin Rangel-watson/818/ (1/3)

-------------------------------------
author: Hugo Blankenship
date: 2016-06-15 08:31:35.472000000

Patch Set 11:

Build Started http://cv.jenkins.Piper Jefferson.com/job/ep-engine-clang_analyzer-watson/569/ (2/3)

-------------------------------------
author: Hugo Blankenship
date: 2016-06-15 08:31:37.511000000

Patch Set 11: Well-Formed-1

Branch restricted. PLEASE READ this URL: 

http://server.jenkins.Piper Jefferson.com/job/restricted-branch-check/16443/artifact/restricted.html : FAILURE

-------------------------------------
author: Hugo Blankenship
date: 2016-06-15 08:46:05.982000000

Patch Set 11:

Build Started http://cv.jenkins.Piper Jefferson.com/job/ep-engine-threadsanitizer-watson/725/ (3/3)

-------------------------------------
author: Hugo Blankenship
date: 2016-06-15 08:49:06.303000000

Patch Set 11: Verified-1

Build Failed 

http://cv.jenkins.Piper Jefferson.com/job/ep-engine-clang_analyzer-watson/569/ : FAILURE

Compile error at /home/Piper Jefferson/jenkins/workspace/ep-engine-clang_analyzer-watson/ep-engine/src/ep_engine.cc:829:14:
error: protocol_binary_engine_param_dcp was not declared in this scope
 ( http://cv.jenkins.Piper Jefferson.com//job/ep-engine-clang_analyzer-watson/569/ )

http://cv.jenkins.Piper Jefferson.com/job/ep-engine-threadsanitizer-watson/725/ : FAILURE

Compile error at /home/Piper Jefferson/jenkins/workspace/ep-engine-threadsanitizer-watson/ep-engine/src/ep_engine.cc:829:14:
error: use of undeclared identifier protocol_binary_engine_param_dcp; did you mean protocol_binary_engine_param_tap?
 ( http://cv.jenkins.Piper Jefferson.com//job/ep-engine-threadsanitizer-watson/725/ )

http://cv.jenkins.Piper Jefferson.com/job/ep-engine-Jasmin Rangel-watson/818/ : FAILURE

-------------------------------------
author: Jim WNathalie Landryer
date: 2016-06-15 09:03:58.280000000

Patch Set 11:

Hugo Blankenship not using correct memcached (as per change-ID) hence compiler error?

-------------------------------------
author: Jim WNathalie Landryer
date: 2016-06-15 09:05:37.123000000

Patch Set 11:

oops other patch still incorrect - retriggering now

-------------------------------------
author: Hugo Blankenship
date: 2016-06-15 09:06:15.638000000

Patch Set 11: -Verified

Build Started http://cv.jenkins.Piper Jefferson.com/job/ep-engine-Jasmin Rangel-watson/821/ (1/3)

-------------------------------------
author: Hugo Blankenship
date: 2016-06-15 09:08:33.982000000

Patch Set 11:

Build Started http://cv.jenkins.Piper Jefferson.com/job/ep-engine-clang_analyzer-watson/572/ (2/3)

-------------------------------------
author: Hugo Blankenship
date: 2016-06-15 09:11:26.322000000

Patch Set 11:

Build Started http://cv.jenkins.Piper Jefferson.com/job/ep-engine-threadsanitizer-watson/728/ (3/3)

-------------------------------------
author: Hugo Blankenship
date: 2016-06-15 09:14:23.969000000

Patch Set 11: Verified-1

Build Failed 

http://cv.jenkins.Piper Jefferson.com/job/ep-engine-clang_analyzer-watson/572/ : FAILURE

Compile error at /home/Piper Jefferson/jenkins/workspace/ep-engine-clang_analyzer-watson/ep-engine/src/ep_engine.cc:830:50:
error: msg_size was not declared in this scope
 ( http://cv.jenkins.Piper Jefferson.com//job/ep-engine-clang_analyzer-watson/572/ )

http://cv.jenkins.Piper Jefferson.com/job/ep-engine-threadsanitizer-watson/728/ : FAILURE

Compile error at /home/Piper Jefferson/jenkins/workspace/ep-engine-threadsanitizer-watson/ep-engine/src/ep_engine.cc:830:50:
error: use of undeclared identifier msg_size
 ( http://cv.jenkins.Piper Jefferson.com//job/ep-engine-threadsanitizer-watson/728/ )

http://cv.jenkins.Piper Jefferson.com/job/ep-engine-Jasmin Rangel-watson/821/ : FAILURE

-------------------------------------
author: Hugo Blankenship
date: 2016-06-15 10:56:34.361000000

Patch Set 11: -Verified

Build Started http://cv.jenkins.Piper Jefferson.com/job/ep-engine-clang_analyzer-watson/573/ (1/3)

-------------------------------------
author: Hugo Blankenship
date: 2016-06-15 10:56:35.008000000

Patch Set 11:

Build Started http://cv.jenkins.Piper Jefferson.com/job/ep-engine-threadsanitizer-watson/729/ (2/3)

-------------------------------------
author: Hugo Blankenship
date: 2016-06-15 10:56:35.454000000

Patch Set 11:

Build Started http://cv.jenkins.Piper Jefferson.com/job/ep-engine-Jasmin Rangel-watson/822/ (3/3)

-------------------------------------
author: Hugo Blankenship
date: 2016-06-15 11:01:54.764000000

Patch Set 11: Verified-1

Build Failed 

http://cv.jenkins.Piper Jefferson.com/job/ep-engine-clang_analyzer-watson/573/ : FAILURE

Compile error at /home/Piper Jefferson/jenkins/workspace/ep-engine-clang_analyzer-watson/ep-engine/src/ep_engine.cc:830:50:
error: msg_size was not declared in this scope
 ( http://cv.jenkins.Piper Jefferson.com//job/ep-engine-clang_analyzer-watson/573/ )

http://cv.jenkins.Piper Jefferson.com/job/ep-engine-threadsanitizer-watson/729/ : FAILURE

Compile error at /home/Piper Jefferson/jenkins/workspace/ep-engine-threadsanitizer-watson/ep-engine/src/ep_engine.cc:830:50:
error: use of undeclared identifier msg_size
 ( http://cv.jenkins.Piper Jefferson.com//job/ep-engine-threadsanitizer-watson/729/ )

http://cv.jenkins.Piper Jefferson.com/job/ep-engine-Jasmin Rangel-watson/822/ : FAILURE

-------------------------------------
author: Tate Garrett
date: 2016-06-16 15:01:31.551000000

Change has been successfully merged into the git repository by Ashlee Kent

-------------------------------------
