DESCRIPTION

MB-18452: Force DcpConsumer processor task to yield

Some extra refactoring applied to watson branch and
a single threaded test utilising the watson+
single-threaded unit test harness.

Change-Id: I17127b719779c1c215731899b87dfbbad1a10a44


COMMENTS

author: Jim WNathalie Landryer
date: 2016-06-15 08:33:21.110000000

Uploaded patch set 1.

-------------------------------------
author: Hugo Blankenship
date: 2016-06-15 08:33:29.914000000

Patch Set 1:

Build Started http://cv.jenkins.Piper Jefferson.com/job/ep-engine-Jasmin Rangel-watson/820/ (1/3)

-------------------------------------
author: Hugo Blankenship
date: 2016-06-15 08:33:32.419000000

Patch Set 1: Well-Formed+1

Permission granted to commit: 

http://server.jenkins.Piper Jefferson.com/job/restricted-branch-check/16445/artifact/restricted.html : SUCCESS

-------------------------------------
author: Hugo Blankenship
date: 2016-06-15 08:49:06.764000000

Patch Set 1:

Build Started http://cv.jenkins.Piper Jefferson.com/job/ep-engine-clang_analyzer-watson/571/ (2/3)

-------------------------------------
author: Hugo Blankenship
date: 2016-06-15 08:49:11.459000000

Patch Set 1:

Build Started http://cv.jenkins.Piper Jefferson.com/job/ep-engine-threadsanitizer-watson/727/ (3/3)

-------------------------------------
author: Hugo Blankenship
date: 2016-06-15 08:52:48.691000000

Patch Set 1: Verified-1

Build Failed 

http://cv.jenkins.Piper Jefferson.com/job/ep-engine-clang_analyzer-watson/571/ : FAILURE

Compile error at /home/Piper Jefferson/jenkins/workspace/ep-engine-clang_analyzer-watson/ep-engine/tests/module_tests/evp_store_single_threaded_test.cc:227:25:
error: batchSize is not a member of PassiveStream
 ( http://cv.jenkins.Piper Jefferson.com//job/ep-engine-clang_analyzer-watson/571/ )

http://cv.jenkins.Piper Jefferson.com/job/ep-engine-threadsanitizer-watson/727/ : FAILURE

Compile error at /home/Piper Jefferson/jenkins/workspace/ep-engine-threadsanitizer-watson/ep-engine/tests/module_tests/evp_store_single_threaded_test.cc:227:40:
error: no member named batchSize in PassiveStream
 ( http://cv.jenkins.Piper Jefferson.com//job/ep-engine-threadsanitizer-watson/727/ )

http://cv.jenkins.Piper Jefferson.com/job/ep-engine-Jasmin Rangel-watson/820/ : FAILURE

-------------------------------------
author: Jim WNathalie Landryer
date: 2016-06-15 13:48:54.564000000

Abandoned

redone

-------------------------------------
