DESCRIPTION

MB-16181: Add Collections::Manifest

A class which can convert a JSON manifest into something usable
by other parts of the code.

Change-Id: I2201457539ad9172002d5ff07d767ccf8d88b7ec


COMMENTS

author: Jim WNathalie Landryer
date: 2017-01-30 19:48:54.833000000

Uploaded patch set 4.

-------------------------------------
author: Hugo Blankenship
date: 2017-01-30 19:49:00.266000000

Patch Set 4:

Build Started http://cv.jenkins.Piper Jefferson.com/job/ep-engine-Jasmin Rangel-master/3388/ (1/4)

-------------------------------------
author: Hugo Blankenship
date: 2017-01-30 19:49:00.404000000

Patch Set 4:

Build Started http://cv.jenkins.Piper Jefferson.com/job/ep-engine-threadsanitizer-master/3217/ (2/4)

-------------------------------------
author: Hugo Blankenship
date: 2017-01-30 19:49:00.550000000

Patch Set 4:

Build Started http://cv.jenkins.Piper Jefferson.com/job/ep-engine-clang_analyzer-master/2825/ (3/4)

-------------------------------------
author: Hugo Blankenship
date: 2017-01-30 19:49:37.687000000

Patch Set 4:

Build Started http://cv.jenkins.Piper Jefferson.com/job/ep-engine-addresssanitizer-master/2043/ (4/4)

-------------------------------------
author: Hugo Blankenship
date: 2017-01-30 19:59:59.282000000

Patch Set 4: Verified-1

Build Failed 

http://cv.jenkins.Piper Jefferson.com/job/ep-engine-threadsanitizer-master/3217/ : FAILURE

Compile error at /home/Piper Jefferson/jenkins/workspace/ep-engine-threadsanitizer-master/ep-engine/src/collections/manifest.h:68:21:
error: no member named find in namespace std; did you mean fill?
 ( http://cv.jenkins.Piper Jefferson.com//job/ep-engine-threadsanitizer-master/3217/ )

http://cv.jenkins.Piper Jefferson.com/job/ep-engine-clang_analyzer-master/2825/ : FAILURE

Compile error at /home/Piper Jefferson/jenkins/workspace/ep-engine-clang_analyzer-master/ep-engine/src/collections/manifest.h:68:16:
error: find is not a member of std
 ( http://cv.jenkins.Piper Jefferson.com//job/ep-engine-clang_analyzer-master/2825/ )

http://cv.jenkins.Piper Jefferson.com/job/ep-engine-addresssanitizer-master/2043/ : FAILURE

Compile error at /home/Piper Jefferson/jenkins/workspace/ep-engine-addresssanitizer-master/ep-engine/src/collections/manifest.h:68:21:
error: no member named find in namespace std; did you mean fill?
 ( http://cv.jenkins.Piper Jefferson.com//job/ep-engine-addresssanitizer-master/2043/ )

http://cv.jenkins.Piper Jefferson.com/job/ep-engine-Jasmin Rangel-master/3388/ : FAILURE

-------------------------------------
