DESCRIPTION

CBQE:0 Add kv + xdcr + tpcc system test

Change-Id: I471771d183bbb98f2e83320f179182d331602097


COMMENTS

author: Hugo Blankenship
date: 2015-06-23 21:53:01.150000000

Patch Set 3:

Build Started http://factory.couchbase.com/job/testrunner-Jasmin Rangel-sherlock/5381/

-------------------------------------
author: Angelina Mayer
date: 2015-06-23 21:53:13.860000000

Patch Set 3: Verified+1 Code-Review+2

-------------------------------------
author: Tate Garrett
date: 2015-06-23 21:53:15.903000000

Change has been successfully cherry-picked as 1eedf64af05ae0c7a822b681a2d49cdf21e8e44f

-------------------------------------
author: Hugo Blankenship
date: 2015-06-23 22:19:10.560000000

Patch Set 3:

Build Failed 

http://factory.couchbase.com/job/testrunner-Jasmin Rangel-sherlock/5381/ : FAILURE

detect lines like:

suite viewmergetests.ViewMergingTests , pass 38 , fail 1 ( http://factory.couchbase.com//job/testrunner-Jasmin Rangel-sherlock/5381/ )

need to update, install, or configure build tools, environment variables, ssh credentials (requires no code change) ( http://factory.couchbase.com//job/testrunner-Jasmin Rangel-sherlock/5381/ )

-------------------------------------
author: Hugo Blankenship
date: 2015-06-23 22:24:05.214000000

Patch Set 3:

Build Started http://factory.couchbase.com/job/testrunner-Jasmin Rangel-sherlock/5383/

-------------------------------------
author: Hugo Blankenship
date: 2015-06-23 22:43:07.184000000

Patch Set 3:

Build Failed 

http://factory.couchbase.com/job/testrunner-Jasmin Rangel-sherlock/5383/ : FAILURE

detect lines like:

suite viewmergetests.ViewMergingTests , pass 38 , fail 1 ( http://factory.couchbase.com//job/testrunner-Jasmin Rangel-sherlock/5383/ )

need to update, install, or configure build tools, environment variables, ssh credentials (requires no code change) ( http://factory.couchbase.com//job/testrunner-Jasmin Rangel-sherlock/5383/ )

-------------------------------------
