DESCRIPTION

Add flag to StorageKey

Change-Id: Ic8d5ea3a73fd99a32010dada907f915c10cea066


COMMENTS

author: Jim WNathalie Landryer
date: 2016-11-07 11:35:59.602000000

Uploaded patch set 1.

-------------------------------------
author: Hugo Blankenship
date: 2016-11-07 11:36:08.621000000

Patch Set 1:

Build Started http://cv.jenkins.Piper Jefferson.com/job/ep-engine-Jasmin Rangel-master/1732/ (1/4)

-------------------------------------
author: Hugo Blankenship
date: 2016-11-07 11:37:02.622000000

Patch Set 1:

Build Started http://cv.jenkins.Piper Jefferson.com/job/ep-engine-addresssanitizer-master/528/ (2/4)

-------------------------------------
author: Hugo Blankenship
date: 2016-11-07 11:42:05.014000000

Patch Set 1:

Build Started http://cv.jenkins.Piper Jefferson.com/job/ep-engine-threadsanitizer-master/1627/ (3/4)

-------------------------------------
author: Hugo Blankenship
date: 2016-11-07 11:45:20.594000000

Patch Set 1:

Build Started http://cv.jenkins.Piper Jefferson.com/job/ep-engine-clang_analyzer-master/1382/ (4/4)

-------------------------------------
author: Hugo Blankenship
date: 2016-11-07 11:52:02.725000000

Patch Set 1: Verified-1

Build Failed 

http://cv.jenkins.Piper Jefferson.com/job/ep-engine-addresssanitizer-master/528/ : FAILURE

Compile error at /home/Piper Jefferson/jenkins/workspace/ep-engine-addresssanitizer-master/ep-engine/src/storagekey.h:119:37:
error: use of undeclared identifier terminatorBytes
 ( http://cv.jenkins.Piper Jefferson.com//job/ep-engine-addresssanitizer-master/528/ )

http://cv.jenkins.Piper Jefferson.com/job/ep-engine-threadsanitizer-master/1627/ : FAILURE

Compile error at /home/Piper Jefferson/jenkins/workspace/ep-engine-threadsanitizer-master/ep-engine/src/storagekey.h:119:37:
error: use of undeclared identifier terminatorBytes
 ( http://cv.jenkins.Piper Jefferson.com//job/ep-engine-threadsanitizer-master/1627/ )

http://cv.jenkins.Piper Jefferson.com/job/ep-engine-Jasmin Rangel-master/1732/ : FAILURE

http://cv.jenkins.Piper Jefferson.com/job/ep-engine-clang_analyzer-master/1382/ : SUCCESS

-------------------------------------
