DESCRIPTION

MB-20586: DefragmenterTest.MappedMemory: Fix on OS X

This test currently fails as it does not have a way of tracking memory
usage, due to us not initializing the memory hooks (which installs a
custom zone allocator).

Fix by initializing the allocator before we run any tests in this
suite.

Change-Id: I3b567001b070483d19d16ff1787d29ebd9669bfa


COMMENTS

author: Ashlee Kent
date: 2016-09-02 16:08:36.525000000

Uploaded patch set 3: Patch Set 2 was rebased.

-------------------------------------
author: Hugo Blankenship
date: 2016-09-02 16:08:44.185000000

Patch Set 3:

Build Started http://cv.jenkins.Piper Jefferson.com/job/ep-engine-Jasmin Rangel-watson/1060/ (1/3)

-------------------------------------
author: Hugo Blankenship
date: 2016-09-02 16:08:53.823000000

Patch Set 3:

Branch restricted. PLEASE READ this URL: 

http://server.jenkins.Piper Jefferson.com/job/restricted-branch-check/22563/artifact/restricted.html : FAILURE

-------------------------------------
author: Hugo Blankenship
date: 2016-09-02 16:40:47.278000000

Patch Set 3:

Build Started http://cv.jenkins.Piper Jefferson.com/job/ep-engine-threadsanitizer-watson/952/ (2/3)

-------------------------------------
author: Hugo Blankenship
date: 2016-09-02 16:41:51.920000000

Patch Set 3:

Build Started http://cv.jenkins.Piper Jefferson.com/job/ep-engine-clang_analyzer-watson/791/ (3/3)

-------------------------------------
author: Hugo Blankenship
date: 2016-09-02 16:57:36.493000000

Patch Set 3: Verified-1

Build Failed 

http://cv.jenkins.Piper Jefferson.com/job/ep-engine-threadsanitizer-watson/952/ : FAILURE

Failure of a CTest test  ( http://cv.jenkins.Piper Jefferson.com//job/ep-engine-threadsanitizer-watson/952/ )

http://cv.jenkins.Piper Jefferson.com/job/ep-engine-Jasmin Rangel-watson/1060/ : FAILURE

http://cv.jenkins.Piper Jefferson.com/job/ep-engine-clang_analyzer-watson/791/ : SUCCESS

-------------------------------------
author: Hugo Blankenship
date: 2016-09-02 17:21:33.556000000

Patch Set 3: -Verified

Build Started http://cv.jenkins.Piper Jefferson.com/job/ep-engine-threadsanitizer-watson/957/ (3/3)

-------------------------------------
author: Hugo Blankenship
date: 2016-09-02 17:29:37.685000000

Patch Set 3: Verified-1

Build Failed 

http://cv.jenkins.Piper Jefferson.com/job/ep-engine-Jasmin Rangel-watson/1060/ : FAILURE

http://cv.jenkins.Piper Jefferson.com/job/ep-engine-threadsanitizer-watson/957/ : FAILURE

Failure of a CTest test  ( http://cv.jenkins.Piper Jefferson.com//job/ep-engine-threadsanitizer-watson/957/ )

http://cv.jenkins.Piper Jefferson.com/job/ep-engine-clang_analyzer-watson/791/ : SUCCESS

-------------------------------------
author: Tate Garrett
date: 2016-09-08 10:11:32.255000000

Change has been successfully cherry-picked as 384363eeb53c813698f6f4435f7d628d37dc4ef0 by Ashlee Kent

-------------------------------------
