DESCRIPTION

CBQE-0: Bug in basetestcase for services

Fix for the following issue

======================================================================
ERROR: test_failover_normal (failover.failovertests.FailoverTests)
----------------------------------------------------------------------
Traceback (most recent call last):
  File "pytests/failover/failovertests.py", line 13, in setUp
    super(FailoverTests, self).setUp(self)
  File "pytests/failover/failoverbasetests.py", line 15, in setUp
    super(FailoverBaseTest, self).setUp()
  File "pytests/basetestcase.py", line 185, in setUp
    self.fail(e)
AssertionError: 'int' object is not iterable


Change-Id: I88df7ee9ccb4471f8ea9330e25751ebc41fa51d2


COMMENTS

author: Quentin Ali
date: 2014-12-17 17:54:37.774000000

Patch Set 2: Commit message was updated

-------------------------------------
author: Jasmin Rangel
date: 2014-12-17 17:54:38.395000000

Patch Set 2:

New patchset patch-id matches previous patchset, but commit message has changed.

-------------------------------------
author: Hugo Blankenship
date: 2014-12-17 17:54:44.547000000

Patch Set 2:

Build Started http://factory.couchbase.com/job/testrunner-Jasmin Rangel-master/3463/

-------------------------------------
author: Quentin Ali
date: 2014-12-17 18:09:44.154000000

Patch Set 2:

This now works where it used to fail

https://friendpaste.com/fxOF40LO2FV2SK7FCqzpY

-------------------------------------
author: Hugo Blankenship
date: 2014-12-17 18:12:26.238000000

Patch Set 2: Verified+1

Build Successful 

http://factory.couchbase.com/job/testrunner-Jasmin Rangel-master/3463/ : SUCCESS

-------------------------------------
author: Quentin Ali
date: 2014-12-17 18:15:53.914000000

Patch Set 2: Verified+1 Code-Review+2

-------------------------------------
