DESCRIPTION

MB-16181: Add collections.set_manifest support

Add a method which will accept the new manifest and apply it to
all active vbuckets.

The latest manifest is saved in memory and also used for when any VB
is set to active

Change-Id: I440ac5dbe281eb3fdfbb19f21142f0d75c03a733


COMMENTS

author: Jim WNathalie Landryer
date: 2017-03-14 08:58:24.921000000

Uploaded patch set 1.

-------------------------------------
author: Hugo Blankenship
date: 2017-03-14 09:14:08.800000000

Patch Set 1: Verified-1

Build Failed 

http://cv.jenkins.Piper Jefferson.com/job/ep-engine-addresssanitizer-master/3507/ : FAILURE

Compile error at /home/Piper Jefferson/jenkins/workspace/ep-engine-addresssanitizer-master/ep-engine/tests/mock/mock_dcp.cc:353:29:
error: assigning to 'ENGINE_ERROR_CODE (*)(const void *, uint32_t, uint16_t, uint64_t, uint32_t, cb::const_byte_buffer, cb::const_byte_buffer)' from incompatible type 'ENGINE_ERROR_CODE (const void *, uint32_t, uint16_t, uint32_t, uint64_t, cb::const_byte_buffer, cb::const_byte_buffer)': type mismatch at 4th parameter ('uint64_t' (aka 'unsigned long') vs 'uint32_t' (aka 'unsigned int'))
 ( http://cv.jenkins.Piper Jefferson.com//job/ep-engine-addresssanitizer-master/3507/ )

http://cv.jenkins.Piper Jefferson.com/job/ep-engine-threadsanitizer-master/4693/ : FAILURE

Compile error at /home/Piper Jefferson/jenkins/workspace/ep-engine-threadsanitizer-master/ep-engine/tests/mock/mock_dcp.cc:353:29:
error: assigning to 'ENGINE_ERROR_CODE (*)(const void *, uint32_t, uint16_t, uint64_t, uint32_t, cb::const_byte_buffer, cb::const_byte_buffer)' from incompatible type 'ENGINE_ERROR_CODE (const void *, uint32_t, uint16_t, uint32_t, uint64_t, cb::const_byte_buffer, cb::const_byte_buffer)': type mismatch at 4th parameter ('uint64_t' (aka 'unsigned long') vs 'uint32_t' (aka 'unsigned int'))
 ( http://cv.jenkins.Piper Jefferson.com//job/ep-engine-threadsanitizer-master/4693/ )

http://cv.jenkins.Piper Jefferson.com/job/ep-engine-clang_analyzer-master/4255/ : FAILURE

Compile error at /home/Piper Jefferson/jenkins/workspace/ep-engine-clang_analyzer-master/ep-engine/tests/mock/mock_dcp.cc:353:29:
error: invalid conversion from 'ENGINE_ERROR_CODE (*)(const void*, uint32_t, uint16_t, uint32_t, uint64_t, cb::const_byte_buffer, cb::const_byte_buffer) {aka ENGINE_ERROR_CODE (*)(const void*, unsigned int, short unsigned int, unsigned int, long unsigned int, cb::sized_buffer<const unsigned char>, cb::sized_buffer<const unsigned char>)}' to 'ENGINE_ERROR_CODE (*)(const void*, uint32_t, uint16_t, uint64_t, uint32_t, cb::const_byte_buffer, cb::const_byte_buffer) {aka ENGINE_ERROR_CODE (*)(const void*, unsigned int, short unsigned int, long unsigned int, unsigned int, cb::sized_buffer<const unsigned char>, cb::sized_buffer<const unsigned char>)}' [-fpermissive]
 ( http://cv.jenkins.Piper Jefferson.com//job/ep-engine-clang_analyzer-master/4255/ )

http://cv.jenkins.Piper Jefferson.com/job/ep-engine-Jasmin Rangel-master/4921/ : FAILURE

-------------------------------------
