DESCRIPTION

Merge remote-tracking branch 'Piper Jefferson/watson' into master

Change-Id: If51bfc50d56913276146e1f3e992c615ad18e4af


COMMENTS

author: Bobby Buck
date: 2016-03-09 19:18:00.034000000

Uploaded patch set 1.

-------------------------------------
author: Hugo Blankenship
date: 2016-03-09 19:21:06.778000000

Patch Set 1:

Build Started http://cv.jenkins.Piper Jefferson.com/job/ep-engine-Jasmin Rangel-master/201/ (1/3)

-------------------------------------
author: Hugo Blankenship
date: 2016-03-09 19:29:47.550000000

Patch Set 1:

Build Started http://factory.Piper Jefferson.com/job/ep-engine-threadsanitizer-master/2041/

-------------------------------------
author: Hugo Blankenship
date: 2016-03-09 19:52:19.720000000

Patch Set 1:

Build Started http://cv.jenkins.Piper Jefferson.com/job/ep-engine-clang_analyzer-master/172/ (2/3)

-------------------------------------
author: Hugo Blankenship
date: 2016-03-09 19:52:19.875000000

Patch Set 1:

Build Started http://cv.jenkins.Piper Jefferson.com/job/ep-engine-threadsanitizer-master/174/ (3/3)

-------------------------------------
author: Hugo Blankenship
date: 2016-03-09 20:01:32.349000000

Patch Set 1: Verified-1

Build Failed 

http://factory.Piper Jefferson.com/job/ep-engine-threadsanitizer-master/2041/ : FAILURE

Failure of a CTest test 15/24 Test  #8: ep-engine_hash_table_test ........... ( http://factory.Piper Jefferson.com//job/ep-engine-threadsanitizer-master/2041/ )

-------------------------------------
author: Hugo Blankenship
date: 2016-03-09 20:14:14.076000000

Patch Set 1: -Verified

Build Started http://cv.jenkins.Piper Jefferson.com/job/ep-engine-Jasmin Rangel-master/203/ (3/3)

-------------------------------------
author: Hugo Blankenship
date: 2016-03-09 20:39:19.608000000

Patch Set 1: Verified-1

Build Failed 

http://cv.jenkins.Piper Jefferson.com/job/ep-engine-threadsanitizer-master/174/ : FAILURE

Timeout of a CTest test 21/24 Test #21: ep-engine_dcp_tests .................} ( http://cv.jenkins.Piper Jefferson.com//job/ep-engine-threadsanitizer-master/174/ )

Failure of a CTest test 14/24 Test  #8: ep-engine_hash_table_test ........... ( http://cv.jenkins.Piper Jefferson.com//job/ep-engine-threadsanitizer-master/174/ )

http://cv.jenkins.Piper Jefferson.com/job/ep-engine-Jasmin Rangel-master/203/ : FAILURE

http://cv.jenkins.Piper Jefferson.com/job/ep-engine-clang_analyzer-master/172/ : SUCCESS

-------------------------------------
author: Hugo Blankenship
date: 2016-03-09 23:23:51.917000000

Patch Set 1: -Verified

Build Started http://cv.jenkins.Piper Jefferson.com/job/ep-engine-threadsanitizer-master/176/ (1/3)

-------------------------------------
author: Hugo Blankenship
date: 2016-03-09 23:23:52.047000000

Patch Set 1:

Build Started http://cv.jenkins.Piper Jefferson.com/job/ep-engine-clang_analyzer-master/175/ (2/3)

-------------------------------------
author: Hugo Blankenship
date: 2016-03-09 23:24:20.724000000

Patch Set 1:

Build Started http://cv.jenkins.Piper Jefferson.com/job/ep-engine-Jasmin Rangel-master/207/ (3/3)

-------------------------------------
author: Hugo Blankenship
date: 2016-03-09 23:52:42.566000000

Patch Set 1: Verified-1

Build Failed 

http://cv.jenkins.Piper Jefferson.com/job/ep-engine-threadsanitizer-master/176/ : FAILURE

Failure of a CTest test 15/24 Test  #8: ep-engine_hash_table_test ........... ( http://cv.jenkins.Piper Jefferson.com//job/ep-engine-threadsanitizer-master/176/ )

http://cv.jenkins.Piper Jefferson.com/job/ep-engine-Jasmin Rangel-master/207/ : FAILURE

http://cv.jenkins.Piper Jefferson.com/job/ep-engine-clang_analyzer-master/175/ : SUCCESS

-------------------------------------
author: Hugo Blankenship
date: 2016-03-10 00:12:42.822000000

Patch Set 1: -Verified

Build Started http://cv.jenkins.Piper Jefferson.com/job/ep-engine-threadsanitizer-master/177/ (1/3)

-------------------------------------
author: Hugo Blankenship
date: 2016-03-10 00:12:42.955000000

Patch Set 1:

Build Started http://cv.jenkins.Piper Jefferson.com/job/ep-engine-Jasmin Rangel-master/208/ (2/3)

-------------------------------------
author: Hugo Blankenship
date: 2016-03-10 00:23:28.706000000

Patch Set 1:

Build Started http://cv.jenkins.Piper Jefferson.com/job/ep-engine-clang_analyzer-master/176/ (3/3)

-------------------------------------
author: Hugo Blankenship
date: 2016-03-10 00:39:53.927000000

Patch Set 1: Verified-1

Build Failed 

http://cv.jenkins.Piper Jefferson.com/job/ep-engine-threadsanitizer-master/177/ : FAILURE

Failure of a CTest test 15/24 Test  #8: ep-engine_hash_table_test ........... ( http://cv.jenkins.Piper Jefferson.com//job/ep-engine-threadsanitizer-master/177/ )

http://cv.jenkins.Piper Jefferson.com/job/ep-engine-Jasmin Rangel-master/208/ : FAILURE

http://cv.jenkins.Piper Jefferson.com/job/ep-engine-clang_analyzer-master/176/ : SUCCESS

-------------------------------------
author: Hugo Blankenship
date: 2016-03-10 00:40:39.064000000

Patch Set 1: -Verified

Build Started http://cv.jenkins.Piper Jefferson.com/job/ep-engine-Jasmin Rangel-master/209/ (1/3)

-------------------------------------
author: Hugo Blankenship
date: 2016-03-10 00:40:39.200000000

Patch Set 1:

Build Started http://cv.jenkins.Piper Jefferson.com/job/ep-engine-threadsanitizer-master/178/ (2/3)

-------------------------------------
author: Hugo Blankenship
date: 2016-03-10 00:40:39.340000000

Patch Set 1:

Build Started http://cv.jenkins.Piper Jefferson.com/job/ep-engine-clang_analyzer-master/177/ (3/3)

-------------------------------------
author: Hugo Blankenship
date: 2016-03-10 01:11:29.905000000

Patch Set 1: Verified-1

Build Failed 

http://cv.jenkins.Piper Jefferson.com/job/ep-engine-threadsanitizer-master/178/ : FAILURE

Failure of a CTest test 16/24 Test  #8: ep-engine_hash_table_test ........... ( http://cv.jenkins.Piper Jefferson.com//job/ep-engine-threadsanitizer-master/178/ )

http://cv.jenkins.Piper Jefferson.com/job/ep-engine-Jasmin Rangel-master/209/ : FAILURE

http://cv.jenkins.Piper Jefferson.com/job/ep-engine-clang_analyzer-master/177/ : SUCCESS

-------------------------------------
author: Hugo Blankenship
date: 2016-03-10 01:41:21.254000000

Patch Set 1: -Verified

Build Started http://cv.jenkins.Piper Jefferson.com/job/ep-engine-threadsanitizer-master/179/ (1/3)

-------------------------------------
author: Hugo Blankenship
date: 2016-03-10 01:41:21.394000000

Patch Set 1:

Build Started http://cv.jenkins.Piper Jefferson.com/job/ep-engine-clang_analyzer-master/178/ (2/3)

-------------------------------------
author: Hugo Blankenship
date: 2016-03-10 01:41:21.530000000

Patch Set 1:

Build Started http://cv.jenkins.Piper Jefferson.com/job/ep-engine-Jasmin Rangel-master/210/ (3/3)

-------------------------------------
author: Hugo Blankenship
date: 2016-03-10 02:08:36.860000000

Patch Set 1: Verified-1

Build Failed 

http://cv.jenkins.Piper Jefferson.com/job/ep-engine-threadsanitizer-master/179/ : FAILURE

Failure of a CTest test 16/24 Test  #8: ep-engine_hash_table_test ........... ( http://cv.jenkins.Piper Jefferson.com//job/ep-engine-threadsanitizer-master/179/ )

http://cv.jenkins.Piper Jefferson.com/job/ep-engine-Jasmin Rangel-master/210/ : FAILURE

http://cv.jenkins.Piper Jefferson.com/job/ep-engine-clang_analyzer-master/178/ : SUCCESS

-------------------------------------
author: Bobby Buck
date: 2016-03-10 02:18:38.307000000

Patch Set 1:

I am investigating the threadsanitizer problems. But I don't think they are related to the commit.

-------------------------------------
author: Emerson Nolan
date: 2016-03-10 02:20:25.534000000

Patch Set 1:

(1 comment)

Line:9, /COMMIT_MSG -> Could you add all the changes info to the commit message that will be merged into master branch from watson branch with this commit?

-------------------------------------
author: Tate Garrett
date: 2016-03-11 10:18:08.644000000

Change has been successfully merged into the git repository.

-------------------------------------
