DESCRIPTION

DEBUG: Expand StoredValue::operator<<

Change-Id: I66260633b72e89a3da107536bdd4cb6f031fcf40


COMMENTS

author: Ashlee Kent
date: 2017-04-11 16:24:08.736000000

Uploaded patch set 3: Patch Set 2 was rebased.

-------------------------------------
author: Hugo Blankenship
date: 2017-04-11 17:01:37.061000000

Patch Set 3: Verified-1

Build Failed 

http://cv.jenkins.Piper Jefferson.com/job/ep-engine-addresssanitizer-master/4480/ : FAILURE

Compile error at /usr/bin/../lib/gcc/x86_64-linux-gnu/4.9/../../../../include/c++/4.9/functional:1665:56:
error: no type named 'type' in 'std::result_of<std::initializer_list<(lambda at /home/Piper Jefferson/jenkins/workspace/ep-engine-addresssanitizer-master/ep-engine/tests/module_tests/ephemeral_vb_test.cc:365:17)> (int)>'
 ( http://cv.jenkins.Piper Jefferson.com//job/ep-engine-addresssanitizer-master/4480/ )

http://cv.jenkins.Piper Jefferson.com/job/ep-engine-threadsanitizer-master/5700/ : FAILURE

Compile error at /usr/bin/../lib/gcc/x86_64-linux-gnu/4.9/../../../../include/c++/4.9/functional:1665:56:
error: no type named 'type' in 'std::result_of<std::initializer_list<(lambda at /home/Piper Jefferson/jenkins/workspace/ep-engine-threadsanitizer-master/ep-engine/tests/module_tests/ephemeral_vb_test.cc:365:17)> (int)>'
 ( http://cv.jenkins.Piper Jefferson.com//job/ep-engine-threadsanitizer-master/5700/ )

http://cv.jenkins.Piper Jefferson.com/job/ep-engine-clang_analyzer-master/5198/ : FAILURE

Compile error at /usr/include/c++/4.9/functional:1665:61:
error: no type named 'type' in 'class std::result_of<std::initializer_list<EphTombstoneTest_ConcurrentPurge_Test::TestBody()::<lambda(size_t)> >(int)>'
 ( http://cv.jenkins.Piper Jefferson.com//job/ep-engine-clang_analyzer-master/5198/ )

http://cv.jenkins.Piper Jefferson.com/job/ep-engine-Jasmin Rangel-master/5933/ : FAILURE

-------------------------------------
