DESCRIPTION

DEBUG: Expand StoredValue::operator<<

Change-Id: I66260633b72e89a3da107536bdd4cb6f031fcf40


COMMENTS

author: Ashlee Kent
date: 2017-04-20 10:37:12.189000000

Patch Set 4: Patch Set 3 was rebased

-------------------------------------
author: Hugo Blankenship
date: 2017-04-20 11:03:27.567000000

Patch Set 4: Verified-1

Build Failed 

http://cv.jenkins.Piper Jefferson.com/job/ep-engine-addresssanitizer-master/4668/ : FAILURE

Compile error at /home/Piper Jefferson/jenkins/workspace/ep-engine-addresssanitizer-master/ep-engine/src/stored-value.cc:259:29:
error: too few arguments to function call, single argument 'writeGuard' was not specified
 ( http://cv.jenkins.Piper Jefferson.com//job/ep-engine-addresssanitizer-master/4668/ )

http://cv.jenkins.Piper Jefferson.com/job/ep-engine-threadsanitizer-master/5883/ : FAILURE

Compile error at /home/Piper Jefferson/jenkins/workspace/ep-engine-threadsanitizer-master/ep-engine/src/stored-value.cc:259:29:
error: too few arguments to function call, single argument 'writeGuard' was not specified
 ( http://cv.jenkins.Piper Jefferson.com//job/ep-engine-threadsanitizer-master/5883/ )

http://cv.jenkins.Piper Jefferson.com/job/ep-engine-clang_analyzer-master/5371/ : FAILURE

Compile error at /home/Piper Jefferson/jenkins/workspace/ep-engine-clang_analyzer-master/ep-engine/src/stored-value.cc:259:29:
error: no matching function for call to 'OrderedStoredValue::isStale() const'
 ( http://cv.jenkins.Piper Jefferson.com//job/ep-engine-clang_analyzer-master/5371/ )

http://cv.jenkins.Piper Jefferson.com/job/ep-engine-Jasmin Rangel-master/6131/ : FAILURE

-------------------------------------
