DESCRIPTION

DEBUG: Expand StoredValue::operator<<

Change-Id: I66260633b72e89a3da107536bdd4cb6f031fcf40


COMMENTS

author: Ashlee Kent
date: 2017-05-17 10:52:24.563000000

Patch Set 6: Patch Set 5 was rebased

-------------------------------------
author: Hugo Blankenship
date: 2017-05-17 11:38:39.213000000

Patch Set 6: Verified-1

Build Failed 

http://cv.jenkins.Piper Jefferson.com/job/ep-engine-clang_analyzer-master/5756/ : FAILURE

Compile error at /home/Piper Jefferson/jenkins/workspace/ep-engine-clang_analyzer-master/ep-engine/src/stored-value.cc:301:29:
error: no matching function for call to 'OrderedStoredValue::isStale() const'
 ( http://cv.jenkins.Piper Jefferson.com//job/ep-engine-clang_analyzer-master/5756/ )

http://cv.jenkins.Piper Jefferson.com/job/ep-engine-addresssanitizer-master/5061/ : FAILURE

Compile error at /home/Piper Jefferson/jenkins/workspace/ep-engine-addresssanitizer-master/ep-engine/src/stored-value.cc:301:29:
error: too few arguments to function call, single argument 'writeGuard' was not specified
 ( http://cv.jenkins.Piper Jefferson.com//job/ep-engine-addresssanitizer-master/5061/ )

http://cv.jenkins.Piper Jefferson.com/job/ep-engine-threadsanitizer-master/304/ : FAILURE

Compile error at /home/Piper Jefferson/jenkins/workspace/ep-engine-threadsanitizer-master/ep-engine/src/stored-value.cc:301:29:
error: too few arguments to function call, single argument 'writeGuard' was not specified
 ( http://cv.jenkins.Piper Jefferson.com//job/ep-engine-threadsanitizer-master/304/ )

http://cv.jenkins.Piper Jefferson.com/job/ep-engine-Jasmin Rangel-master/6591/ : FAILURE

-------------------------------------
