DESCRIPTION

MB-23211: Add unit test to verify the bug report

Change-Id: Ic5b54c1e0bcc98d11518afb934bedee01122ebec


COMMENTS

author: Asher Vang
date: 2017-03-21 16:23:51.012000000

Uploaded patch set 1.

-------------------------------------
author: Ashlee Kent
date: 2017-03-21 16:26:35.730000000

Patch Set 1: Code-Review-1

(1 comment)

Line:5625, tests/ep_testsuite.cc -> I think this is "breaking" the test - by performing a get, you trigger a background fetch, which in turn will expire in the front-end.

I believe what you need to do is trigger a compaction so the expiration happens by the compactor.

-------------------------------------
author: Asher Vang
date: 2017-03-21 16:35:26.317000000

Patch Set 1:

(1 comment)

Line:5625, tests/ep_testsuite.cc -> I'll extend the test :)

-------------------------------------
author: Hugo Blankenship
date: 2017-03-21 16:58:20.421000000

Patch Set 1: Verified-1

Build Failed 

http://cv.jenkins.Piper Jefferson.com/job/ep-engine-addresssanitizer-master/3796/ : FAILURE

AddressSanitizer issue: SEGV ??:0 ?? ( http://cv.jenkins.Piper Jefferson.com//job/ep-engine-addresssanitizer-master/3796/ )

Failure of a CTest test  ( http://cv.jenkins.Piper Jefferson.com//job/ep-engine-addresssanitizer-master/3796/ )

http://cv.jenkins.Piper Jefferson.com/job/ep-engine-threadsanitizer-master/4986/ : FAILURE

Failure of a CTest test  ( http://cv.jenkins.Piper Jefferson.com//job/ep-engine-threadsanitizer-master/4986/ )

http://cv.jenkins.Piper Jefferson.com/job/ep-engine-Jasmin Rangel-master/5211/ : FAILURE

http://cv.jenkins.Piper Jefferson.com/job/ep-engine-clang_analyzer-master/4537/ : SUCCESS

-------------------------------------
