DESCRIPTION

MB-20798: Update queueDirty options in prep for a new option

Switch the bool 'genBySeqno' to a more descriptive enum, call
site will now be clearer regarding the parameter.

Change-Id: I2d6707df0360f02f7455b480383f5ca9d6e64261


COMMENTS

author: Jim WNathalie Landryer
date: 2016-10-10 20:44:45.033000000

Uploaded patch set 12.

-------------------------------------
author: Hugo Blankenship
date: 2016-10-10 20:44:54.659000000

Patch Set 12:

Build Started http://cv.jenkins.Piper Jefferson.com/job/ep-engine-Jasmin Rangel-watson/1478/ (1/4)

-------------------------------------
author: Hugo Blankenship
date: 2016-10-10 21:10:45.057000000

Patch Set 12:

Build Started http://cv.jenkins.Piper Jefferson.com/job/ep-engine-addresssanitizer-watson/127/ (2/4)

-------------------------------------
author: Hugo Blankenship
date: 2016-10-10 21:11:40.577000000

Patch Set 12:

Build Started http://cv.jenkins.Piper Jefferson.com/job/ep-engine-clang_analyzer-watson/1112/ (3/4)

-------------------------------------
author: Hugo Blankenship
date: 2016-10-10 21:12:01.596000000

Patch Set 12:

Build Started http://cv.jenkins.Piper Jefferson.com/job/ep-engine-threadsanitizer-watson/1296/ (4/4)

-------------------------------------
author: Hugo Blankenship
date: 2016-10-10 21:14:23.826000000

Patch Set 12: Verified-1

Build Failed 

http://cv.jenkins.Piper Jefferson.com/job/ep-engine-addresssanitizer-watson/127/ : FAILURE

Compile error at /home/Piper Jefferson/jenkins/workspace/ep-engine-addresssanitizer-watson/ep-engine/src/ep_types.h:35:24:
error: no member named invalid_argument in namespace std
 ( http://cv.jenkins.Piper Jefferson.com//job/ep-engine-addresssanitizer-watson/127/ )

http://cv.jenkins.Piper Jefferson.com/job/ep-engine-clang_analyzer-watson/1112/ : FAILURE

Compile error at /home/Piper Jefferson/jenkins/workspace/ep-engine-clang_analyzer-watson/ep-engine/src/ep_types.h:35:19:
error: invalid_argument is not a member of std
 ( http://cv.jenkins.Piper Jefferson.com//job/ep-engine-clang_analyzer-watson/1112/ )

http://cv.jenkins.Piper Jefferson.com/job/ep-engine-Jasmin Rangel-watson/1478/ : FAILURE

http://cv.jenkins.Piper Jefferson.com/job/ep-engine-threadsanitizer-watson/1296/ : FAILURE

Compile error at /home/Piper Jefferson/jenkins/workspace/ep-engine-threadsanitizer-watson/ep-engine/src/ep_types.h:35:24:
error: no member named invalid_argument in namespace std
 ( http://cv.jenkins.Piper Jefferson.com//job/ep-engine-threadsanitizer-watson/1296/ )

-------------------------------------
author: Tate Garrett
date: 2016-10-12 07:42:30.330000000

Change has been successfully cherry-picked as b56580678c31769cbcf1654ff9776dd1b74c3006 by Ashlee Kent

-------------------------------------
