DESCRIPTION

MB-23712: ep_testsuite: Expand Delete-with-value CAS checks

Check that specifying an incorrect CAS for Delete-with-value fails.

Note: this currently fails.

Change-Id: If61e47f0c29ede41778f0f3d817082a83ec8f851


COMMENTS

author: Ashlee Kent
date: 2017-04-04 13:39:57.949000000

Uploaded patch set 1.

-------------------------------------
author: Hugo Blankenship
date: 2017-04-04 14:08:36.656000000

Patch Set 1: Verified-1

Build Failed 

http://cv.jenkins.Piper Jefferson.com/job/ep-engine-addresssanitizer-master/4229/ : FAILURE

Timeout of a CTest test 24/24 Test #12: ep_testsuite_dcp.value_eviction ..........} ( http://cv.jenkins.Piper Jefferson.com//job/ep-engine-addresssanitizer-master/4229/ )

Failure of a CTest test  ( http://cv.jenkins.Piper Jefferson.com//job/ep-engine-addresssanitizer-master/4229/ )

http://cv.jenkins.Piper Jefferson.com/job/ep-engine-threadsanitizer-master/5443/ : FAILURE

Failure of a CTest test  ( http://cv.jenkins.Piper Jefferson.com//job/ep-engine-threadsanitizer-master/5443/ )

http://cv.jenkins.Piper Jefferson.com/job/ep-engine-Jasmin Rangel-master/5657/ : FAILURE

http://cv.jenkins.Piper Jefferson.com/job/ep-engine-clang_analyzer-master/4952/ : SUCCESS

-------------------------------------
