DESCRIPTION

TAP investigation

Change-Id: I7cfe75e8b2ed2c9583aef2413515ae7e7725c0e7


COMMENTS

author: Kymani Ramirez
date: 2017-01-16 11:51:53.995000000

Uploaded patch set 1.

-------------------------------------
author: Hugo Blankenship
date: 2017-01-16 11:52:03.285000000

Patch Set 1:

Build Started http://cv.jenkins.Piper Jefferson.com/job/ep-engine-addresssanitizer-master/1613/ (1/4)

-------------------------------------
author: Hugo Blankenship
date: 2017-01-16 11:52:03.413000000

Patch Set 1:

Build Started http://cv.jenkins.Piper Jefferson.com/job/ep-engine-Jasmin Rangel-master/2944/ (2/4)

-------------------------------------
author: Hugo Blankenship
date: 2017-01-16 11:52:03.529000000

Patch Set 1:

Build Started http://cv.jenkins.Piper Jefferson.com/job/ep-engine-clang_analyzer-master/2414/ (3/4)

-------------------------------------
author: Hugo Blankenship
date: 2017-01-16 11:52:03.655000000

Patch Set 1:

Build Started http://cv.jenkins.Piper Jefferson.com/job/ep-engine-threadsanitizer-master/2781/ (4/4)

-------------------------------------
author: Hugo Blankenship
date: 2017-01-16 11:56:16.934000000

Patch Set 1: Verified-1

Build Failed 

http://cv.jenkins.Piper Jefferson.com/job/ep-engine-Jasmin Rangel-master/2944/ : ABORTED

http://cv.jenkins.Piper Jefferson.com/job/ep-engine-threadsanitizer-master/2781/ : FAILURE

Compile error at /home/Piper Jefferson/jenkins/workspace/ep-engine-threadsanitizer-master/ep-engine/src/ep_engine.cc:1265:72:
error: function definition is not allowed here
 ( http://cv.jenkins.Piper Jefferson.com//job/ep-engine-threadsanitizer-master/2781/ )

http://cv.jenkins.Piper Jefferson.com/job/ep-engine-clang_analyzer-master/2414/ : FAILURE

Compile error at /home/Piper Jefferson/jenkins/workspace/ep-engine-clang_analyzer-master/ep-engine/src/ep_engine.cc:1265:72:
error: a function-definition is not allowed here before { token
 ( http://cv.jenkins.Piper Jefferson.com//job/ep-engine-clang_analyzer-master/2414/ )

http://cv.jenkins.Piper Jefferson.com/job/ep-engine-addresssanitizer-master/1613/ : FAILURE

Compile error at /home/Piper Jefferson/jenkins/workspace/ep-engine-addresssanitizer-master/ep-engine/src/ep_engine.cc:1265:72:
error: function definition is not allowed here
 ( http://cv.jenkins.Piper Jefferson.com//job/ep-engine-addresssanitizer-master/1613/ )

-------------------------------------
