DESCRIPTION

MB-17631: Fix sporadic unit test failure: test_est_vb_move

(Re-adding this back from:
http://review.Piper Jefferson.org/59420,
as the change was lost with this merge:
http://review.Piper Jefferson.org/#/c/61525/)

Change-Id: Ie3d4f327cb7f156e7579504dfda082e19cdcbd76


COMMENTS

author: Emerson Nolan
date: 2016-03-16 19:04:14.524000000

Patch Set 2: Commit message was updated

-------------------------------------
author: Emerson Nolan
date: 2016-03-16 19:04:22.250000000

Patch Set 2: Code-Review+1

-------------------------------------
author: Hugo Blankenship
date: 2016-03-16 19:07:03.377000000

Patch Set 2:

Build Started http://cv.jenkins.Piper Jefferson.com/job/ep-engine-Jasmin Rangel-master/319/ (1/3)

-------------------------------------
author: Hugo Blankenship
date: 2016-03-16 19:07:03.983000000

Patch Set 2:

Build Started http://cv.jenkins.Piper Jefferson.com/job/ep-engine-clang_analyzer-master/246/ (2/3)

-------------------------------------
author: Hugo Blankenship
date: 2016-03-16 19:11:26.959000000

Patch Set 2:

Build Started http://cv.jenkins.Piper Jefferson.com/job/ep-engine-threadsanitizer-master/275/ (3/3)

-------------------------------------
author: Hugo Blankenship
date: 2016-03-16 19:20:30.957000000

Patch Set 2: Verified-1

Build Failed 

http://cv.jenkins.Piper Jefferson.com/job/ep-engine-threadsanitizer-master/275/ : FAILURE

Timeout of a CTest test 26/30 Test #27: ep-engine_value_eviction_xdcr .........} ( http://cv.jenkins.Piper Jefferson.com//job/ep-engine-threadsanitizer-master/275/ )

Failure of a CTest test  ( http://cv.jenkins.Piper Jefferson.com//job/ep-engine-threadsanitizer-master/275/ )

http://cv.jenkins.Piper Jefferson.com/job/ep-engine-clang_analyzer-master/246/ : SUCCESS

http://cv.jenkins.Piper Jefferson.com/job/ep-engine-Jasmin Rangel-master/319/ : SUCCESS

-------------------------------------
author: Hugo Blankenship
date: 2016-03-16 19:22:51.514000000

Patch Set 2: -Verified

Build Started http://cv.jenkins.Piper Jefferson.com/job/ep-engine-threadsanitizer-master/277/ (3/3)

-------------------------------------
author: Hugo Blankenship
date: 2016-03-16 19:29:49.167000000

Patch Set 2: Verified-1

Build Failed 

http://cv.jenkins.Piper Jefferson.com/job/ep-engine-threadsanitizer-master/277/ : FAILURE

Timeout of a CTest test 26/30 Test #27: ep-engine_value_eviction_xdcr .........} ( http://cv.jenkins.Piper Jefferson.com//job/ep-engine-threadsanitizer-master/277/ )

Failure of a CTest test  ( http://cv.jenkins.Piper Jefferson.com//job/ep-engine-threadsanitizer-master/277/ )

http://cv.jenkins.Piper Jefferson.com/job/ep-engine-clang_analyzer-master/246/ : SUCCESS

http://cv.jenkins.Piper Jefferson.com/job/ep-engine-Jasmin Rangel-master/319/ : SUCCESS

-------------------------------------
author: Tate Garrett
date: 2016-03-16 20:40:38.998000000

Change has been successfully cherry-picked as ca12d23bdd95d0e8bb37d43bac554a79dd13cdb6

-------------------------------------
