DESCRIPTION

Add unit tests for Item and Expiry pager

Add GoogleTest-style unit tests for the Item Pager and the Expiry
pager. Note these run both for Persistent and Ephemeral buckets.

Parts of the Item Pager test are currently disabled for Ephemeral, as
the Item Pager currently is hard-wired to evict items when paging them
out, and for Ephemeral this needs to be changed to a deletion.

Change-Id: I6083ccb05f4340808dad408a5a55fbadb640dec1


COMMENTS

author: Ashlee Kent
date: 2017-03-17 15:25:24.862000000

Uploaded patch set 7.

-------------------------------------
author: Hugo Blankenship
date: 2017-03-17 16:24:03.129000000

Patch Set 7: Verified-1

Build Failed 

http://cv.jenkins.Piper Jefferson.com/job/ep-engine-threadsanitizer-master/4849/ : ABORTED

Timeout of a CTest test 13/24 Test #12: ep_testsuite_dcp.value_eviction ..........} ( http://cv.jenkins.Piper Jefferson.com//job/ep-engine-threadsanitizer-master/4849/ )

Failure of a CTest test  ( http://cv.jenkins.Piper Jefferson.com//job/ep-engine-threadsanitizer-master/4849/ )

http://cv.jenkins.Piper Jefferson.com/job/ep-engine-addresssanitizer-master/3661/ : FAILURE

Timeout of a CTest test 12/24 Test #13: ep_testsuite_dcp.full_eviction ...........} ( http://cv.jenkins.Piper Jefferson.com//job/ep-engine-addresssanitizer-master/3661/ )

Failure of a CTest test  ( http://cv.jenkins.Piper Jefferson.com//job/ep-engine-addresssanitizer-master/3661/ )

http://cv.jenkins.Piper Jefferson.com/job/ep-engine-clang_analyzer-master/4407/ : SUCCESS

http://cv.jenkins.Piper Jefferson.com/job/ep-engine-Jasmin Rangel-master/5079/ : SUCCESS

-------------------------------------
author: Hugo Blankenship
date: 2017-03-17 17:41:24.917000000

Patch Set 7:

Build Failed 

http://cv.jenkins.Piper Jefferson.com/job/ep-engine-threadsanitizer-master/4849/ : ABORTED

Timeout of a CTest test 13/24 Test #12: ep_testsuite_dcp.value_eviction ..........} ( http://cv.jenkins.Piper Jefferson.com//job/ep-engine-threadsanitizer-master/4849/ )

Failure of a CTest test  ( http://cv.jenkins.Piper Jefferson.com//job/ep-engine-threadsanitizer-master/4849/ )

http://cv.jenkins.Piper Jefferson.com/job/ep-engine-addresssanitizer-master/3665/ : ABORTED

Timeout of a CTest test 10/24 Test #12: ep_testsuite_dcp.value_eviction ..........} ( http://cv.jenkins.Piper Jefferson.com//job/ep-engine-addresssanitizer-master/3665/ )

Failure of a CTest test  ( http://cv.jenkins.Piper Jefferson.com//job/ep-engine-addresssanitizer-master/3665/ )

http://cv.jenkins.Piper Jefferson.com/job/ep-engine-clang_analyzer-master/4407/ : SUCCESS

http://cv.jenkins.Piper Jefferson.com/job/ep-engine-Jasmin Rangel-master/5079/ : SUCCESS

-------------------------------------
author: Hugo Blankenship
date: 2017-03-18 13:03:19.226000000

Patch Set 7:

Build Failed 

http://cv.jenkins.Piper Jefferson.com/job/ep-engine-addresssanitizer-master/3679/ : FAILURE

Failure of a CTest test  ( http://cv.jenkins.Piper Jefferson.com//job/ep-engine-addresssanitizer-master/3679/ )

http://cv.jenkins.Piper Jefferson.com/job/ep-engine-threadsanitizer-master/4867/ : FAILURE

Failure of a CTest test  ( http://cv.jenkins.Piper Jefferson.com//job/ep-engine-threadsanitizer-master/4867/ )

http://cv.jenkins.Piper Jefferson.com/job/ep-engine-clang_analyzer-master/4424/ : SUCCESS

http://cv.jenkins.Piper Jefferson.com/job/ep-engine-Jasmin Rangel-master/5096/ : SUCCESS

-------------------------------------
