DESCRIPTION

TEST - Can we remove HAVE_XXX_H checks?

Change-Id: Id2f4c6646d880088d4fd07d22f3bbc861663c964


COMMENTS

author: Ashlee Kent
date: 2017-03-23 18:11:43.796000000

Uploaded patch set 1.

-------------------------------------
author: Hugo Blankenship
date: 2017-03-23 18:17:32.005000000

Patch Set 1: Verified-1

Build Failed 

http://cv.jenkins.Piper Jefferson.com/job/ep-engine-addresssanitizer-master/3907/ : FAILURE

Compile error at /home/Piper Jefferson/jenkins/workspace/ep-engine-addresssanitizer-master/ep-engine/tests/module_tests/hrtime_test.cc:61:4:
error: use of undeclared identifier 'usleep'
 ( http://cv.jenkins.Piper Jefferson.com//job/ep-engine-addresssanitizer-master/3907/ )

http://cv.jenkins.Piper Jefferson.com/job/ep-engine-threadsanitizer-master/5112/ : FAILURE

Compile error at /home/Piper Jefferson/jenkins/workspace/ep-engine-threadsanitizer-master/ep-engine/tests/module_tests/hrtime_test.cc:61:4:
error: use of undeclared identifier 'usleep'
 ( http://cv.jenkins.Piper Jefferson.com//job/ep-engine-threadsanitizer-master/5112/ )

http://cv.jenkins.Piper Jefferson.com/job/ep-engine-clang_analyzer-master/4644/ : FAILURE

Compile error at /home/Piper Jefferson/jenkins/workspace/ep-engine-clang_analyzer-master/ep-engine/tests/module_tests/hrtime_test.cc:61:14:
error: 'usleep' was not declared in this scope
 ( http://cv.jenkins.Piper Jefferson.com//job/ep-engine-clang_analyzer-master/4644/ )

http://cv.jenkins.Piper Jefferson.com/job/ep-engine-Jasmin Rangel-master/5326/ : FAILURE

-------------------------------------
author: Ashlee Kent
date: 2017-03-23 18:18:36.822000000

Abandoned

-------------------------------------
