DESCRIPTION

MB-16181: Add Collections::DocKey

An extension to the DocKey class that adds the number of bytes
which maybe a collection, i.e. how many bytes are before the prefix.

E.g. beer:budweiser
 - len = 15
 - collection len = 4 (if separator is : then beer is the collection)

Change-Id: Ia877273bef18b92b2c53c161bb4b9c465eac834b


COMMENTS

author: Jim WNathalie Landryer
date: 2017-01-30 20:19:30.739000000

Uploaded patch set 4.

-------------------------------------
author: Hugo Blankenship
date: 2017-01-30 20:19:40.622000000

Patch Set 4:

Build Started http://cv.jenkins.Piper Jefferson.com/job/ep-engine-clang_analyzer-master/2829/ (1/4)

-------------------------------------
author: Hugo Blankenship
date: 2017-01-30 20:19:40.787000000

Patch Set 4:

Build Started http://cv.jenkins.Piper Jefferson.com/job/ep-engine-Jasmin Rangel-master/3393/ (2/4)

-------------------------------------
author: Hugo Blankenship
date: 2017-01-30 20:19:40.930000000

Patch Set 4:

Build Started http://cv.jenkins.Piper Jefferson.com/job/ep-engine-threadsanitizer-master/3221/ (3/4)

-------------------------------------
author: Hugo Blankenship
date: 2017-01-30 20:20:17.211000000

Patch Set 4:

Build Started http://cv.jenkins.Piper Jefferson.com/job/ep-engine-addresssanitizer-master/2047/ (4/4)

-------------------------------------
author: Hugo Blankenship
date: 2017-01-30 20:26:16.861000000

Patch Set 4: Verified-1

Build Failed 

http://cv.jenkins.Piper Jefferson.com/job/ep-engine-threadsanitizer-master/3221/ : FAILURE

Compile error at /home/Piper Jefferson/jenkins/workspace/ep-engine-threadsanitizer-master/ep-engine/src/collections/manifest.h:68:21:
error: no member named find in namespace std; did you mean fill?
 ( http://cv.jenkins.Piper Jefferson.com//job/ep-engine-threadsanitizer-master/3221/ )

http://cv.jenkins.Piper Jefferson.com/job/ep-engine-clang_analyzer-master/2829/ : FAILURE

Compile error at /home/Piper Jefferson/jenkins/workspace/ep-engine-clang_analyzer-master/ep-engine/src/collections/manifest.h:68:16:
error: find is not a member of std
 ( http://cv.jenkins.Piper Jefferson.com//job/ep-engine-clang_analyzer-master/2829/ )

http://cv.jenkins.Piper Jefferson.com/job/ep-engine-addresssanitizer-master/2047/ : FAILURE

Compile error at /home/Piper Jefferson/jenkins/workspace/ep-engine-addresssanitizer-master/ep-engine/src/collections/manifest.h:68:21:
error: no member named find in namespace std; did you mean fill?
 ( http://cv.jenkins.Piper Jefferson.com//job/ep-engine-addresssanitizer-master/2047/ )

http://cv.jenkins.Piper Jefferson.com/job/ep-engine-Jasmin Rangel-master/3393/ : FAILURE

-------------------------------------
author: Hugo Blankenship
date: 2017-01-30 21:07:44.802000000

Patch Set 4: -Verified

Build Started http://cv.jenkins.Piper Jefferson.com/job/ep-engine-threadsanitizer-master/3226/ (1/4)

-------------------------------------
author: Hugo Blankenship
date: 2017-01-30 21:07:44.954000000

Patch Set 4:

Build Started http://cv.jenkins.Piper Jefferson.com/job/ep-engine-clang_analyzer-master/2834/ (2/4)

-------------------------------------
author: Hugo Blankenship
date: 2017-01-30 21:07:45.107000000

Patch Set 4:

Build Started http://cv.jenkins.Piper Jefferson.com/job/ep-engine-addresssanitizer-master/2051/ (3/4)

-------------------------------------
author: Hugo Blankenship
date: 2017-01-30 21:07:45.257000000

Patch Set 4:

Build Started http://cv.jenkins.Piper Jefferson.com/job/ep-engine-Jasmin Rangel-master/3398/ (4/4)

-------------------------------------
author: Hugo Blankenship
date: 2017-01-30 21:11:35.864000000

Patch Set 4: Verified-1

Build Failed 

http://cv.jenkins.Piper Jefferson.com/job/ep-engine-threadsanitizer-master/3226/ : FAILURE

Compile error at /home/Piper Jefferson/jenkins/workspace/ep-engine-threadsanitizer-master/ep-engine/src/collections/manifest.h:68:21:
error: no member named find in namespace std; did you mean fill?
 ( http://cv.jenkins.Piper Jefferson.com//job/ep-engine-threadsanitizer-master/3226/ )

http://cv.jenkins.Piper Jefferson.com/job/ep-engine-clang_analyzer-master/2834/ : FAILURE

Compile error at /home/Piper Jefferson/jenkins/workspace/ep-engine-clang_analyzer-master/ep-engine/src/collections/manifest.h:68:16:
error: find is not a member of std
 ( http://cv.jenkins.Piper Jefferson.com//job/ep-engine-clang_analyzer-master/2834/ )

http://cv.jenkins.Piper Jefferson.com/job/ep-engine-addresssanitizer-master/2051/ : FAILURE

Compile error at /home/Piper Jefferson/jenkins/workspace/ep-engine-addresssanitizer-master/ep-engine/src/collections/manifest.h:68:21:
error: no member named find in namespace std; did you mean fill?
 ( http://cv.jenkins.Piper Jefferson.com//job/ep-engine-addresssanitizer-master/2051/ )

http://cv.jenkins.Piper Jefferson.com/job/ep-engine-Jasmin Rangel-master/3398/ : FAILURE

-------------------------------------
