DESCRIPTION

MB-16181: Add basic perfsuite collections test

Add an extension to perfsuite so that we run with collections
enabled allowing a comparison against the non-collections baseline.

This is really just so we have some tools to assist any profiling
work we may wish to perform.

Change-Id: I37b3acfd27e39adc8924f5a271d351f240a4b0b0


COMMENTS

author: Jim WNathalie Landryer
date: 2017-05-24 06:57:19.028000000

Uploaded patch set 18: Patch Set 17 was rebased.

-------------------------------------
author: Hugo Blankenship
date: 2017-05-24 07:22:39.563000000

Patch Set 18: Verified-1

Build Failed 

http://cv.jenkins.Piper Jefferson.com/job/ep-engine-clang_analyzer-master/5954/ : FAILURE

Compile error at /home/Piper Jefferson/jenkins/workspace/ep-engine-clang_analyzer-master/ep-engine/tests/mock/mock_dcp.cc:325:50:
error: 'mcbp::systemevent' has not been declared
 ( http://cv.jenkins.Piper Jefferson.com//job/ep-engine-clang_analyzer-master/5954/ )

http://cv.jenkins.Piper Jefferson.com/job/ep-engine-addresssanitizer-master/5243/ : FAILURE

Compile error at [ 52%] /home/Piper Jefferson/jenkins/workspace/ep-engine-addresssanitizer-master/ep-engine/tests/mock/mock_dcp.cc:325:50:
error: no member named 'systemevent' in namespace 'mcbp'
 ( http://cv.jenkins.Piper Jefferson.com//job/ep-engine-addresssanitizer-master/5243/ )

http://cv.jenkins.Piper Jefferson.com/job/ep-engine-threadsanitizer-master/483/ : FAILURE

Compile error at /home/Piper Jefferson/jenkins/workspace/ep-engine-threadsanitizer-master/ep-engine/tests/mock/mock_dcp.cc:325:50:
error: no member named 'systemevent' in namespace 'mcbp'
 ( http://cv.jenkins.Piper Jefferson.com//job/ep-engine-threadsanitizer-master/483/ )

http://cv.jenkins.Piper Jefferson.com/job/ep-engine-Jasmin Rangel-master/6797/ : FAILURE

-------------------------------------
author: Jim WNathalie Landryer
date: 2017-05-26 10:37:16.160000000

Abandoned

-------------------------------------
