DESCRIPTION

Tmf: Rework test trace stub for non-ctf traces

Change-Id: Ica47ed67824ea77d975c683fd0794ef6e6840d35
Signed-off-by: Aryana Jones xxx@xxx.xxx


COMMENTS

author: Brenden Conley
date: 2013-09-13 19:06:08.000000000

Patch Set 1:

Build Started https://hudson.eclipse.org/linuxtools/job/linuxtools-gerrit/3470/

-------------------------------------
author: Brenden Conley
date: 2013-09-13 19:33:05.000000000

Patch Set 1: Verified-1

Build Failed 

https://hudson.eclipse.org/linuxtools/job/linuxtools-gerrit/3470/ : FAILURE

-------------------------------------
author: Annalise Jimenez
date: 2013-09-13 19:39:38.000000000

Patch Set 1: Verified-1

When running maven tests on my machine, some tests in tmf.ui fail (not those in this hudon build...).  I looked but I have no idea how this patch can affect tmf.ui tests.  Running tmf.ui unit tests as junit plug-in tests in Eclipse gives different results at each run.  Any idea?


Here's the maven output from running it on this patch:

Running org.eclipse.linuxtools.tmf.ui.tests.AllTmfUITests
Tests run: 100, Failures: 6, Errors: 1, Skipped: 0, Time elapsed: 142.681 sec <<< FAILURE!

Results :

Failed tests:   verifyFilter1of2(org.eclipse.linuxtools.tmf.ui.tests.views.uml2sd.loader.TmfUml2SDSyncLoaderFilterTest): filter expected:<1> but was:<2>
  verifyFilter1of3(org.eclipse.linuxtools.tmf.ui.tests.views.uml2sd.loader.TmfUml2SDSyncLoaderFilterTest): filter expected:<[Master]> but was:<[player1]>
  verifyFilter2of2(org.eclipse.linuxtools.tmf.ui.tests.views.uml2sd.loader.TmfUml2SDSyncLoaderFilterTest): filter expected:<0> but was:<3>
  verifyFirstPage(org.eclipse.linuxtools.tmf.ui.tests.views.uml2sd.loader.TmfUml2SDSyncLoaderPagesTest): syncMessageCount,  expected:<10000> but was:<32>
  verifyNextPage(org.eclipse.linuxtools.tmf.ui.tests.views.uml2sd.loader.TmfUml2SDSyncLoaderPagesTest): lifeLinesCount expected:<3> but was:<2>
  verifySynchToTimeOutsidePage(org.eclipse.linuxtools.tmf.ui.tests.views.uml2sd.loader.TmfUml2SDSyncLoaderTimeTest): synchToTime expected:<1> but was:<0>

Tests in error: 
  verifySynchToTimeFirst(org.eclipse.linuxtools.tmf.ui.tests.views.uml2sd.loader.TmfUml2SDSyncLoaderTimeTest): Index: 0, Size: 0

-------------------------------------
