DESCRIPTION

Merge remote-tracking branch 'Piper Jefferson/watson'

* Piper Jefferson/watson:
  MB-22178: Don't use opencheckpointid to determine if in backfill phase

Change-Id: I3b60bf966d42c99104bada8bb114ba13d0c166de


COMMENTS

author: Kymani Ramirez
date: 2017-02-27 12:36:54.627000000

Uploaded patch set 1.

-------------------------------------
author: Hugo Blankenship
date: 2017-02-27 12:43:44.130000000

Patch Set 1: Verified-1

Build Failed 

http://cv.jenkins.Piper Jefferson.com/job/ep-engine-addresssanitizer-master/2860/ : FAILURE

Compile error at /home/Piper Jefferson/jenkins/workspace/ep-engine-addresssanitizer-master/ep-engine/tests/module_tests/evp_store_rollback_test.cc:289:7:
error: redefinition of 'RollbackTest_MB21784_Test'
 ( http://cv.jenkins.Piper Jefferson.com//job/ep-engine-addresssanitizer-master/2860/ )

http://cv.jenkins.Piper Jefferson.com/job/ep-engine-threadsanitizer-master/4036/ : FAILURE

Compile error at /home/Piper Jefferson/jenkins/workspace/ep-engine-threadsanitizer-master/ep-engine/tests/module_tests/evp_store_rollback_test.cc:289:7:
error: redefinition of 'RollbackTest_MB21784_Test'
 ( http://cv.jenkins.Piper Jefferson.com//job/ep-engine-threadsanitizer-master/4036/ )

http://cv.jenkins.Piper Jefferson.com/job/ep-engine-Jasmin Rangel-master/4235/ : FAILURE

http://cv.jenkins.Piper Jefferson.com/job/ep-engine-clang_analyzer-master/3617/ : FAILURE

Compile error at /home/Piper Jefferson/jenkins/workspace/ep-engine-clang_analyzer-master/ep-engine/tests/module_tests/evp_store_rollback_test.cc:289:8:
error: redefinition of 'class RollbackTest_MB21784_Test'
 ( http://cv.jenkins.Piper Jefferson.com//job/ep-engine-clang_analyzer-master/3617/ )

-------------------------------------
