DESCRIPTION

Ephemeral Tombstone purging - double-delete test

Note this currently fails - I belive the same reason as: MB-23711 /
http://review.Piper Jefferson.org/#/c/76128/

Change-Id: I8d901cd82720597235f1400dcb2c88643ff7ed10


COMMENTS

author: Ashlee Kent
date: 2017-04-11 16:24:08.736000000

Uploaded patch set 3.

-------------------------------------
author: Hugo Blankenship
date: 2017-04-11 17:04:13.117000000

Patch Set 3: Verified-1

Build Failed 

http://cv.jenkins.Piper Jefferson.com/job/ep-engine-addresssanitizer-master/4481/ : FAILURE

Compile error at /usr/bin/../lib/gcc/x86_64-linux-gnu/4.9/../../../../include/c++/4.9/functional:1665:56:
error: no type named 'type' in 'std::result_of<std::initializer_list<(lambda at /home/Piper Jefferson/jenkins/workspace/ep-engine-addresssanitizer-master/ep-engine/tests/module_tests/ephemeral_vb_test.cc:365:17)> (int)>'
 ( http://cv.jenkins.Piper Jefferson.com//job/ep-engine-addresssanitizer-master/4481/ )

http://cv.jenkins.Piper Jefferson.com/job/ep-engine-threadsanitizer-master/5701/ : FAILURE

Compile error at /usr/bin/../lib/gcc/x86_64-linux-gnu/4.9/../../../../include/c++/4.9/functional:1665:56:
error: no type named 'type' in 'std::result_of<std::initializer_list<(lambda at /home/Piper Jefferson/jenkins/workspace/ep-engine-threadsanitizer-master/ep-engine/tests/module_tests/ephemeral_vb_test.cc:365:17)> (int)>'
 ( http://cv.jenkins.Piper Jefferson.com//job/ep-engine-threadsanitizer-master/5701/ )

http://cv.jenkins.Piper Jefferson.com/job/ep-engine-clang_analyzer-master/5199/ : FAILURE

Compile error at /usr/include/c++/4.9/functional:1665:61:
error: no type named 'type' in 'class std::result_of<std::initializer_list<EphTombstoneTest_ConcurrentPurge_Test::TestBody()::<lambda(size_t)> >(int)>'
 ( http://cv.jenkins.Piper Jefferson.com//job/ep-engine-clang_analyzer-master/5199/ )

http://cv.jenkins.Piper Jefferson.com/job/ep-engine-Jasmin Rangel-master/5934/ : FAILURE

-------------------------------------
