DESCRIPTION

Fix test suite compilation errors

This fixes some missing function declaration errors:

  CXX    ep_testsuite_la-ep_testsuite.lo
cc1plus: warnings being treated as errors
ep_testsuite.cc: In function ‘test_result prepare(engine_test_t*)’:
ep_testsuite.cc:5425: error: no previous declaration for ‘test_result prepare(engine_test_t*)’ [-Wmissing-declarations]
ep_testsuite.cc: In function ‘void cleanup(engine_test_t*, test_result)’:
ep_testsuite.cc:5447: error: no previous declaration for ‘void cleanup(engine_test_t*, test_result)’ [-Wmissing-declarations]
ep_testsuite.cc: In function ‘bool teardown_suite()’:
ep_testsuite.cc:5965: error: no previous declaration for ‘bool teardown_suite()’ [-Wmissing-declarations]
make[2]: *** [ep_testsuite_la-ep_testsuite.lo] Error 1

Change-Id: I2363240c962a09740301a4a85f0559bc04981bcd


COMMENTS

author: Porter Oconnor
date: 2011-07-12 17:46:40.796000000

Patch Set 1: Verified



-------------------------------------
author: Noah Dean
date: 2011-07-12 18:47:36.028000000

Patch Set 1: Looks good to me, approved



-------------------------------------
author: Noah Dean
date: 2011-07-12 18:47:36.251000000

Change has been successfully cherry-picked as 82050d5da0e4be70b0131eb996873e1f686b8d68.

-------------------------------------
