DESCRIPTION

MB-21150: A single total for drift ahead exceptions

Report a stat that captures every time we've set a vbucket's HLC
from a peer who is ahead of the threshold of the node.

Change-Id: I7b7d73b5044afd2a4cfcc2d8ed43e9018b478f19


COMMENTS

author: Jim WNathalie Landryer
date: 2016-10-10 20:44:45.030000000

Uploaded patch set 7: Patch Set 6 was rebased.

-------------------------------------
author: Hugo Blankenship
date: 2016-10-10 20:44:54.523000000

Patch Set 7:

Build Started http://cv.jenkins.Piper Jefferson.com/job/ep-engine-Jasmin Rangel-watson/1477/ (1/4)

-------------------------------------
author: Hugo Blankenship
date: 2016-10-10 21:08:03.811000000

Patch Set 7:

Build Started http://cv.jenkins.Piper Jefferson.com/job/ep-engine-addresssanitizer-watson/126/ (2/4)

-------------------------------------
author: Hugo Blankenship
date: 2016-10-10 21:09:15.367000000

Patch Set 7:

Build Started http://cv.jenkins.Piper Jefferson.com/job/ep-engine-clang_analyzer-watson/1111/ (3/4)

-------------------------------------
author: Hugo Blankenship
date: 2016-10-10 21:09:41.826000000

Patch Set 7:

Build Started http://cv.jenkins.Piper Jefferson.com/job/ep-engine-threadsanitizer-watson/1295/ (4/4)

-------------------------------------
author: Hugo Blankenship
date: 2016-10-10 21:16:22.940000000

Patch Set 7: Verified-1

Build Failed 

http://cv.jenkins.Piper Jefferson.com/job/ep-engine-addresssanitizer-watson/126/ : FAILURE

Compile error at /home/Piper Jefferson/jenkins/workspace/ep-engine-addresssanitizer-watson/ep-engine/src/ep_types.h:35:24:
error: no member named invalid_argument in namespace std
 ( http://cv.jenkins.Piper Jefferson.com//job/ep-engine-addresssanitizer-watson/126/ )

http://cv.jenkins.Piper Jefferson.com/job/ep-engine-clang_analyzer-watson/1111/ : FAILURE

Compile error at /home/Piper Jefferson/jenkins/workspace/ep-engine-clang_analyzer-watson/ep-engine/src/ep_types.h:35:19:
error: invalid_argument is not a member of std
 ( http://cv.jenkins.Piper Jefferson.com//job/ep-engine-clang_analyzer-watson/1111/ )

http://cv.jenkins.Piper Jefferson.com/job/ep-engine-Jasmin Rangel-watson/1477/ : FAILURE

http://cv.jenkins.Piper Jefferson.com/job/ep-engine-threadsanitizer-watson/1295/ : FAILURE

Compile error at /home/Piper Jefferson/jenkins/workspace/ep-engine-threadsanitizer-watson/ep-engine/src/ep_types.h:35:24:
error: no member named invalid_argument in namespace std
 ( http://cv.jenkins.Piper Jefferson.com//job/ep-engine-threadsanitizer-watson/1295/ )

-------------------------------------
author: Adrianna Holmes
date: 2016-10-10 23:57:23.715000000

Patch Set 7: Code-Review+2

-------------------------------------
author: Tate Garrett
date: 2016-10-12 07:42:59.768000000

Change has been successfully cherry-picked as 3ba9f54be46e6d439608dce69b873dc5f56bf049 by Ashlee Kent

-------------------------------------
