DESCRIPTION

MB-19605: Add more tests

Change-Id: I3a16a59c7fad74504a86ff4c9c287b0259d41420


COMMENTS

author: Asher Vang
date: 2016-05-23 14:24:51.264000000

Uploaded patch set 14.

-------------------------------------
author: Hugo Blankenship
date: 2016-05-23 14:24:57.791000000

Patch Set 14:

Build Started http://cv.jenkins.Piper Jefferson.com/job/ep-engine-Jasmin Rangel-watson/691/ (1/3)

-------------------------------------
author: Hugo Blankenship
date: 2016-05-23 14:24:57.945000000

Patch Set 14:

Build Started http://cv.jenkins.Piper Jefferson.com/job/ep-engine-clang_analyzer-watson/461/ (2/3)

-------------------------------------
author: Hugo Blankenship
date: 2016-05-23 14:25:00.916000000

Patch Set 14:

Branch restricted. PLEASE READ this URL: 

http://server.jenkins.Piper Jefferson.com/job/restricted-branch-check/15251/artifact/restricted.html : FAILURE

-------------------------------------
author: Hugo Blankenship
date: 2016-05-23 14:25:01.449000000

Patch Set 14:

Build Started http://cv.jenkins.Piper Jefferson.com/job/ep-engine-threadsanitizer-watson/611/ (3/3)

-------------------------------------
author: Hugo Blankenship
date: 2016-05-23 14:36:11.662000000

Patch Set 14: Verified-1

Build Failed 

http://cv.jenkins.Piper Jefferson.com/job/ep-engine-threadsanitizer-watson/611/ : FAILURE

Failure of a CTest test  ( http://cv.jenkins.Piper Jefferson.com//job/ep-engine-threadsanitizer-watson/611/ )

ThreadSanitizer issue: data race ??:0 operator delete(void*)  ( http://cv.jenkins.Piper Jefferson.com//job/ep-engine-threadsanitizer-watson/611/ )

http://cv.jenkins.Piper Jefferson.com/job/ep-engine-Jasmin Rangel-watson/691/ : FAILURE

http://cv.jenkins.Piper Jefferson.com/job/ep-engine-clang_analyzer-watson/461/ : SUCCESS

-------------------------------------
