DESCRIPTION

MB-19605: Add more tests

Change-Id: I3a16a59c7fad74504a86ff4c9c287b0259d41420


COMMENTS

author: Asher Vang
date: 2016-05-23 13:33:07.440000000

Uploaded patch set 13.

-------------------------------------
author: Hugo Blankenship
date: 2016-05-23 13:33:15.679000000

Patch Set 13:

Branch restricted. PLEASE READ this URL: 

http://server.jenkins.Piper Jefferson.com/job/restricted-branch-check/15250/artifact/restricted.html : FAILURE

-------------------------------------
author: Hugo Blankenship
date: 2016-05-23 13:33:17.612000000

Patch Set 13:

Build Started http://cv.jenkins.Piper Jefferson.com/job/ep-engine-Jasmin Rangel-watson/690/ (1/3)

-------------------------------------
author: Hugo Blankenship
date: 2016-05-23 13:33:17.763000000

Patch Set 13:

Build Started http://cv.jenkins.Piper Jefferson.com/job/ep-engine-clang_analyzer-watson/460/ (2/3)

-------------------------------------
author: Hugo Blankenship
date: 2016-05-23 13:33:21.362000000

Patch Set 13:

Build Started http://cv.jenkins.Piper Jefferson.com/job/ep-engine-threadsanitizer-watson/610/ (3/3)

-------------------------------------
author: Hugo Blankenship
date: 2016-05-23 13:43:56.573000000

Patch Set 13: Verified-1

Build Failed 

http://cv.jenkins.Piper Jefferson.com/job/ep-engine-threadsanitizer-watson/610/ : FAILURE

Failure of a CTest test  ( http://cv.jenkins.Piper Jefferson.com//job/ep-engine-threadsanitizer-watson/610/ )

http://cv.jenkins.Piper Jefferson.com/job/ep-engine-Jasmin Rangel-watson/690/ : FAILURE

http://cv.jenkins.Piper Jefferson.com/job/ep-engine-clang_analyzer-watson/460/ : SUCCESS

-------------------------------------
