DESCRIPTION

MB-19605: Add more tests

Change-Id: I3a16a59c7fad74504a86ff4c9c287b0259d41420


COMMENTS

author: Asher Vang
date: 2016-05-23 12:29:15.618000000

Uploaded patch set 10.

-------------------------------------
author: Hugo Blankenship
date: 2016-05-23 12:29:21.911000000

Patch Set 10:

Build Started http://cv.jenkins.Piper Jefferson.com/job/ep-engine-Jasmin Rangel-watson/687/ (1/3)

-------------------------------------
author: Hugo Blankenship
date: 2016-05-23 12:29:22.058000000

Patch Set 10:

Build Started http://cv.jenkins.Piper Jefferson.com/job/ep-engine-clang_analyzer-watson/457/ (2/3)

-------------------------------------
author: Hugo Blankenship
date: 2016-05-23 12:29:25.486000000

Patch Set 10:

Branch restricted. PLEASE READ this URL: 

http://server.jenkins.Piper Jefferson.com/job/restricted-branch-check/15247/artifact/restricted.html : FAILURE

-------------------------------------
author: Hugo Blankenship
date: 2016-05-23 12:29:25.730000000

Patch Set 10:

Build Started http://cv.jenkins.Piper Jefferson.com/job/ep-engine-threadsanitizer-watson/607/ (3/3)

-------------------------------------
author: Hugo Blankenship
date: 2016-05-23 12:40:34.295000000

Patch Set 10: Verified-1

Build Failed 

http://cv.jenkins.Piper Jefferson.com/job/ep-engine-threadsanitizer-watson/607/ : FAILURE

Failure of a CTest test  ( http://cv.jenkins.Piper Jefferson.com//job/ep-engine-threadsanitizer-watson/607/ )

http://cv.jenkins.Piper Jefferson.com/job/ep-engine-Jasmin Rangel-watson/687/ : FAILURE

http://cv.jenkins.Piper Jefferson.com/job/ep-engine-clang_analyzer-watson/457/ : SUCCESS

-------------------------------------
