DESCRIPTION

MB-19605: Add more tests

Change-Id: I3a16a59c7fad74504a86ff4c9c287b0259d41420


COMMENTS

author: Asher Vang
date: 2016-05-23 13:17:06.893000000

Uploaded patch set 12.

-------------------------------------
author: Hugo Blankenship
date: 2016-05-23 13:17:12.395000000

Patch Set 12:

Build Started http://cv.jenkins.Piper Jefferson.com/job/ep-engine-clang_analyzer-watson/459/ (1/3)

-------------------------------------
author: Hugo Blankenship
date: 2016-05-23 13:17:12.540000000

Patch Set 12:

Build Started http://cv.jenkins.Piper Jefferson.com/job/ep-engine-Jasmin Rangel-watson/689/ (2/3)

-------------------------------------
author: Hugo Blankenship
date: 2016-05-23 13:17:15.644000000

Patch Set 12:

Branch restricted. PLEASE READ this URL: 

http://server.jenkins.Piper Jefferson.com/job/restricted-branch-check/15249/artifact/restricted.html : FAILURE

-------------------------------------
author: Hugo Blankenship
date: 2016-05-23 13:17:16.354000000

Patch Set 12:

Build Started http://cv.jenkins.Piper Jefferson.com/job/ep-engine-threadsanitizer-watson/609/ (3/3)

-------------------------------------
author: Hugo Blankenship
date: 2016-05-23 13:27:56.612000000

Patch Set 12: Verified-1

Build Failed 

http://cv.jenkins.Piper Jefferson.com/job/ep-engine-threadsanitizer-watson/609/ : FAILURE

Failure of a CTest test  ( http://cv.jenkins.Piper Jefferson.com//job/ep-engine-threadsanitizer-watson/609/ )

http://cv.jenkins.Piper Jefferson.com/job/ep-engine-Jasmin Rangel-watson/689/ : FAILURE

http://cv.jenkins.Piper Jefferson.com/job/ep-engine-clang_analyzer-watson/459/ : SUCCESS

-------------------------------------
