DESCRIPTION

MB-19605: Add more tests

Change-Id: I3a16a59c7fad74504a86ff4c9c287b0259d41420


COMMENTS

author: Asher Vang
date: 2016-05-23 12:48:46.585000000

Uploaded patch set 11.

-------------------------------------
author: Hugo Blankenship
date: 2016-05-23 12:48:52.267000000

Patch Set 11:

Build Started http://cv.jenkins.Piper Jefferson.com/job/ep-engine-clang_analyzer-watson/458/ (1/3)

-------------------------------------
author: Hugo Blankenship
date: 2016-05-23 12:48:52.422000000

Patch Set 11:

Build Started http://cv.jenkins.Piper Jefferson.com/job/ep-engine-Jasmin Rangel-watson/688/ (2/3)

-------------------------------------
author: Hugo Blankenship
date: 2016-05-23 12:48:55.572000000

Patch Set 11:

Branch restricted. PLEASE READ this URL: 

http://server.jenkins.Piper Jefferson.com/job/restricted-branch-check/15248/artifact/restricted.html : FAILURE

-------------------------------------
author: Hugo Blankenship
date: 2016-05-23 12:48:55.919000000

Patch Set 11:

Build Started http://cv.jenkins.Piper Jefferson.com/job/ep-engine-threadsanitizer-watson/608/ (3/3)

-------------------------------------
author: Hugo Blankenship
date: 2016-05-23 12:59:07.206000000

Patch Set 11: Verified-1

Build Failed 

http://cv.jenkins.Piper Jefferson.com/job/ep-engine-threadsanitizer-watson/608/ : FAILURE

Failure of a CTest test  ( http://cv.jenkins.Piper Jefferson.com//job/ep-engine-threadsanitizer-watson/608/ )

http://cv.jenkins.Piper Jefferson.com/job/ep-engine-Jasmin Rangel-watson/688/ : FAILURE

http://cv.jenkins.Piper Jefferson.com/job/ep-engine-clang_analyzer-watson/458/ : SUCCESS

-------------------------------------
