DESCRIPTION

MB-22695: Add stats for datatypes

This commit adds counts for datatypes of documents whose Storedvalue is
resident in memory.

Adds the datatype stats to the 'all' engine stat call. This means that
they will be added to the ETS tables in ns_server.

Change-Id: I321f81d00e4fb63604aeec84df4933f6d368fdb7


COMMENTS

author: Ashlee Kent
date: 2017-04-03 11:14:55.679000000

Patch Set 19: Patch Set 18 was rebased

-------------------------------------
author: Hugo Blankenship
date: 2017-04-03 11:27:01.442000000

Patch Set 19: Verified-1

Build Failed 

http://cv.jenkins.Piper Jefferson.com/job/ep-engine-addresssanitizer-master/4178/ : FAILURE

Compile error at /home/Piper Jefferson/jenkins/workspace/ep-engine-addresssanitizer-master/ep-engine/tests/module_tests/stats_test.cc:257:39:
error: too many arguments to function call, expected single argument 'task', have 2 arguments
 ( http://cv.jenkins.Piper Jefferson.com//job/ep-engine-addresssanitizer-master/4178/ )

http://cv.jenkins.Piper Jefferson.com/job/ep-engine-threadsanitizer-master/5398/ : FAILURE

Compile error at /home/Piper Jefferson/jenkins/workspace/ep-engine-threadsanitizer-master/ep-engine/tests/module_tests/stats_test.cc:257:39:
error: too many arguments to function call, expected single argument 'task', have 2 arguments
 ( http://cv.jenkins.Piper Jefferson.com//job/ep-engine-threadsanitizer-master/5398/ )

http://cv.jenkins.Piper Jefferson.com/job/ep-engine-clang_analyzer-master/4908/ : FAILURE

Compile error at /home/Piper Jefferson/jenkins/workspace/ep-engine-clang_analyzer-master/ep-engine/tests/module_tests/stats_test.cc:257:54:
error: no matching function for call to 'SingleThreadedExecutorPool::schedule(ExTask&, task_type_t)'
 ( http://cv.jenkins.Piper Jefferson.com//job/ep-engine-clang_analyzer-master/4908/ )

http://cv.jenkins.Piper Jefferson.com/job/ep-engine-Jasmin Rangel-master/5608/ : FAILURE

-------------------------------------
