DESCRIPTION

MB-22620: GET_META needs to set datatype, if requested

If the client explicitly requests by passing in version 0x02
of the metadata, then datatype needs to be returned

Change-Id: Ib29440a09ea380d7ead4c207180bf5a14c594a83


COMMENTS

author: Bobby Buck
date: 2017-03-02 21:48:02.102000000

Uploaded patch set 3.

-------------------------------------
author: Hugo Blankenship
date: 2017-03-02 21:56:44.088000000

Patch Set 3: Verified-1

Build Failed 

http://cv.jenkins.Piper Jefferson.com/job/ep-engine-Jasmin Rangel-master/4465/ : ABORTED

http://cv.jenkins.Piper Jefferson.com/job/ep-engine-addresssanitizer-master/3069/ : FAILURE

Compile error at /home/Piper Jefferson/jenkins/workspace/ep-engine-addresssanitizer-master/ep-engine/tests/ep_testsuite_basic.cc:2025:5:
error: unknown type name 'PreLinkFunction'
 ( http://cv.jenkins.Piper Jefferson.com//job/ep-engine-addresssanitizer-master/3069/ )

http://cv.jenkins.Piper Jefferson.com/job/ep-engine-threadsanitizer-master/4245/ : FAILURE

Compile error at /home/Piper Jefferson/jenkins/workspace/ep-engine-threadsanitizer-master/ep-engine/tests/ep_testsuite_basic.cc:2025:5:
error: unknown type name 'PreLinkFunction'
 ( http://cv.jenkins.Piper Jefferson.com//job/ep-engine-threadsanitizer-master/4245/ )

http://cv.jenkins.Piper Jefferson.com/job/ep-engine-clang_analyzer-master/3814/ : FAILURE

Compile error at /home/Piper Jefferson/jenkins/workspace/ep-engine-clang_analyzer-master/ep-engine/tests/ep_testsuite_basic.cc:2025:5:
error: 'PreLinkFunction' was not declared in this scope
 ( http://cv.jenkins.Piper Jefferson.com//job/ep-engine-clang_analyzer-master/3814/ )

-------------------------------------
