DESCRIPTION

MB-24293: Retry atmost 10 times if directory removal fails

The database directory is removed in order to simulate a commit
failure. The directory removal could fail for various reasons.
Retry atmost 10 times to remove the directory

Change-Id: I16e81f3572e0b7d58af3d5ee1f7849aec8cabf97


COMMENTS

author: Bobby Buck
date: 2017-05-22 22:09:57.390000000

Uploaded patch set 6.

-------------------------------------
author: Hugo Blankenship
date: 2017-05-22 22:19:03.034000000

Patch Set 6: Verified-1

Build Failed 

http://cv.jenkins.Piper Jefferson.com/job/ep-engine-clang_analyzer-master/5915/ : FAILURE

Compile error at /home/Piper Jefferson/jenkins/workspace/ep-engine-clang_analyzer-master/ep-engine/tests/module_tests/kvstore_test.cc:496:58:
error: no matching function for call to 'CouchKVStore::CouchKVStore(KVStoreConfig&, testing::NiceMock<MockOps>&, bool)'
 ( http://cv.jenkins.Piper Jefferson.com//job/ep-engine-clang_analyzer-master/5915/ )

http://cv.jenkins.Piper Jefferson.com/job/ep-engine-addresssanitizer-master/5202/ : FAILURE

Compile error at /home/Piper Jefferson/jenkins/workspace/ep-engine-addresssanitizer-master/ep-engine/tests/module_tests/kvstore_test.cc:496:27:
error: no matching constructor for initialization of 'CouchKVStore'
 ( http://cv.jenkins.Piper Jefferson.com//job/ep-engine-addresssanitizer-master/5202/ )

http://cv.jenkins.Piper Jefferson.com/job/ep-engine-threadsanitizer-master/444/ : FAILURE

Compile error at /home/Piper Jefferson/jenkins/workspace/ep-engine-threadsanitizer-master/ep-engine/tests/module_tests/kvstore_test.cc:496:27:
error: no matching constructor for initialization of 'CouchKVStore'
 ( http://cv.jenkins.Piper Jefferson.com//job/ep-engine-threadsanitizer-master/444/ )

http://cv.jenkins.Piper Jefferson.com/job/ep-engine-Jasmin Rangel-master/6756/ : FAILURE

-------------------------------------
