DESCRIPTION

MB-20528: unconditionally increment get meta ops

The get meta operations prior to introducing bloom filters was
always incremented whether the key was present or not present
in the bucket. Restore the behavior where the stat is always
incremented.

Change-Id: I09fadedb71929d0d078d0ca6c49ef27de3fd5bef


COMMENTS

author: Bobby Buck
date: 2016-09-01 00:25:09.299000000

Uploaded patch set 1.

-------------------------------------
author: Hugo Blankenship
date: 2016-09-01 00:25:16.334000000

Patch Set 1:

Build Started http://cv.jenkins.Piper Jefferson.com/job/ep-engine-Jasmin Rangel-master/1236/ (1/4)

-------------------------------------
author: Hugo Blankenship
date: 2016-09-01 00:49:13.474000000

Patch Set 1:

Build Started http://cv.jenkins.Piper Jefferson.com/job/ep-engine-threadsanitizer-master/1146/ (2/4)

-------------------------------------
author: Hugo Blankenship
date: 2016-09-01 00:49:13.605000000

Patch Set 1:

Build Started http://cv.jenkins.Piper Jefferson.com/job/ep-engine-addresssanitizer-master/40/ (3/4)

-------------------------------------
author: Hugo Blankenship
date: 2016-09-01 01:42:35.038000000

Patch Set 1:

Build Started http://cv.jenkins.Piper Jefferson.com/job/ep-engine-clang_analyzer-master/973/ (4/4)

-------------------------------------
author: Hugo Blankenship
date: 2016-09-01 01:48:46.403000000

Patch Set 1: Verified-1

Build Failed 

http://cv.jenkins.Piper Jefferson.com/job/ep-engine-clang_analyzer-master/973/ : FAILURE

Compile error at /home/Piper Jefferson/jenkins/workspace/ep-engine-clang_analyzer-master/ep-engine/tests/ep_testsuite.cc:5791:31:
error: couchstore_close_db was not declared in this scope
 ( http://cv.jenkins.Piper Jefferson.com//job/ep-engine-clang_analyzer-master/973/ )

http://cv.jenkins.Piper Jefferson.com/job/ep-engine-Jasmin Rangel-master/1236/ : FAILURE

http://cv.jenkins.Piper Jefferson.com/job/ep-engine-threadsanitizer-master/1146/ : FAILURE

Compile error at /home/Piper Jefferson/jenkins/workspace/ep-engine-threadsanitizer-master/ep-engine/tests/ep_testsuite.cc:5791:5:
error: use of undeclared identifier couchstore_close_db
 ( http://cv.jenkins.Piper Jefferson.com//job/ep-engine-threadsanitizer-master/1146/ )

http://cv.jenkins.Piper Jefferson.com/job/ep-engine-addresssanitizer-master/40/ : FAILURE

Compile error at /home/Piper Jefferson/jenkins/workspace/ep-engine-addresssanitizer-master/ep-engine/src/couch-kvstore/couch-fs-stats.h:68:1:
error: unknown type name couch_file_ops
 ( http://cv.jenkins.Piper Jefferson.com//job/ep-engine-addresssanitizer-master/40/ )

-------------------------------------
author: Bobby Buck
date: 2016-09-01 15:04:10.423000000

Abandoned

-------------------------------------
