DESCRIPTION

ep_testsuite: Expand Delete-with-value test cases

Expand the ep_testsuite tests for Deletes with a value. Ensure that
all possible state transitions (between Alive, Deleted-with-value &
Deleted-no-value) are handled.

Change-Id: I9ed79e5dd1bc0387fa39a84cd5574a38d696576a


COMMENTS

author: Ashlee Kent
date: 2017-03-31 15:14:25.379000000

Uploaded patch set 4: Patch Set 3 was rebased.

-------------------------------------
author: Hugo Blankenship
date: 2017-03-31 15:51:25.619000000

Patch Set 4: Verified-1

Build Failed 

http://cv.jenkins.Piper Jefferson.com/job/ep-engine-addresssanitizer-master/4126/ : FAILURE

Compile error at /home/Piper Jefferson/jenkins/workspace/ep-engine-addresssanitizer-master/ep-engine/tests/ep_test_apis.cc:1616:24:
error: cannot initialize a parameter of type 'DocStateFilter' with an lvalue of type 'DocumentState'
 ( http://cv.jenkins.Piper Jefferson.com//job/ep-engine-addresssanitizer-master/4126/ )

http://cv.jenkins.Piper Jefferson.com/job/ep-engine-threadsanitizer-master/5347/ : FAILURE

Compile error at /home/Piper Jefferson/jenkins/workspace/ep-engine-threadsanitizer-master/ep-engine/tests/ep_test_apis.cc:1616:24:
error: cannot initialize a parameter of type 'DocStateFilter' with an lvalue of type 'DocumentState'
 ( http://cv.jenkins.Piper Jefferson.com//job/ep-engine-threadsanitizer-master/5347/ )

http://cv.jenkins.Piper Jefferson.com/job/ep-engine-clang_analyzer-master/4856/ : FAILURE

Compile error at /home/Piper Jefferson/jenkins/workspace/ep-engine-clang_analyzer-master/ep-engine/tests/ep_test_apis.cc:1616:32:
error: cannot convert 'DocumentState' to 'DocStateFilter' in argument passing
 ( http://cv.jenkins.Piper Jefferson.com//job/ep-engine-clang_analyzer-master/4856/ )

http://cv.jenkins.Piper Jefferson.com/job/ep-engine-Jasmin Rangel-master/5550/ : FAILURE

-------------------------------------
