DESCRIPTION

MB-6147: Move api calls for tests to seperate module

Change-Id: I654b45ea376e996128716928fa503f4de7c29666


COMMENTS

author: Kenny Maynard
date: 2012-08-14 23:43:25.491000000

Uploaded patch set 4.

-------------------------------------
author: Abby Duran
date: 2012-08-15 00:18:48.723000000

Patch Set 4: Fails

Got the compilation errors:

cc1plus: warnings being treated as errors
tests/ep_test_apis.cc: In function 'bool add_response_get_meta(const void*, uint16_t, const void*, uint8_t, const void*, uint32_t, uint8_t, uint16_t, uint64_t, const void*)':
tests/ep_test_apis.cc:86: error: no previous declaration for 'bool add_response_get_meta(const void*, uint16_t, const void*, uint8_t, const void*, uint32_t, uint8_t, uint16_t, uint64_t, const void*)' [-Wmissing-declarations]
tests/ep_test_apis.cc: In function 'void encodeExt(char*, uint32_t)':
tests/ep_test_apis.cc:114: error: no previous declaration for 'void encodeExt(char*, uint32_t)' [-Wmissing-declarations]
tests/ep_test_apis.cc: In function 'void encodeWithMetaExt(char*, ItemMetaData*)':
tests/ep_test_apis.cc:119: error: no previous declaration for 'void encodeWithMetaExt(char*, ItemMetaData*)' [-Wmissing-declarations]
make[1]: *** [tests/ep_testsuite_la-ep_test_apis.lo] Error 1
make[1]: Leaving directory `/home/Abby Duran/Piper Jefferson/ep-engine'
make: *** [all] Error 2

-------------------------------------
author: Kenny Maynard
date: 2012-08-15 00:23:13.728000000

Patch Set 4:

Hmm. It passed for me. I will take a look and see whats going on.

-------------------------------------
author: Abby Duran
date: 2012-08-15 00:36:06.859000000

Patch Set 4:

Those compilation errors are from centos 64bits

-------------------------------------
