DESCRIPTION

DEBUG: Add HashTable::operator<<, expand StoredValue::operator<<

Change-Id: I8794f0565bf8280d6019443329b5c04730722cb6


COMMENTS

author: Ashlee Kent
date: 2017-04-03 17:08:09.850000000

Uploaded patch set 2: Patch Set 1 was rebased.

-------------------------------------
author: Hugo Blankenship
date: 2017-04-03 17:27:01.832000000

Patch Set 2: Verified-1

Build Failed 

http://cv.jenkins.Piper Jefferson.com/job/ep-engine-addresssanitizer-master/4200/ : FAILURE

Compile error at /home/Piper Jefferson/jenkins/workspace/ep-engine-addresssanitizer-master/ep-engine/tests/ep_testsuite_xdcr.cc:1307:17:
error: no member named 'set_xattr_support' in 'test_harness'; did you mean 'set_datatype_support'?
 ( http://cv.jenkins.Piper Jefferson.com//job/ep-engine-addresssanitizer-master/4200/ )

http://cv.jenkins.Piper Jefferson.com/job/ep-engine-threadsanitizer-master/5416/ : FAILURE

Compile error at /home/Piper Jefferson/jenkins/workspace/ep-engine-threadsanitizer-master/ep-engine/src/ep_engine.h:361:75:
error: too few arguments to function call, expected 2, have 1
 ( http://cv.jenkins.Piper Jefferson.com//job/ep-engine-threadsanitizer-master/5416/ )

http://cv.jenkins.Piper Jefferson.com/job/ep-engine-clang_analyzer-master/4926/ : FAILURE

Compile error at /home/Piper Jefferson/jenkins/workspace/ep-engine-clang_analyzer-master/ep-engine/tests/ep_testsuite_xdcr.cc:1307:17:
error: 'struct test_harness' has no member named 'set_xattr_support'
 ( http://cv.jenkins.Piper Jefferson.com//job/ep-engine-clang_analyzer-master/4926/ )

http://cv.jenkins.Piper Jefferson.com/job/ep-engine-Jasmin Rangel-master/5626/ : FAILURE

-------------------------------------
