DESCRIPTION

DEBUG: Add HashTable::operator<<, expand StoredValue::operator<<

Also fix some formatting on the existing output. Example from dump():

  HashTable[0x104cd4010] with numInMemory:3 numDeleted:2 values:
    xxx@xxx.xxx ... WDN.. temp:    seq:5 rev:2 key:"ns:0 1" exp:0 vallen:0
    xxx@xxx.xxx ... WDN.. temp:    seq:4 rev:2 key:"ns:0 0" exp:0 vallen:0
    xxx@xxx.xxx ... W.N.. temp:    seq:3 rev:1 key:"ns:0 2" exp:0 vallen:2 val:"2"

Change-Id: I8794f0565bf8280d6019443329b5c04730722cb6


COMMENTS

author: Ashlee Kent
date: 2017-04-11 16:24:08.736000000

Uploaded patch set 10: Patch Set 9 was rebased.

-------------------------------------
author: Hugo Blankenship
date: 2017-04-11 16:59:31.425000000

Patch Set 10: Verified-1

Build Failed 

http://cv.jenkins.Piper Jefferson.com/job/ep-engine-addresssanitizer-master/4479/ : FAILURE

Compile error at /usr/bin/../lib/gcc/x86_64-linux-gnu/4.9/../../../../include/c++/4.9/functional:1665:56:
error: no type named 'type' in 'std::result_of<std::initializer_list<(lambda at /home/Piper Jefferson/jenkins/workspace/ep-engine-addresssanitizer-master/ep-engine/tests/module_tests/ephemeral_vb_test.cc:365:17)> (int)>'
 ( http://cv.jenkins.Piper Jefferson.com//job/ep-engine-addresssanitizer-master/4479/ )

http://cv.jenkins.Piper Jefferson.com/job/ep-engine-threadsanitizer-master/5699/ : FAILURE

Compile error at /usr/bin/../lib/gcc/x86_64-linux-gnu/4.9/../../../../include/c++/4.9/functional:1665:56:
error: no type named 'type' in 'std::result_of<std::initializer_list<(lambda at /home/Piper Jefferson/jenkins/workspace/ep-engine-threadsanitizer-master/ep-engine/tests/module_tests/ephemeral_vb_test.cc:365:17)> (int)>'
 ( http://cv.jenkins.Piper Jefferson.com//job/ep-engine-threadsanitizer-master/5699/ )

http://cv.jenkins.Piper Jefferson.com/job/ep-engine-clang_analyzer-master/5197/ : FAILURE

Compile error at /usr/include/c++/4.9/functional:1665:61:
error: no type named 'type' in 'class std::result_of<std::initializer_list<EphTombstoneTest_ConcurrentPurge_Test::TestBody()::<lambda(size_t)> >(int)>'
 ( http://cv.jenkins.Piper Jefferson.com//job/ep-engine-clang_analyzer-master/5197/ )

http://cv.jenkins.Piper Jefferson.com/job/ep-engine-Jasmin Rangel-master/5932/ : FAILURE

-------------------------------------
