DESCRIPTION

[sync] Add tests for refreshing synchronize results

Adds tests for refreshing workspace and change set model after
repository and workspace change events.

Change-Id: I9353f06b5d0215880f4777aa42c62b7f02df7652
Signed-off-by: Leslie Stephenson xxx@xxx.xxx

COMMENTS

author: Leslie Stephenson
date: 2012-01-13 16:53:42.000000000

Uploaded patch set 4.

-------------------------------------
author: Brenden Conley
date: 2012-01-13 16:53:45.000000000

Patch Set 4:

Build Started https://hudson.eclipse.org/sandbox/job/egit.gerrit/2316/ 

-------------------------------------
author: Leslie Stephenson
date: 2012-01-13 16:54:02.000000000

Patch Set 4:

rebased

-------------------------------------
author: Brenden Conley
date: 2012-01-13 17:08:33.000000000

Patch Set 4: I would prefer that you didn't submit this

Build Unstable 
 
https://hudson.eclipse.org/sandbox/job/egit.gerrit/2316/ : UNSTABLE

-------------------------------------
author: Douglas Trujillo
date: 2012-01-22 23:28:45.000000000

Patch Set 4: I would prefer that you didn't submit this

please rebase and resolve conflicts

it seems these tests cause the tests immediately following in the test suite to fail:

org.eclipse.egit.ui.view.synchronize
org.eclipse.egit.ui.view.synchronize.SynchronizeViewGitChangeSetModelTest
shouldShowNonWorkspaceFileInSynchronization(org.eclipse.egit.ui.view.synchronize.SynchronizeViewGitChangeSetModelTest)
java.lang.AssertionError: expected:<2> but was:<3>
	at org.junit.Assert.fail(Assert.java:91)
	at org.junit.Assert.failNotEquals(Assert.java:645)
	at org.junit.Assert.assertEquals(Assert.java:126)
	at org.junit.Assert.assertEquals(Assert.java:470)
	at org.junit.Assert.assertEquals(Assert.java:454)
	at org.eclipse.egit.ui.view.synchronize.SynchronizeViewGitChangeSetModelTest.shouldShowNonWorkspaceFileInSynchronization(SynchronizeViewGitChangeSetModelTest.java:278)
	at sun.reflect.NativeMethodAccessorImpl.invoke0(Native Method)
	at sun.reflect.NativeMethodAccessorImpl.invoke(NativeMethodAccessorImpl.java:39)
	at sun.reflect.DelegatingMethodAccessorImpl.invoke(DelegatingMethodAccessorImpl.java:25)
	at java.lang.reflect.Method.invoke(Method.java:597)
	at org.junit.runners.model.FrameworkMethod$1.runReflectiveCall(FrameworkMethod.java:44)
	at org.junit.internal.runners.model.ReflectiveCallable.run(ReflectiveCallable.java:15)
	at org.junit.runners.model.FrameworkMethod.invokeExplosively(FrameworkMethod.java:41)
	at org.junit.internal.runners.statements.InvokeMethod.evaluate(InvokeMethod.java:20)
	at org.junit.internal.runners.statements.RunBefores.evaluate(RunBefores.java:28)
	at org.junit.internal.runners.statements.RunAfters.evaluate(RunAfters.java:31)
	at org.junit.runners.BlockJUnit4ClassRunner.runNotIgnored(BlockJUnit4ClassRunner.java:79)
	at org.junit.runners.BlockJUnit4ClassRunner.runChild(BlockJUnit4ClassRunner.java:71)
	at org.junit.runners.BlockJUnit4ClassRunner.runChild(BlockJUnit4ClassRunner.java:49)
	at org.junit.runners.ParentRunner$3.run(ParentRunner.java:193)
	at org.junit.runners.ParentRunner$1.schedule(ParentRunner.java:52)
	at org.junit.runners.ParentRunner.runChildren(ParentRunner.java:191)
	at org.junit.runners.ParentRunner.access$000(ParentRunner.java:42)
	at org.junit.runners.ParentRunner$2.evaluate(ParentRunner.java:184)
	at org.junit.internal.runners.statements.RunBefores.evaluate(RunBefores.java:28)
	at org.junit.internal.runners.statements.RunAfters.evaluate(RunAfters.java:31)
	at org.junit.runners.ParentRunner.run(ParentRunner.java:236)
	at org.eclipse.swtbot.swt.finder.junit.SWTBotJunit4ClassRunner.run(SWTBotJunit4ClassRunner.java:54)
	at org.eclipse.jdt.internal.junit4.runner.JUnit4TestReference.run(JUnit4TestReference.java:50)
	at org.eclipse.jdt.internal.junit.runner.TestExecution.run(TestExecution.java:38)
	at org.eclipse.jdt.internal.junit.runner.RemoteTestRunner.runTests(RemoteTestRunner.java:467)
	at org.eclipse.jdt.internal.junit.runner.RemoteTestRunner.runTests(RemoteTestRunner.java:683)
	at org.eclipse.jdt.internal.junit.runner.RemoteTestRunner.run(RemoteTestRunner.java:390)
	at org.eclipse.swtbot.eclipse.core.RemotePluginTestRunner.main(RemotePluginTestRunner.java:64)
	at org.eclipse.swtbot.eclipse.core.UITestApplication.runTests(UITestApplication.java:117)
	at org.eclipse.ui.internal.testing.WorkbenchTestable$1.run(WorkbenchTestable.java:71)
	at java.lang.Thread.run(Thread.java:680)

shouldShowCompareEditorForNonWorkspaceFileFromSynchronization(org.eclipse.egit.ui.view.synchronize.SynchronizeViewGitChangeSetModelTest)
java.lang.AssertionError: expected:<2> but was:<3>
	at org.junit.Assert.fail(Assert.java:91)
	at org.junit.Assert.failNotEquals(Assert.java:645)
	at org.junit.Assert.assertEquals(Assert.java:126)
	at org.junit.Assert.assertEquals(Assert.java:470)
	at org.junit.Assert.assertEquals(Assert.java:454)
	at org.eclipse.egit.ui.view.synchronize.SynchronizeViewGitChangeSetModelTest.shouldShowCompareEditorForNonWorkspaceFileFromSynchronization(SynchronizeViewGitChangeSetModelTest.java:302)
	at sun.reflect.NativeMethodAccessorImpl.invoke0(Native Method)
	at sun.reflect.NativeMethodAccessorImpl.invoke(NativeMethodAccessorImpl.java:39)
	at sun.reflect.DelegatingMethodAccessorImpl.invoke(DelegatingMethodAccessorImpl.java:25)
	at java.lang.reflect.Method.invoke(Method.java:597)
	at org.junit.runners.model.FrameworkMethod$1.runReflectiveCall(FrameworkMethod.java:44)
	at org.junit.internal.runners.model.ReflectiveCallable.run(ReflectiveCallable.java:15)
	at org.junit.runners.model.FrameworkMethod.invokeExplosively(FrameworkMethod.java:41)
	at org.junit.internal.runners.statements.InvokeMethod.evaluate(InvokeMethod.java:20)
	at org.junit.internal.runners.statements.RunBefores.evaluate(RunBefores.java:28)
	at org.junit.internal.runners.statements.RunAfters.evaluate(RunAfters.java:31)
	at org.junit.runners.BlockJUnit4ClassRunner.runNotIgnored(BlockJUnit4ClassRunner.java:79)
	at org.junit.runners.BlockJUnit4ClassRunner.runChild(BlockJUnit4ClassRunner.java:71)
	at org.junit.runners.BlockJUnit4ClassRunner.runChild(BlockJUnit4ClassRunner.java:49)
	at org.junit.runners.ParentRunner$3.run(ParentRunner.java:193)
	at org.junit.runners.ParentRunner$1.schedule(ParentRunner.java:52)
	at org.junit.runners.ParentRunner.runChildren(ParentRunner.java:191)
	at org.junit.runners.ParentRunner.access$000(ParentRunner.java:42)
	at org.junit.runners.ParentRunner$2.evaluate(ParentRunner.java:184)
	at org.junit.internal.runners.statements.RunBefores.evaluate(RunBefores.java:28)
	at org.junit.internal.runners.statements.RunAfters.evaluate(RunAfters.java:31)
	at org.junit.runners.ParentRunner.run(ParentRunner.java:236)
	at org.eclipse.swtbot.swt.finder.junit.SWTBotJunit4ClassRunner.run(SWTBotJunit4ClassRunner.java:54)
	at org.eclipse.jdt.internal.junit4.runner.JUnit4TestReference.run(JUnit4TestReference.java:50)
	at org.eclipse.jdt.internal.junit.runner.TestExecution.run(TestExecution.java:38)
	at org.eclipse.jdt.internal.junit.runner.RemoteTestRunner.runTests(RemoteTestRunner.java:467)
	at org.eclipse.jdt.internal.junit.runner.RemoteTestRunner.runTests(RemoteTestRunner.java:683)
	at org.eclipse.jdt.internal.junit.runner.RemoteTestRunner.run(RemoteTestRunner.java:390)
	at org.eclipse.swtbot.eclipse.core.RemotePluginTestRunner.main(RemotePluginTestRunner.java:64)
	at org.eclipse.swtbot.eclipse.core.UITestApplication.runTests(UITestApplication.java:117)
	at org.eclipse.ui.internal.testing.WorkbenchTestable$1.run(WorkbenchTestable.java:71)
	at java.lang.Thread.run(Thread.java:680)

-------------------------------------
