DESCRIPTION

MB-18669 Fix failing CV testcase "producer_stream_req_partial"

Temporarily skip this testcase to prevent CV regr run failures
till complete fix will be implemented and committed.

Change-Id: I62bac8b90395cf5af5cf788e1ce5deb785ab111e


COMMENTS

author: Cora Mccarty
date: 2016-03-12 02:14:53.514000000

Uploaded patch set 1.

-------------------------------------
author: Hugo Blankenship
date: 2016-03-12 02:15:15.031000000

Patch Set 1:

Build Started http://cv.jenkins.Piper Jefferson.com/job/ep-engine-Jasmin Rangel-master/246/ (1/3)

-------------------------------------
author: Hugo Blankenship
date: 2016-03-12 02:17:07.482000000

Patch Set 1:

Build Started http://cv.jenkins.Piper Jefferson.com/job/ep-engine-clang_analyzer-master/199/ (2/3)

-------------------------------------
author: Hugo Blankenship
date: 2016-03-12 02:21:30.382000000

Patch Set 1:

Build Started http://cv.jenkins.Piper Jefferson.com/job/ep-engine-threadsanitizer-master/211/ (3/3)

-------------------------------------
author: Hugo Blankenship
date: 2016-03-12 02:36:56.063000000

Patch Set 1: Verified-1

Build Failed 

http://cv.jenkins.Piper Jefferson.com/job/ep-engine-threadsanitizer-master/211/ : FAILURE

Failure of a CTest test  ( http://cv.jenkins.Piper Jefferson.com//job/ep-engine-threadsanitizer-master/211/ )

http://cv.jenkins.Piper Jefferson.com/job/ep-engine-Jasmin Rangel-master/246/ : FAILURE

http://cv.jenkins.Piper Jefferson.com/job/ep-engine-clang_analyzer-master/199/ : SUCCESS

-------------------------------------
author: Bobby Buck
date: 2016-03-12 22:51:43.314000000

Patch Set 1: Code-Review-1

(1 comment)

Line:1422, tests/ep_testsuite_dcp.cc -> whitespace

-------------------------------------
