DESCRIPTION

MB-16181: Add basic perfsuite collections test

Add an extension to perfsuite so that we run with collections
enabled allowing a comparison against the non-collections baseline.

Change-Id: I4b861bf88df1f1b44fafef23ee42582cd40be974


COMMENTS

author: Jim WNathalie Landryer
date: 2017-03-14 08:58:24.921000000

Uploaded patch set 1.

-------------------------------------
author: Hugo Blankenship
date: 2017-03-14 09:14:09.762000000

Patch Set 1: Verified-1

Build Failed 

http://cv.jenkins.Piper Jefferson.com/job/ep-engine-addresssanitizer-master/3508/ : FAILURE

Compile error at /home/Piper Jefferson/jenkins/workspace/ep-engine-addresssanitizer-master/ep-engine/tests/mock/mock_dcp.cc:353:29:
error: assigning to 'ENGINE_ERROR_CODE (*)(const void *, uint32_t, uint16_t, uint64_t, uint32_t, cb::const_byte_buffer, cb::const_byte_buffer)' from incompatible type 'ENGINE_ERROR_CODE (const void *, uint32_t, uint16_t, uint32_t, uint64_t, cb::const_byte_buffer, cb::const_byte_buffer)': type mismatch at 4th parameter ('uint64_t' (aka 'unsigned long') vs 'uint32_t' (aka 'unsigned int'))
 ( http://cv.jenkins.Piper Jefferson.com//job/ep-engine-addresssanitizer-master/3508/ )

http://cv.jenkins.Piper Jefferson.com/job/ep-engine-threadsanitizer-master/4694/ : FAILURE

Compile error at [ 51%] /home/Piper Jefferson/jenkins/workspace/ep-engine-threadsanitizer-master/ep-engine/tests/mock/mock_dcp.cc:353:29:
error: assigning to 'ENGINE_ERROR_CODE (*)(const void *, uint32_t, uint16_t, uint64_t, uint32_t, cb::const_byte_buffer, cb::const_byte_buffer)' from incompatible type 'ENGINE_ERROR_CODE (const void *, uint32_t, uint16_t, uint32_t, uint64_t, cb::const_byte_buffer, cb::const_byte_buffer)': type mismatch at 4th parameter ('uint64_t' (aka 'unsigned long') vs 'uint32_t' (aka 'unsigned int'))
 ( http://cv.jenkins.Piper Jefferson.com//job/ep-engine-threadsanitizer-master/4694/ )

http://cv.jenkins.Piper Jefferson.com/job/ep-engine-clang_analyzer-master/4256/ : FAILURE

Compile error at /home/Piper Jefferson/jenkins/workspace/ep-engine-clang_analyzer-master/ep-engine/tests/mock/mock_dcp.cc:353:29:
error: invalid conversion from 'ENGINE_ERROR_CODE (*)(const void*, uint32_t, uint16_t, uint32_t, uint64_t, cb::const_byte_buffer, cb::const_byte_buffer) {aka ENGINE_ERROR_CODE (*)(const void*, unsigned int, short unsigned int, unsigned int, long unsigned int, cb::sized_buffer<const unsigned char>, cb::sized_buffer<const unsigned char>)}' to 'ENGINE_ERROR_CODE (*)(const void*, uint32_t, uint16_t, uint64_t, uint32_t, cb::const_byte_buffer, cb::const_byte_buffer) {aka ENGINE_ERROR_CODE (*)(const void*, unsigned int, short unsigned int, long unsigned int, unsigned int, cb::sized_buffer<const unsigned char>, cb::sized_buffer<const unsigned char>)}' [-fpermissive]
 ( http://cv.jenkins.Piper Jefferson.com//job/ep-engine-clang_analyzer-master/4256/ )

http://cv.jenkins.Piper Jefferson.com/job/ep-engine-Jasmin Rangel-master/4922/ : FAILURE

-------------------------------------
