DESCRIPTION

Unit tests: Allow StatTest to be used by other tests

Refactor the StatTest test fixture so it can be used (via inheritence)
by other tests:

* Create a header for it and move class definition into it.

* Modify get_stat() so the statistic map is returned from the method,
  instead of held in a static global.

Change-Id: I174472bdb3e0f8337bcc808fd92fa3042a25832f


COMMENTS

author: Ashlee Kent
date: 2017-03-21 16:45:32.046000000

Uploaded patch set 1.

-------------------------------------
author: Hugo Blankenship
date: 2017-03-21 17:29:47.621000000

Patch Set 1: Verified-1

Build Failed 

http://cv.jenkins.Piper Jefferson.com/job/ep-engine-addresssanitizer-master/3803/ : FAILURE

Compile error at /home/Piper Jefferson/jenkins/workspace/ep-engine-addresssanitizer-master/ep-engine/tests/module_tests/evp_store_single_threaded_test.cc:137:73:
error: unknown class name 'SingleThreadedEPStoreTest'; did you mean 'SingleThreadedEPBucketTest'?
 ( http://cv.jenkins.Piper Jefferson.com//job/ep-engine-addresssanitizer-master/3803/ )

http://cv.jenkins.Piper Jefferson.com/job/ep-engine-threadsanitizer-master/4993/ : FAILURE

Compile error at /home/Piper Jefferson/jenkins/workspace/ep-engine-threadsanitizer-master/ep-engine/tests/module_tests/evp_store_single_threaded_test.cc:137:73:
error: unknown class name 'SingleThreadedEPStoreTest'; did you mean 'SingleThreadedEPBucketTest'?
 ( http://cv.jenkins.Piper Jefferson.com//job/ep-engine-threadsanitizer-master/4993/ )

http://cv.jenkins.Piper Jefferson.com/job/ep-engine-clang_analyzer-master/4544/ : FAILURE

Compile error at /home/Piper Jefferson/jenkins/workspace/ep-engine-clang_analyzer-master/googletest/googletest/include/gtest/internal/gtest-internal.h:1222:79:
error: expected class-name before '{' token
 ( http://cv.jenkins.Piper Jefferson.com//job/ep-engine-clang_analyzer-master/4544/ )

http://cv.jenkins.Piper Jefferson.com/job/ep-engine-Jasmin Rangel-master/5218/ : FAILURE

-------------------------------------
