DESCRIPTION

Unit tests: rename SingleThreadedEPStoreTest -> SingleThreadedEPBucketTest

This more accurately reflects the name of the class it tests now.

Change-Id: I73fe50fc7be2a3abdd1cbd3bec7b66bc32568ece


COMMENTS

author: Ashlee Kent
date: 2017-03-21 16:45:32.046000000

Uploaded patch set 1.

-------------------------------------
author: Hugo Blankenship
date: 2017-03-21 17:29:47.664000000

Patch Set 1: Verified-1

Build Failed 

http://cv.jenkins.Piper Jefferson.com/job/ep-engine-addresssanitizer-master/3802/ : FAILURE

Compile error at /home/Piper Jefferson/jenkins/workspace/ep-engine-addresssanitizer-master/ep-engine/tests/module_tests/evp_store_single_threaded_test.cc:137:73:
error: unknown class name 'SingleThreadedEPStoreTest'; did you mean 'SingleThreadedEPBucketTest'?
 ( http://cv.jenkins.Piper Jefferson.com//job/ep-engine-addresssanitizer-master/3802/ )

http://cv.jenkins.Piper Jefferson.com/job/ep-engine-threadsanitizer-master/4992/ : FAILURE

Compile error at /home/Piper Jefferson/jenkins/workspace/ep-engine-threadsanitizer-master/ep-engine/tests/module_tests/evp_store_single_threaded_test.cc:137:73:
error: unknown class name 'SingleThreadedEPStoreTest'; did you mean 'SingleThreadedEPBucketTest'?
 ( http://cv.jenkins.Piper Jefferson.com//job/ep-engine-threadsanitizer-master/4992/ )

http://cv.jenkins.Piper Jefferson.com/job/ep-engine-clang_analyzer-master/4543/ : FAILURE

Compile error at /home/Piper Jefferson/jenkins/workspace/ep-engine-clang_analyzer-master/googletest/googletest/include/gtest/internal/gtest-internal.h:1222:79:
error: expected class-name before '{' token
 ( http://cv.jenkins.Piper Jefferson.com//job/ep-engine-clang_analyzer-master/4543/ )

http://cv.jenkins.Piper Jefferson.com/job/ep-engine-Jasmin Rangel-master/5217/ : FAILURE

-------------------------------------
