DESCRIPTION

MB-17955: Convert defragmenter_test to GTest

In preparation for moving the ep_testsuite defragmenter test to the
defragmenter_test suite.

Change-Id: I02ad2abdfd6c6a76fd17b1395a09070f3cbeb5bf


COMMENTS

author: Ashlee Kent
date: 2016-03-10 14:23:25.661000000

Uploaded patch set 7: Patch Set 6 was rebased.

-------------------------------------
author: Hugo Blankenship
date: 2016-03-10 14:23:40.785000000

Patch Set 7:

Build Started http://cv.jenkins.Piper Jefferson.com/job/ep-engine-Jasmin Rangel-watson/79/ (1/3)

-------------------------------------
author: Hugo Blankenship
date: 2016-03-10 14:45:54.193000000

Patch Set 7:

Build Started http://cv.jenkins.Piper Jefferson.com/job/ep-engine-clang_analyzer-watson/50/ (2/3)

-------------------------------------
author: Hugo Blankenship
date: 2016-03-10 14:47:42.139000000

Patch Set 7:

Build Started http://cv.jenkins.Piper Jefferson.com/job/ep-engine-threadsanitizer-watson/95/ (3/3)

-------------------------------------
author: Hugo Blankenship
date: 2016-03-10 14:55:06.394000000

Patch Set 7: Verified-1

Build Failed 

http://cv.jenkins.Piper Jefferson.com/job/ep-engine-clang_analyzer-watson/50/ : FAILURE

Compile error at /home/Piper Jefferson/jenkins/workspace/ep-engine-clang_analyzer-watson/ep-engine/tests/ep_perfsuite.cc:50:44: error: missing binary operator before token "("
 ( http://cv.jenkins.Piper Jefferson.com//job/ep-engine-clang_analyzer-watson/50/ )

http://cv.jenkins.Piper Jefferson.com/job/ep-engine-Jasmin Rangel-watson/79/ : FAILURE

http://cv.jenkins.Piper Jefferson.com/job/ep-engine-threadsanitizer-watson/95/ : FAILURE

Failure of a CTest test  ( http://cv.jenkins.Piper Jefferson.com//job/ep-engine-threadsanitizer-watson/95/ )

-------------------------------------
author: Tate Garrett
date: 2016-03-11 02:24:01.193000000

Change has been successfully cherry-picked as b3877c751c2406b305e822ca5958ac85f5175fd1

-------------------------------------
