DESCRIPTION

fix for regr test 'producer_stream_req_partial'

Change-Id: Ie6613eb911e4638dc9f526b029c106a94a0d5012


COMMENTS

author: Cora Mccarty
date: 2016-04-05 23:49:27.349000000

Uploaded patch set 24.

-------------------------------------
author: Hugo Blankenship
date: 2016-04-05 23:49:33.852000000

Patch Set 24:

Build Started http://cv.jenkins.Piper Jefferson.com/job/ep-engine-Jasmin Rangel-watson/379/ (1/3)

-------------------------------------
author: Hugo Blankenship
date: 2016-04-05 23:49:38.821000000

Patch Set 24:

Build Started http://cv.jenkins.Piper Jefferson.com/job/ep-engine-clang_analyzer-watson/259/ (2/3)

-------------------------------------
author: Hugo Blankenship
date: 2016-04-05 23:55:19.281000000

Patch Set 24:

Build Started http://cv.jenkins.Piper Jefferson.com/job/ep-engine-threadsanitizer-watson/388/ (3/3)

-------------------------------------
author: Hugo Blankenship
date: 2016-04-06 00:02:50.081000000

Patch Set 24: Verified-1

Build Failed 

http://cv.jenkins.Piper Jefferson.com/job/ep-engine-threadsanitizer-watson/388/ : FAILURE

Failure of a CTest test  ( http://cv.jenkins.Piper Jefferson.com//job/ep-engine-threadsanitizer-watson/388/ )

http://cv.jenkins.Piper Jefferson.com/job/ep-engine-Jasmin Rangel-watson/379/ : FAILURE

http://cv.jenkins.Piper Jefferson.com/job/ep-engine-clang_analyzer-watson/259/ : SUCCESS

-------------------------------------
author: Hugo Blankenship
date: 2016-04-06 00:18:29.860000000

Patch Set 24: -Verified

Build Started http://cv.jenkins.Piper Jefferson.com/job/ep-engine-threadsanitizer-watson/389/ (3/3)

-------------------------------------
author: Hugo Blankenship
date: 2016-04-06 00:24:14.566000000

Patch Set 24: Verified-1

Build Failed 

http://cv.jenkins.Piper Jefferson.com/job/ep-engine-Jasmin Rangel-watson/379/ : FAILURE

http://cv.jenkins.Piper Jefferson.com/job/ep-engine-threadsanitizer-watson/389/ : FAILURE

Failure of a CTest test  ( http://cv.jenkins.Piper Jefferson.com//job/ep-engine-threadsanitizer-watson/389/ )

http://cv.jenkins.Piper Jefferson.com/job/ep-engine-clang_analyzer-watson/259/ : SUCCESS

-------------------------------------
author: Hugo Blankenship
date: 2016-04-06 00:37:17.055000000

Patch Set 24: -Verified

Build Started http://cv.jenkins.Piper Jefferson.com/job/ep-engine-threadsanitizer-watson/390/ (3/3)

-------------------------------------
author: Hugo Blankenship
date: 2016-04-06 00:41:45.170000000

Patch Set 24: Verified-1

Build Failed 

http://cv.jenkins.Piper Jefferson.com/job/ep-engine-Jasmin Rangel-watson/379/ : FAILURE

http://cv.jenkins.Piper Jefferson.com/job/ep-engine-threadsanitizer-watson/390/ : FAILURE

Failure of a CTest test  ( http://cv.jenkins.Piper Jefferson.com//job/ep-engine-threadsanitizer-watson/390/ )

http://cv.jenkins.Piper Jefferson.com/job/ep-engine-clang_analyzer-watson/259/ : SUCCESS

-------------------------------------
author: Hugo Blankenship
date: 2016-04-06 00:54:42.927000000

Patch Set 24: -Verified

Build Started http://cv.jenkins.Piper Jefferson.com/job/ep-engine-threadsanitizer-watson/392/ (3/3)

-------------------------------------
author: Hugo Blankenship
date: 2016-04-06 01:01:34.845000000

Patch Set 24: Verified-1

Build Failed 

http://cv.jenkins.Piper Jefferson.com/job/ep-engine-Jasmin Rangel-watson/379/ : FAILURE

http://cv.jenkins.Piper Jefferson.com/job/ep-engine-threadsanitizer-watson/392/ : FAILURE

Failure of a CTest test  ( http://cv.jenkins.Piper Jefferson.com//job/ep-engine-threadsanitizer-watson/392/ )

http://cv.jenkins.Piper Jefferson.com/job/ep-engine-clang_analyzer-watson/259/ : SUCCESS

-------------------------------------
author: Hugo Blankenship
date: 2016-04-06 01:33:17.532000000

Patch Set 24: -Verified

Build Started http://cv.jenkins.Piper Jefferson.com/job/ep-engine-threadsanitizer-watson/394/ (3/3)

-------------------------------------
author: Hugo Blankenship
date: 2016-04-06 01:38:22.899000000

Patch Set 24: Verified-1

Build Failed 

http://cv.jenkins.Piper Jefferson.com/job/ep-engine-Jasmin Rangel-watson/379/ : FAILURE

http://cv.jenkins.Piper Jefferson.com/job/ep-engine-threadsanitizer-watson/394/ : FAILURE

Failure of a CTest test  ( http://cv.jenkins.Piper Jefferson.com//job/ep-engine-threadsanitizer-watson/394/ )

http://cv.jenkins.Piper Jefferson.com/job/ep-engine-clang_analyzer-watson/259/ : SUCCESS

-------------------------------------
author: Hugo Blankenship
date: 2016-04-06 18:53:15.347000000

Patch Set 24: -Verified

Build Started http://cv.jenkins.Piper Jefferson.com/job/ep-engine-threadsanitizer-watson/401/ (3/3)

-------------------------------------
author: Hugo Blankenship
date: 2016-04-06 18:59:34.801000000

Patch Set 24: Verified-1

Build Failed 

http://cv.jenkins.Piper Jefferson.com/job/ep-engine-Jasmin Rangel-watson/379/ : FAILURE

http://cv.jenkins.Piper Jefferson.com/job/ep-engine-threadsanitizer-watson/401/ : FAILURE

Failure of a CTest test  ( http://cv.jenkins.Piper Jefferson.com//job/ep-engine-threadsanitizer-watson/401/ )

http://cv.jenkins.Piper Jefferson.com/job/ep-engine-clang_analyzer-watson/259/ : SUCCESS

-------------------------------------
