DESCRIPTION

fix for regr test 'producer_stream_req_partial'

Change-Id: Ie6613eb911e4638dc9f526b029c106a94a0d5012


COMMENTS

author: Cora Mccarty
date: 2016-03-19 00:55:22.910000000

Uploaded patch set 8.

-------------------------------------
author: Hugo Blankenship
date: 2016-03-19 00:55:31.208000000

Patch Set 8:

Build Started http://cv.jenkins.Piper Jefferson.com/job/ep-engine-Jasmin Rangel-watson/206/ (1/3)

-------------------------------------
author: Hugo Blankenship
date: 2016-03-19 00:55:36.228000000

Patch Set 8:

Build Started http://cv.jenkins.Piper Jefferson.com/job/ep-engine-clang_analyzer-watson/139/ (2/3)

-------------------------------------
author: Hugo Blankenship
date: 2016-03-19 00:55:36.452000000

Patch Set 8:

Build Started http://cv.jenkins.Piper Jefferson.com/job/ep-engine-threadsanitizer-watson/213/ (3/3)

-------------------------------------
author: Hugo Blankenship
date: 2016-03-19 01:05:26.603000000

Patch Set 8: Verified-1

Build Failed 

http://cv.jenkins.Piper Jefferson.com/job/ep-engine-threadsanitizer-watson/213/ : FAILURE

Timeout of a CTest test 27/30 Test #27: ep-engine_value_eviction_xdcr .........} ( http://cv.jenkins.Piper Jefferson.com//job/ep-engine-threadsanitizer-watson/213/ )

Failure of a CTest test  ( http://cv.jenkins.Piper Jefferson.com//job/ep-engine-threadsanitizer-watson/213/ )

http://cv.jenkins.Piper Jefferson.com/job/ep-engine-Jasmin Rangel-watson/206/ : FAILURE

http://cv.jenkins.Piper Jefferson.com/job/ep-engine-clang_analyzer-watson/139/ : SUCCESS

-------------------------------------
author: Hugo Blankenship
date: 2016-03-19 19:39:20.947000000

Patch Set 8: -Verified

Build Started http://cv.jenkins.Piper Jefferson.com/job/ep-engine-threadsanitizer-watson/214/ (3/3)

-------------------------------------
author: Hugo Blankenship
date: 2016-03-19 19:45:53.431000000

Patch Set 8: Verified-1

Build Failed 

http://cv.jenkins.Piper Jefferson.com/job/ep-engine-Jasmin Rangel-watson/206/ : FAILURE

http://cv.jenkins.Piper Jefferson.com/job/ep-engine-threadsanitizer-watson/214/ : FAILURE

Failure of a CTest test  ( http://cv.jenkins.Piper Jefferson.com//job/ep-engine-threadsanitizer-watson/214/ )

http://cv.jenkins.Piper Jefferson.com/job/ep-engine-clang_analyzer-watson/139/ : SUCCESS

-------------------------------------
