DESCRIPTION

fix for regr test 'producer_stream_req_partial'

Change-Id: Ie6613eb911e4638dc9f526b029c106a94a0d5012


COMMENTS

author: Cora Mccarty
date: 2016-03-18 23:13:07.206000000

Uploaded patch set 6.

-------------------------------------
author: Hugo Blankenship
date: 2016-03-18 23:13:15.030000000

Patch Set 6:

Build Started http://cv.jenkins.Piper Jefferson.com/job/ep-engine-Jasmin Rangel-watson/204/ (1/3)

-------------------------------------
author: Hugo Blankenship
date: 2016-03-18 23:13:20.035000000

Patch Set 6:

Build Started http://cv.jenkins.Piper Jefferson.com/job/ep-engine-clang_analyzer-watson/137/ (2/3)

-------------------------------------
author: Hugo Blankenship
date: 2016-03-18 23:15:45.225000000

Patch Set 6:

Build Started http://cv.jenkins.Piper Jefferson.com/job/ep-engine-threadsanitizer-watson/209/ (3/3)

-------------------------------------
author: Hugo Blankenship
date: 2016-03-18 23:25:42.724000000

Patch Set 6: Verified-1

Build Failed 

http://cv.jenkins.Piper Jefferson.com/job/ep-engine-threadsanitizer-watson/209/ : FAILURE

Failure of a CTest test  ( http://cv.jenkins.Piper Jefferson.com//job/ep-engine-threadsanitizer-watson/209/ )

http://cv.jenkins.Piper Jefferson.com/job/ep-engine-Jasmin Rangel-watson/204/ : FAILURE

http://cv.jenkins.Piper Jefferson.com/job/ep-engine-clang_analyzer-watson/137/ : SUCCESS

-------------------------------------
