DESCRIPTION

fix for regr test 'producer_stream_req_partial'

Change-Id: Ie6613eb911e4638dc9f526b029c106a94a0d5012


COMMENTS

author: Cora Mccarty
date: 2016-03-22 22:36:59.279000000

Uploaded patch set 13.

-------------------------------------
author: Hugo Blankenship
date: 2016-03-22 22:37:09.058000000

Patch Set 13:

Build Started http://cv.jenkins.Piper Jefferson.com/job/ep-engine-Jasmin Rangel-watson/212/ (1/3)

-------------------------------------
author: Hugo Blankenship
date: 2016-03-22 22:37:14.078000000

Patch Set 13:

Build Started http://cv.jenkins.Piper Jefferson.com/job/ep-engine-clang_analyzer-watson/145/ (2/3)

-------------------------------------
author: Hugo Blankenship
date: 2016-03-22 22:37:15.143000000

Patch Set 13:

Build Started http://cv.jenkins.Piper Jefferson.com/job/ep-engine-threadsanitizer-watson/232/ (3/3)

-------------------------------------
author: Hugo Blankenship
date: 2016-03-22 22:48:00.007000000

Patch Set 13: Verified-1

Build Failed 

http://cv.jenkins.Piper Jefferson.com/job/ep-engine-threadsanitizer-watson/232/ : FAILURE

Failure of a CTest test  ( http://cv.jenkins.Piper Jefferson.com//job/ep-engine-threadsanitizer-watson/232/ )

http://cv.jenkins.Piper Jefferson.com/job/ep-engine-Jasmin Rangel-watson/212/ : FAILURE

http://cv.jenkins.Piper Jefferson.com/job/ep-engine-clang_analyzer-watson/145/ : SUCCESS

-------------------------------------
