DESCRIPTION

fix for regr test 'producer_stream_req_partial'

Change-Id: Ie6613eb911e4638dc9f526b029c106a94a0d5012


COMMENTS

author: Cora Mccarty
date: 2016-03-22 23:34:13.118000000

Uploaded patch set 14.

-------------------------------------
author: Hugo Blankenship
date: 2016-03-22 23:34:19.651000000

Patch Set 14:

Build Started http://cv.jenkins.Piper Jefferson.com/job/ep-engine-Jasmin Rangel-watson/213/ (1/3)

-------------------------------------
author: Hugo Blankenship
date: 2016-03-22 23:34:24.644000000

Patch Set 14:

Build Started http://cv.jenkins.Piper Jefferson.com/job/ep-engine-clang_analyzer-watson/146/ (2/3)

-------------------------------------
author: Hugo Blankenship
date: 2016-03-22 23:34:25.026000000

Patch Set 14:

Build Started http://cv.jenkins.Piper Jefferson.com/job/ep-engine-threadsanitizer-watson/233/ (3/3)

-------------------------------------
author: Hugo Blankenship
date: 2016-03-22 23:48:10.840000000

Patch Set 14: Code-Review-1 Verified-1

Build Failed 

http://cv.jenkins.Piper Jefferson.com/job/ep-engine-threadsanitizer-watson/233/ : FAILURE

Failure of a CTest test  ( http://cv.jenkins.Piper Jefferson.com//job/ep-engine-threadsanitizer-watson/233/ )

http://cv.jenkins.Piper Jefferson.com/job/ep-engine-Jasmin Rangel-watson/213/ : FAILURE

http://cv.jenkins.Piper Jefferson.com/job/ep-engine-clang_analyzer-watson/146/ : UNSTABLE

Clang Analyser identified one or more potential bugs - see <a href="clangScanBuildBugs">clangScanBuildBugs</a> ( http://cv.jenkins.Piper Jefferson.com//job/ep-engine-clang_analyzer-watson/146/ )

-------------------------------------
