DESCRIPTION

Fix for regr test 'producer_stream_req_partial'

Change-Id: Ie6613eb911e4638dc9f526b029c106a94a0d5012


COMMENTS

author: Cora Mccarty
date: 2016-03-18 01:58:55.969000000

Uploaded patch set 3.

-------------------------------------
author: Hugo Blankenship
date: 2016-03-18 01:59:02.266000000

Patch Set 3:

Build Started http://cv.jenkins.Piper Jefferson.com/job/ep-engine-Jasmin Rangel-watson/199/ (1/3)

-------------------------------------
author: Hugo Blankenship
date: 2016-03-18 01:59:07.270000000

Patch Set 3:

Build Started http://cv.jenkins.Piper Jefferson.com/job/ep-engine-clang_analyzer-watson/134/ (2/3)

-------------------------------------
author: Hugo Blankenship
date: 2016-03-18 01:59:07.775000000

Patch Set 3:

Build Started http://cv.jenkins.Piper Jefferson.com/job/ep-engine-threadsanitizer-watson/203/ (3/3)

-------------------------------------
author: Hugo Blankenship
date: 2016-03-18 02:09:48.007000000

Patch Set 3: Verified-1

Build Failed 

http://cv.jenkins.Piper Jefferson.com/job/ep-engine-threadsanitizer-watson/203/ : FAILURE

Failure of a CTest test  ( http://cv.jenkins.Piper Jefferson.com//job/ep-engine-threadsanitizer-watson/203/ )

http://cv.jenkins.Piper Jefferson.com/job/ep-engine-Jasmin Rangel-watson/199/ : FAILURE

http://cv.jenkins.Piper Jefferson.com/job/ep-engine-clang_analyzer-watson/134/ : SUCCESS

-------------------------------------
author: Hugo Blankenship
date: 2016-03-18 19:14:17.655000000

Patch Set 3: -Verified

Build Started http://cv.jenkins.Piper Jefferson.com/job/ep-engine-threadsanitizer-watson/204/ (3/3)

-------------------------------------
author: Hugo Blankenship
date: 2016-03-18 19:22:13.109000000

Patch Set 3: Verified-1

Build Failed 

http://cv.jenkins.Piper Jefferson.com/job/ep-engine-Jasmin Rangel-watson/199/ : FAILURE

http://cv.jenkins.Piper Jefferson.com/job/ep-engine-threadsanitizer-watson/204/ : FAILURE

Failure of a CTest test  ( http://cv.jenkins.Piper Jefferson.com//job/ep-engine-threadsanitizer-watson/204/ )

http://cv.jenkins.Piper Jefferson.com/job/ep-engine-clang_analyzer-watson/134/ : SUCCESS

-------------------------------------
author: Hugo Blankenship
date: 2016-03-18 19:32:23.895000000

Patch Set 3: -Verified

Build Started http://cv.jenkins.Piper Jefferson.com/job/ep-engine-threadsanitizer-watson/205/ (3/3)

-------------------------------------
author: Hugo Blankenship
date: 2016-03-18 19:40:56.674000000

Patch Set 3: Verified-1

Build Failed 

http://cv.jenkins.Piper Jefferson.com/job/ep-engine-Jasmin Rangel-watson/199/ : FAILURE

http://cv.jenkins.Piper Jefferson.com/job/ep-engine-threadsanitizer-watson/205/ : FAILURE

Timeout of a CTest test 27/30 Test #27: ep-engine_value_eviction_xdcr .........} ( http://cv.jenkins.Piper Jefferson.com//job/ep-engine-threadsanitizer-watson/205/ )

http://cv.jenkins.Piper Jefferson.com/job/ep-engine-clang_analyzer-watson/134/ : SUCCESS

-------------------------------------
