DESCRIPTION

fix for regr test 'producer_stream_req_partial'

Change-Id: Ie6613eb911e4638dc9f526b029c106a94a0d5012


COMMENTS

author: Cora Mccarty
date: 2016-03-29 21:21:53.285000000

Uploaded patch set 23.

-------------------------------------
author: Hugo Blankenship
date: 2016-03-29 21:22:00.919000000

Patch Set 23:

Build Started http://cv.jenkins.Piper Jefferson.com/job/ep-engine-Jasmin Rangel-watson/283/ (1/3)

-------------------------------------
author: Hugo Blankenship
date: 2016-03-29 21:22:05.948000000

Patch Set 23:

Build Started http://cv.jenkins.Piper Jefferson.com/job/ep-engine-clang_analyzer-watson/200/ (2/3)

-------------------------------------
author: Hugo Blankenship
date: 2016-03-29 21:22:07.284000000

Patch Set 23:

Build Started http://cv.jenkins.Piper Jefferson.com/job/ep-engine-threadsanitizer-watson/312/ (3/3)

-------------------------------------
author: Hugo Blankenship
date: 2016-03-29 21:34:59.762000000

Patch Set 23: Verified-1

Build Failed 

http://cv.jenkins.Piper Jefferson.com/job/ep-engine-threadsanitizer-watson/312/ : FAILURE

Failure of a CTest test  ( http://cv.jenkins.Piper Jefferson.com//job/ep-engine-threadsanitizer-watson/312/ )

http://cv.jenkins.Piper Jefferson.com/job/ep-engine-Jasmin Rangel-watson/283/ : FAILURE

http://cv.jenkins.Piper Jefferson.com/job/ep-engine-clang_analyzer-watson/200/ : SUCCESS

-------------------------------------
