DESCRIPTION

ix for regr test 'producer_stream_req_partial'

Change-Id: Ie6613eb911e4638dc9f526b029c106a94a0d5012


COMMENTS

author: Cora Mccarty
date: 2016-03-18 20:27:45.305000000

Uploaded patch set 4.

-------------------------------------
author: Hugo Blankenship
date: 2016-03-18 20:27:52.352000000

Patch Set 4:

Build Started http://cv.jenkins.Piper Jefferson.com/job/ep-engine-Jasmin Rangel-watson/201/ (1/3)

-------------------------------------
author: Hugo Blankenship
date: 2016-03-18 20:27:57.351000000

Patch Set 4:

Build Started http://cv.jenkins.Piper Jefferson.com/job/ep-engine-clang_analyzer-watson/135/ (2/3)

-------------------------------------
author: Hugo Blankenship
date: 2016-03-18 20:28:01.001000000

Patch Set 4:

Build Started http://cv.jenkins.Piper Jefferson.com/job/ep-engine-threadsanitizer-watson/206/ (3/3)

-------------------------------------
author: Hugo Blankenship
date: 2016-03-18 20:48:20.212000000

Patch Set 4: Verified-1

Build Failed 

http://cv.jenkins.Piper Jefferson.com/job/ep-engine-threadsanitizer-watson/206/ : FAILURE

Timeout of a CTest test 27/30 Test #27: ep-engine_value_eviction_xdcr .........} ( http://cv.jenkins.Piper Jefferson.com//job/ep-engine-threadsanitizer-watson/206/ )

Failure of a CTest test  ( http://cv.jenkins.Piper Jefferson.com//job/ep-engine-threadsanitizer-watson/206/ )

http://cv.jenkins.Piper Jefferson.com/job/ep-engine-Jasmin Rangel-watson/201/ : FAILURE

http://cv.jenkins.Piper Jefferson.com/job/ep-engine-clang_analyzer-watson/135/ : SUCCESS

-------------------------------------
author: Hugo Blankenship
date: 2016-03-18 21:58:21.014000000

Patch Set 4: -Verified

Build Started http://cv.jenkins.Piper Jefferson.com/job/ep-engine-threadsanitizer-watson/207/ (3/3)

-------------------------------------
author: Hugo Blankenship
date: 2016-03-18 22:13:07.800000000

Patch Set 4: Verified-1

Build Failed 

http://cv.jenkins.Piper Jefferson.com/job/ep-engine-Jasmin Rangel-watson/201/ : FAILURE

http://cv.jenkins.Piper Jefferson.com/job/ep-engine-threadsanitizer-watson/207/ : FAILURE

Timeout of a CTest test 27/30 Test #27: ep-engine_value_eviction_xdcr .........} ( http://cv.jenkins.Piper Jefferson.com//job/ep-engine-threadsanitizer-watson/207/ )

http://cv.jenkins.Piper Jefferson.com/job/ep-engine-clang_analyzer-watson/135/ : SUCCESS

-------------------------------------
