DESCRIPTION

fix for regr test 'producer_stream_req_partial'

Change-Id: Ie6613eb911e4638dc9f526b029c106a94a0d5012


COMMENTS

author: Cora Mccarty
date: 2016-03-18 23:35:57.813000000

Uploaded patch set 7.

-------------------------------------
author: Hugo Blankenship
date: 2016-03-18 23:36:05.344000000

Patch Set 7:

Build Started http://cv.jenkins.Piper Jefferson.com/job/ep-engine-Jasmin Rangel-watson/205/ (1/3)

-------------------------------------
author: Hugo Blankenship
date: 2016-03-18 23:36:10.331000000

Patch Set 7:

Build Started http://cv.jenkins.Piper Jefferson.com/job/ep-engine-clang_analyzer-watson/138/ (2/3)

-------------------------------------
author: Hugo Blankenship
date: 2016-03-18 23:36:10.733000000

Patch Set 7:

Build Started http://cv.jenkins.Piper Jefferson.com/job/ep-engine-threadsanitizer-watson/210/ (3/3)

-------------------------------------
author: Hugo Blankenship
date: 2016-03-18 23:48:45.039000000

Patch Set 7: Verified-1

Build Failed 

http://cv.jenkins.Piper Jefferson.com/job/ep-engine-threadsanitizer-watson/210/ : FAILURE

Timeout of a CTest test 27/30 Test #27: ep-engine_value_eviction_xdcr .........} ( http://cv.jenkins.Piper Jefferson.com//job/ep-engine-threadsanitizer-watson/210/ )

Failure of a CTest test  ( http://cv.jenkins.Piper Jefferson.com//job/ep-engine-threadsanitizer-watson/210/ )

http://cv.jenkins.Piper Jefferson.com/job/ep-engine-Jasmin Rangel-watson/205/ : FAILURE

http://cv.jenkins.Piper Jefferson.com/job/ep-engine-clang_analyzer-watson/138/ : SUCCESS

-------------------------------------
author: Hugo Blankenship
date: 2016-03-19 00:06:09.581000000

Patch Set 7: -Verified

Build Started http://cv.jenkins.Piper Jefferson.com/job/ep-engine-threadsanitizer-watson/211/ (3/3)

-------------------------------------
author: Hugo Blankenship
date: 2016-03-19 00:16:00.441000000

Patch Set 7: Verified-1

Build Failed 

http://cv.jenkins.Piper Jefferson.com/job/ep-engine-Jasmin Rangel-watson/205/ : FAILURE

http://cv.jenkins.Piper Jefferson.com/job/ep-engine-threadsanitizer-watson/211/ : FAILURE

Timeout of a CTest test 27/30 Test #27: ep-engine_value_eviction_xdcr .........} ( http://cv.jenkins.Piper Jefferson.com//job/ep-engine-threadsanitizer-watson/211/ )

http://cv.jenkins.Piper Jefferson.com/job/ep-engine-clang_analyzer-watson/138/ : SUCCESS

-------------------------------------
author: Hugo Blankenship
date: 2016-03-19 00:22:53.409000000

Patch Set 7: -Verified

Build Started http://cv.jenkins.Piper Jefferson.com/job/ep-engine-threadsanitizer-watson/212/ (3/3)

-------------------------------------
author: Hugo Blankenship
date: 2016-03-19 00:30:55.869000000

Patch Set 7: Verified-1

Build Failed 

http://cv.jenkins.Piper Jefferson.com/job/ep-engine-Jasmin Rangel-watson/205/ : FAILURE

http://cv.jenkins.Piper Jefferson.com/job/ep-engine-threadsanitizer-watson/212/ : FAILURE

Timeout of a CTest test 27/30 Test #27: ep-engine_value_eviction_xdcr .........} ( http://cv.jenkins.Piper Jefferson.com//job/ep-engine-threadsanitizer-watson/212/ )

Failure of a CTest test  ( http://cv.jenkins.Piper Jefferson.com//job/ep-engine-threadsanitizer-watson/212/ )

http://cv.jenkins.Piper Jefferson.com/job/ep-engine-clang_analyzer-watson/138/ : SUCCESS

-------------------------------------
