DESCRIPTION

fix for regr test 'producer_stream_req_partial'

Change-Id: Ie6613eb911e4638dc9f526b029c106a94a0d5012


COMMENTS

author: Cora Mccarty
date: 2016-03-22 23:55:36.790000000

Uploaded patch set 15.

-------------------------------------
author: Hugo Blankenship
date: 2016-03-22 23:55:45.229000000

Patch Set 15:

Build Started http://cv.jenkins.Piper Jefferson.com/job/ep-engine-Jasmin Rangel-watson/214/ (1/3)

-------------------------------------
author: Hugo Blankenship
date: 2016-03-22 23:55:50.225000000

Patch Set 15:

Build Started http://cv.jenkins.Piper Jefferson.com/job/ep-engine-clang_analyzer-watson/147/ (2/3)

-------------------------------------
author: Hugo Blankenship
date: 2016-03-22 23:55:50.366000000

Patch Set 15:

Build Started http://cv.jenkins.Piper Jefferson.com/job/ep-engine-threadsanitizer-watson/234/ (3/3)

-------------------------------------
author: Hugo Blankenship
date: 2016-03-23 00:07:09.160000000

Patch Set 15: Code-Review-1 Verified-1

Build Failed 

http://cv.jenkins.Piper Jefferson.com/job/ep-engine-threadsanitizer-watson/234/ : FAILURE

Failure of a CTest test  ( http://cv.jenkins.Piper Jefferson.com//job/ep-engine-threadsanitizer-watson/234/ )

http://cv.jenkins.Piper Jefferson.com/job/ep-engine-Jasmin Rangel-watson/214/ : FAILURE

http://cv.jenkins.Piper Jefferson.com/job/ep-engine-clang_analyzer-watson/147/ : UNSTABLE

Clang Analyser identified one or more potential bugs - see <a href="clangScanBuildBugs">clangScanBuildBugs</a> ( http://cv.jenkins.Piper Jefferson.com//job/ep-engine-clang_analyzer-watson/147/ )

-------------------------------------
author: Hugo Blankenship
date: 2016-03-23 00:09:18.735000000

Patch Set 15: -Code-Review -Verified

Build Started http://cv.jenkins.Piper Jefferson.com/job/ep-engine-threadsanitizer-watson/235/ (3/3)

-------------------------------------
author: Hugo Blankenship
date: 2016-03-23 00:14:04.643000000

Patch Set 15: Code-Review-1 Verified-1

Build Failed 

http://cv.jenkins.Piper Jefferson.com/job/ep-engine-Jasmin Rangel-watson/214/ : FAILURE

http://cv.jenkins.Piper Jefferson.com/job/ep-engine-threadsanitizer-watson/235/ : FAILURE

Failure of a CTest test  ( http://cv.jenkins.Piper Jefferson.com//job/ep-engine-threadsanitizer-watson/235/ )

http://cv.jenkins.Piper Jefferson.com/job/ep-engine-clang_analyzer-watson/147/ : UNSTABLE

Clang Analyser identified one or more potential bugs - see <a href="clangScanBuildBugs">clangScanBuildBugs</a> ( http://cv.jenkins.Piper Jefferson.com//job/ep-engine-clang_analyzer-watson/147/ )

-------------------------------------
