DESCRIPTION

fix for regr test 'producer_stream_req_partial'

Change-Id: Ie6613eb911e4638dc9f526b029c106a94a0d5012


COMMENTS

author: Cora Mccarty
date: 2016-03-23 22:36:08.596000000

Uploaded patch set 17.

-------------------------------------
author: Hugo Blankenship
date: 2016-03-23 22:36:17.212000000

Patch Set 17:

Build Started http://cv.jenkins.Piper Jefferson.com/job/ep-engine-Jasmin Rangel-watson/216/ (1/3)

-------------------------------------
author: Hugo Blankenship
date: 2016-03-23 22:36:22.236000000

Patch Set 17:

Build Started http://cv.jenkins.Piper Jefferson.com/job/ep-engine-clang_analyzer-watson/149/ (2/3)

-------------------------------------
author: Hugo Blankenship
date: 2016-03-23 22:36:24.134000000

Patch Set 17:

Build Started http://cv.jenkins.Piper Jefferson.com/job/ep-engine-threadsanitizer-watson/239/ (3/3)

-------------------------------------
author: Hugo Blankenship
date: 2016-03-23 22:50:16.013000000

Patch Set 17: Verified-1

Build Failed 

http://cv.jenkins.Piper Jefferson.com/job/ep-engine-threadsanitizer-watson/239/ : FAILURE

Timeout of a CTest test 27/30 Test #27: ep-engine_value_eviction_xdcr .........} ( http://cv.jenkins.Piper Jefferson.com//job/ep-engine-threadsanitizer-watson/239/ )

Failure of a CTest test  ( http://cv.jenkins.Piper Jefferson.com//job/ep-engine-threadsanitizer-watson/239/ )

http://cv.jenkins.Piper Jefferson.com/job/ep-engine-Jasmin Rangel-watson/216/ : FAILURE

http://cv.jenkins.Piper Jefferson.com/job/ep-engine-clang_analyzer-watson/149/ : SUCCESS

-------------------------------------
