DESCRIPTION

Fix for regr test 'producer_stream_req_partial'

Change-Id: Ie6613eb911e4638dc9f526b029c106a94a0d5012


COMMENTS

author: Cora Mccarty
date: 2016-03-18 00:47:48.991000000

Uploaded patch set 1.

-------------------------------------
author: Hugo Blankenship
date: 2016-03-18 00:47:56.453000000

Patch Set 1:

Build Started http://cv.jenkins.Piper Jefferson.com/job/ep-engine-Jasmin Rangel-watson/197/ (1/3)

-------------------------------------
author: Hugo Blankenship
date: 2016-03-18 00:48:01.449000000

Patch Set 1:

Build Started http://cv.jenkins.Piper Jefferson.com/job/ep-engine-clang_analyzer-watson/132/ (2/3)

-------------------------------------
author: Hugo Blankenship
date: 2016-03-18 00:48:01.947000000

Patch Set 1:

Build Started http://cv.jenkins.Piper Jefferson.com/job/ep-engine-threadsanitizer-watson/200/ (3/3)

-------------------------------------
author: Hugo Blankenship
date: 2016-03-18 01:01:34.105000000

Patch Set 1: Verified-1

Build Failed 

http://cv.jenkins.Piper Jefferson.com/job/ep-engine-threadsanitizer-watson/200/ : FAILURE

Timeout of a CTest test 27/30 Test #27: ep-engine_value_eviction_xdcr .........} ( http://cv.jenkins.Piper Jefferson.com//job/ep-engine-threadsanitizer-watson/200/ )

http://cv.jenkins.Piper Jefferson.com/job/ep-engine-Jasmin Rangel-watson/197/ : FAILURE

http://cv.jenkins.Piper Jefferson.com/job/ep-engine-clang_analyzer-watson/132/ : SUCCESS

-------------------------------------
