DESCRIPTION

Fix memory errors in tests detected by AddressSanitizer

Fix two issues detected by AddressSanitizer:

* Incorrect size used for checkpoint_it for TAO_CHECKPOINT_START
* Incorrect offset for byseq in test_est_vb_move

Change-Id: Ife2b49de0a978c133b9735ce4f8332dc25880569


COMMENTS

author: Ashlee Kent
date: 2016-03-17 16:21:22.110000000

Uploaded patch set 1.

-------------------------------------
author: Hugo Blankenship
date: 2016-03-17 16:21:31.214000000

Patch Set 1:

Build Started http://cv.jenkins.Piper Jefferson.com/job/ep-engine-Jasmin Rangel-watson/193/ (1/3)

-------------------------------------
author: Hugo Blankenship
date: 2016-03-17 16:21:36.215000000

Patch Set 1:

Build Started http://cv.jenkins.Piper Jefferson.com/job/ep-engine-clang_analyzer-watson/129/ (2/3)

-------------------------------------
author: Hugo Blankenship
date: 2016-03-17 16:21:39.268000000

Patch Set 1:

Build Started http://cv.jenkins.Piper Jefferson.com/job/ep-engine-threadsanitizer-watson/196/ (3/3)

-------------------------------------
author: Hugo Blankenship
date: 2016-03-17 16:36:47.541000000

Patch Set 1: Verified-1

Build Failed 

http://cv.jenkins.Piper Jefferson.com/job/ep-engine-threadsanitizer-watson/196/ : FAILURE

Timeout of a CTest test 27/30 Test #27: ep-engine_value_eviction_xdcr .........} ( http://cv.jenkins.Piper Jefferson.com//job/ep-engine-threadsanitizer-watson/196/ )

Failure of a CTest test  ( http://cv.jenkins.Piper Jefferson.com//job/ep-engine-threadsanitizer-watson/196/ )

http://cv.jenkins.Piper Jefferson.com/job/ep-engine-Jasmin Rangel-watson/193/ : FAILURE

http://cv.jenkins.Piper Jefferson.com/job/ep-engine-clang_analyzer-watson/129/ : SUCCESS

-------------------------------------
author: Hugo Blankenship
date: 2016-03-17 16:40:20.593000000

Patch Set 1: -Verified

Build Started http://cv.jenkins.Piper Jefferson.com/job/ep-engine-Jasmin Rangel-watson/194/ (3/3)

-------------------------------------
author: Hugo Blankenship
date: 2016-03-17 17:05:54.307000000

Patch Set 1: Verified-1

Build Failed 

http://cv.jenkins.Piper Jefferson.com/job/ep-engine-threadsanitizer-watson/196/ : FAILURE

Timeout of a CTest test 27/30 Test #27: ep-engine_value_eviction_xdcr .........} ( http://cv.jenkins.Piper Jefferson.com//job/ep-engine-threadsanitizer-watson/196/ )

Failure of a CTest test  ( http://cv.jenkins.Piper Jefferson.com//job/ep-engine-threadsanitizer-watson/196/ )

http://cv.jenkins.Piper Jefferson.com/job/ep-engine-clang_analyzer-watson/129/ : SUCCESS

http://cv.jenkins.Piper Jefferson.com/job/ep-engine-Jasmin Rangel-watson/194/ : SUCCESS

-------------------------------------
author: Hugo Blankenship
date: 2016-03-17 17:09:43.018000000

Patch Set 1: -Verified

Build Started http://cv.jenkins.Piper Jefferson.com/job/ep-engine-threadsanitizer-watson/197/ (3/3)

-------------------------------------
author: Hugo Blankenship
date: 2016-03-17 17:21:07.016000000

Patch Set 1: Verified+1

Build Successful 

http://cv.jenkins.Piper Jefferson.com/job/ep-engine-clang_analyzer-watson/129/ : SUCCESS

http://cv.jenkins.Piper Jefferson.com/job/ep-engine-Jasmin Rangel-watson/194/ : SUCCESS

http://cv.jenkins.Piper Jefferson.com/job/ep-engine-threadsanitizer-watson/197/ : SUCCESS

-------------------------------------
author: Keira Washington
date: 2016-03-18 10:27:54.800000000

Patch Set 1: Code-Review+2

-------------------------------------
author: Abby Duran
date: 2016-03-18 16:09:10.742000000

Patch Set 1: Code-Review+2

-------------------------------------
author: Tate Garrett
date: 2016-03-18 16:09:12.290000000

Change has been successfully cherry-picked as 4ae20bd11519882e9a02c820871d12c10f91a1c4

-------------------------------------
