DESCRIPTION

MB-23301: Add seqno macro for xattrs

Modifies the pre_link hook in checkpoint such that we also store the
correct seqno as well as cas.

We test this in the same way as we test the cas given to the pre_link
callback.

Change-Id: I8a66ac1765163f3702c57bea2b1b6cc692017205


COMMENTS

author: Aaliyah Proctor
date: 2017-03-21 09:18:11.971000000

Uploaded patch set 3.

-------------------------------------
author: Hugo Blankenship
date: 2017-03-21 09:59:05.906000000

Patch Set 3: Verified-1

Build Failed 

http://cv.jenkins.Piper Jefferson.com/job/ep-engine-addresssanitizer-master/3770/ : ABORTED

Timeout of a CTest test 20/24 Test #13: ep_testsuite_dcp.full_eviction ...........} ( http://cv.jenkins.Piper Jefferson.com//job/ep-engine-addresssanitizer-master/3770/ )

Failure of a CTest test  ( http://cv.jenkins.Piper Jefferson.com//job/ep-engine-addresssanitizer-master/3770/ )

http://cv.jenkins.Piper Jefferson.com/job/ep-engine-threadsanitizer-master/4960/ : FAILURE

Timeout of a CTest test 12/24 Test #15: ep_testsuite_tap.value_eviction ..........} ( http://cv.jenkins.Piper Jefferson.com//job/ep-engine-threadsanitizer-master/4960/ )

Failure of a CTest test  ( http://cv.jenkins.Piper Jefferson.com//job/ep-engine-threadsanitizer-master/4960/ )

http://cv.jenkins.Piper Jefferson.com/job/ep-engine-clang_analyzer-master/4513/ : SUCCESS

http://cv.jenkins.Piper Jefferson.com/job/ep-engine-Jasmin Rangel-master/5187/ : SUCCESS

-------------------------------------
author: Hugo Blankenship
date: 2017-03-21 11:16:56.459000000

Patch Set 3:

Build Failed 

http://cv.jenkins.Piper Jefferson.com/job/ep-engine-addresssanitizer-master/3773/ : ABORTED

Timeout of a CTest test 12/24 Test #15: ep_testsuite_tap.value_eviction ..........} ( http://cv.jenkins.Piper Jefferson.com//job/ep-engine-addresssanitizer-master/3773/ )

Failure of a CTest test  ( http://cv.jenkins.Piper Jefferson.com//job/ep-engine-addresssanitizer-master/3773/ )

http://cv.jenkins.Piper Jefferson.com/job/ep-engine-threadsanitizer-master/4963/ : ABORTED

Failure of a CTest test  ( http://cv.jenkins.Piper Jefferson.com//job/ep-engine-threadsanitizer-master/4963/ )

http://cv.jenkins.Piper Jefferson.com/job/ep-engine-clang_analyzer-master/4513/ : SUCCESS

http://cv.jenkins.Piper Jefferson.com/job/ep-engine-Jasmin Rangel-master/5187/ : SUCCESS

-------------------------------------
author: Hugo Blankenship
date: 2017-03-21 12:04:15.154000000

Patch Set 3:

Build Failed 

http://cv.jenkins.Piper Jefferson.com/job/ep-engine-threadsanitizer-master/4966/ : ABORTED

Timeout of a CTest test  7/24 Test  #9: ep_testsuite_basic.value_eviction ........} ( http://cv.jenkins.Piper Jefferson.com//job/ep-engine-threadsanitizer-master/4966/ )

Failure of a CTest test  ( http://cv.jenkins.Piper Jefferson.com//job/ep-engine-threadsanitizer-master/4966/ )

http://cv.jenkins.Piper Jefferson.com/job/ep-engine-addresssanitizer-master/3776/ : FAILURE

Timeout of a CTest test 12/24 Test #12: ep_testsuite_dcp.value_eviction ..........} ( http://cv.jenkins.Piper Jefferson.com//job/ep-engine-addresssanitizer-master/3776/ )

Failure of a CTest test  ( http://cv.jenkins.Piper Jefferson.com//job/ep-engine-addresssanitizer-master/3776/ )

http://cv.jenkins.Piper Jefferson.com/job/ep-engine-clang_analyzer-master/4513/ : SUCCESS

http://cv.jenkins.Piper Jefferson.com/job/ep-engine-Jasmin Rangel-master/5187/ : SUCCESS

-------------------------------------
author: Hugo Blankenship
date: 2017-03-21 13:02:04.603000000

Patch Set 3:

Build Failed 

http://cv.jenkins.Piper Jefferson.com/job/ep-engine-addresssanitizer-master/3778/ : FAILURE

Timeout of a CTest test 12/24 Test #12: ep_testsuite_dcp.value_eviction ..........} ( http://cv.jenkins.Piper Jefferson.com//job/ep-engine-addresssanitizer-master/3778/ )

Failure of a CTest test  ( http://cv.jenkins.Piper Jefferson.com//job/ep-engine-addresssanitizer-master/3778/ )

http://cv.jenkins.Piper Jefferson.com/job/ep-engine-threadsanitizer-master/4968/ : FAILURE

Timeout of a CTest test 12/24 Test #15: ep_testsuite_tap.value_eviction ..........} ( http://cv.jenkins.Piper Jefferson.com//job/ep-engine-threadsanitizer-master/4968/ )

Failure of a CTest test  ( http://cv.jenkins.Piper Jefferson.com//job/ep-engine-threadsanitizer-master/4968/ )

http://cv.jenkins.Piper Jefferson.com/job/ep-engine-clang_analyzer-master/4519/ : SUCCESS

http://cv.jenkins.Piper Jefferson.com/job/ep-engine-Jasmin Rangel-master/5193/ : SUCCESS

-------------------------------------
