DESCRIPTION

VBucketTest: Prepare for conversion to Typed test

As part of introducing eviction stragegy classes, the VBucket test
needs to be changed to a Typed GoogleTest. This requires that all
member variables are accessed via 'this->'.

Change-Id: If8e4e01526ec37be219ec52028892e29dda581a4


COMMENTS

author: Ashlee Kent
date: 2017-02-03 13:03:31.269000000

Uploaded patch set 1.

-------------------------------------
author: Hugo Blankenship
date: 2017-02-03 13:10:41.572000000

Patch Set 1:

Build Started http://cv.jenkins.Piper Jefferson.com/job/ep-engine-threadsanitizer-master/3357/ (2/4)

-------------------------------------
author: Hugo Blankenship
date: 2017-02-03 13:19:09.111000000

Patch Set 1: Verified-1

Build Failed 

http://cv.jenkins.Piper Jefferson.com/job/ep-engine-threadsanitizer-master/3357/ : FAILURE

Compile error at /home/Piper Jefferson/jenkins/workspace/ep-engine-threadsanitizer-master/ep-engine/tests/mock/mock_dcp.cc:340:25:
error: assigning to 'ENGINE_ERROR_CODE (*)(const void *, uint32_t, item *, uint16_t, uint64_t, uint64_t, const void *, uint16_t)' from incompatible type 'ENGINE_ERROR_CODE (const void *, uint32_t, const void *, uint16_t, uint64_t, uint16_t, uint64_t, uint64_t, const void *, uint16_t)': different number of parameters (8 vs 10)
 ( http://cv.jenkins.Piper Jefferson.com//job/ep-engine-threadsanitizer-master/3357/ )

http://cv.jenkins.Piper Jefferson.com/job/ep-engine-addresssanitizer-master/2181/ : FAILURE

Compile error at [ 56%] /home/Piper Jefferson/jenkins/workspace/ep-engine-addresssanitizer-master/ep-engine/tests/mock/mock_dcp.cc:340:25:
error: assigning to 'ENGINE_ERROR_CODE (*)(const void *, uint32_t, item *, uint16_t, uint64_t, uint64_t, const void *, uint16_t)' from incompatible type 'ENGINE_ERROR_CODE (const void *, uint32_t, const void *, uint16_t, uint64_t, uint16_t, uint64_t, uint64_t, const void *, uint16_t)': different number of parameters (8 vs 10)
 ( http://cv.jenkins.Piper Jefferson.com//job/ep-engine-addresssanitizer-master/2181/ )

http://cv.jenkins.Piper Jefferson.com/job/ep-engine-clang_analyzer-master/2963/ : FAILURE

Compile error at /home/Piper Jefferson/jenkins/workspace/ep-engine-clang_analyzer-master/ep-engine/tests/mock/mock_dcp.cc:340:25:
error: invalid conversion from 'ENGINE_ERROR_CODE (*)(const void*, uint32_t, const void*, uint16_t, uint64_t, uint16_t, uint64_t, uint64_t, const void*, uint16_t) {aka ENGINE_ERROR_CODE (*)(const void*, unsigned int, const void*, short unsigned int, long unsigned int, short unsigned int, long unsigned int, long unsigned int, const void*, short unsigned int)}' to 'ENGINE_ERROR_CODE (*)(const void*, uint32_t, item*, uint16_t, uint64_t, uint64_t, const void*, uint16_t) {aka ENGINE_ERROR_CODE (*)(const void*, unsigned int, void*, short unsigned int, long unsigned int, long unsigned int, const void*, short unsigned int)}' [-fpermissive]
 ( http://cv.jenkins.Piper Jefferson.com//job/ep-engine-clang_analyzer-master/2963/ )

http://cv.jenkins.Piper Jefferson.com/job/ep-engine-Jasmin Rangel-master/3541/ : FAILURE

-------------------------------------
