DESCRIPTION

MB-20798: Allow CAS and seqno to be generated consistently

Add a new option to queueDirty so that it can generate
and assign the CAS to the StoredValue.

This allows us to create a seqno and CAS under the same
lock, thus seqno and CAS will be incrementing when
a checkpoint is serially observed.

Change-Id: Ic24619326a4e8722613824f2253b606d228e98c7


COMMENTS

author: Jim WNathalie Landryer
date: 2016-10-10 20:44:45.019000000

Uploaded patch set 12.

-------------------------------------
author: Hugo Blankenship
date: 2016-10-10 20:44:55.048000000

Patch Set 12:

Build Started http://cv.jenkins.Piper Jefferson.com/job/ep-engine-Jasmin Rangel-watson/1472/ (1/4)

-------------------------------------
author: Hugo Blankenship
date: 2016-10-10 20:49:29.615000000

Patch Set 12:

Build Started http://cv.jenkins.Piper Jefferson.com/job/ep-engine-addresssanitizer-watson/121/ (2/4)

-------------------------------------
author: Hugo Blankenship
date: 2016-10-10 20:53:12.070000000

Patch Set 12:

Build Started http://cv.jenkins.Piper Jefferson.com/job/ep-engine-clang_analyzer-watson/1106/ (3/4)

-------------------------------------
author: Hugo Blankenship
date: 2016-10-10 20:54:18.680000000

Patch Set 12:

Build Started http://cv.jenkins.Piper Jefferson.com/job/ep-engine-threadsanitizer-watson/1290/ (4/4)

-------------------------------------
author: Hugo Blankenship
date: 2016-10-10 21:17:28.951000000

Patch Set 12: Verified-1

Build Failed 

http://cv.jenkins.Piper Jefferson.com/job/ep-engine-addresssanitizer-watson/121/ : FAILURE

Compile error at /home/Piper Jefferson/jenkins/workspace/ep-engine-addresssanitizer-watson/ep-engine/src/ep_types.h:35:24:
error: no member named invalid_argument in namespace std
 ( http://cv.jenkins.Piper Jefferson.com//job/ep-engine-addresssanitizer-watson/121/ )

http://cv.jenkins.Piper Jefferson.com/job/ep-engine-clang_analyzer-watson/1106/ : FAILURE

Compile error at /home/Piper Jefferson/jenkins/workspace/ep-engine-clang_analyzer-watson/ep-engine/src/ep_types.h:35:19:
error: invalid_argument is not a member of std
 ( http://cv.jenkins.Piper Jefferson.com//job/ep-engine-clang_analyzer-watson/1106/ )

http://cv.jenkins.Piper Jefferson.com/job/ep-engine-Jasmin Rangel-watson/1472/ : FAILURE

http://cv.jenkins.Piper Jefferson.com/job/ep-engine-threadsanitizer-watson/1290/ : FAILURE

Compile error at /home/Piper Jefferson/jenkins/workspace/ep-engine-threadsanitizer-watson/ep-engine/src/ep_types.h:35:24:
error: no member named invalid_argument in namespace std
 ( http://cv.jenkins.Piper Jefferson.com//job/ep-engine-threadsanitizer-watson/1290/ )

-------------------------------------
author: Tate Garrett
date: 2016-10-12 07:42:38.464000000

Change has been successfully cherry-picked as 7d7c589aa28d053f8ce3c8b99b0a2c12db571cc8 by Ashlee Kent

-------------------------------------
