DESCRIPTION

EPStoreEvictionTest: Add DeletedValue test

Change-Id: Ibd84659220c4a13bf191be702dc6b9c9f0b602c7


COMMENTS

author: Ashlee Kent
date: 2017-04-03 17:08:09.850000000

Uploaded patch set 4: Patch Set 3 was rebased.

-------------------------------------
author: Hugo Blankenship
date: 2017-04-03 17:27:01.773000000

Patch Set 4: Verified-1

Build Failed 

http://cv.jenkins.Piper Jefferson.com/job/ep-engine-addresssanitizer-master/4199/ : FAILURE

Compile error at /home/Piper Jefferson/jenkins/workspace/ep-engine-addresssanitizer-master/ep-engine/src/ep_engine.h:361:75:
error: too few arguments to function call, expected 2, have 1
 ( http://cv.jenkins.Piper Jefferson.com//job/ep-engine-addresssanitizer-master/4199/ )

http://cv.jenkins.Piper Jefferson.com/job/ep-engine-threadsanitizer-master/5415/ : FAILURE

Compile error at /home/Piper Jefferson/jenkins/workspace/ep-engine-threadsanitizer-master/ep-engine/src/ep_engine.h:361:75:
error: too few arguments to function call, expected 2, have 1
 ( http://cv.jenkins.Piper Jefferson.com//job/ep-engine-threadsanitizer-master/5415/ )

http://cv.jenkins.Piper Jefferson.com/job/ep-engine-clang_analyzer-master/4925/ : FAILURE

Compile error at /home/Piper Jefferson/jenkins/workspace/ep-engine-clang_analyzer-master/ep-engine/src/ep_engine.h:361:75:
error: too few arguments to function
 ( http://cv.jenkins.Piper Jefferson.com//job/ep-engine-clang_analyzer-master/4925/ )

http://cv.jenkins.Piper Jefferson.com/job/ep-engine-Jasmin Rangel-master/5625/ : FAILURE

-------------------------------------
