DESCRIPTION

MB-16181: Persist namespace config option

Collections will rely on the ability to add system keys to the
datastore and that requires the storing (and restoring) of the
namespace byte, which is byte 0 of the document key.

Change-Id: Ic9ab39fdf572f4feebd497135e599b90ffc1221b


COMMENTS

author: Jim WNathalie Landryer
date: 2017-02-03 18:21:28.480000000

Uploaded patch set 2: Patch Set 1 was rebased.

-------------------------------------
author: Hugo Blankenship
date: 2017-02-03 18:30:15.372000000

Patch Set 2:

Build Started http://cv.jenkins.Piper Jefferson.com/job/ep-engine-threadsanitizer-master/3382/ (2/4)

-------------------------------------
author: Hugo Blankenship
date: 2017-02-03 18:53:11.139000000

Patch Set 2: Verified-1

Build Failed 

http://cv.jenkins.Piper Jefferson.com/job/ep-engine-threadsanitizer-master/3382/ : FAILURE

Compile error at /home/Piper Jefferson/jenkins/workspace/ep-engine-threadsanitizer-master/ep-engine/src/collections/vbucket_serialised_manifest_entry.h:201:20:
error: no member named 'is_trivially_copyable' in namespace 'std'
 ( http://cv.jenkins.Piper Jefferson.com//job/ep-engine-threadsanitizer-master/3382/ )

http://cv.jenkins.Piper Jefferson.com/job/ep-engine-addresssanitizer-master/2206/ : FAILURE

Compile error at /home/Piper Jefferson/jenkins/workspace/ep-engine-addresssanitizer-master/ep-engine/src/collections/vbucket_serialised_manifest_entry.h:201:20:
error: no member named 'is_trivially_copyable' in namespace 'std'
 ( http://cv.jenkins.Piper Jefferson.com//job/ep-engine-addresssanitizer-master/2206/ )

http://cv.jenkins.Piper Jefferson.com/job/ep-engine-clang_analyzer-master/2987/ : FAILURE

Compile error at /home/Piper Jefferson/jenkins/workspace/ep-engine-clang_analyzer-master/ep-engine/src/collections/vbucket_serialised_manifest_entry.h:201:15:
error: 'is_trivially_copyable' is not a member of 'std'
 ( http://cv.jenkins.Piper Jefferson.com//job/ep-engine-clang_analyzer-master/2987/ )

http://cv.jenkins.Piper Jefferson.com/job/ep-engine-Jasmin Rangel-master/3565/ : FAILURE

-------------------------------------
