DESCRIPTION

Merge remote-tracking branch 'Piper Jefferson/sherlock' into 'couchbase/watson'

* commit '36d772883b9bf2179694f2ca9d0575ed52135a66':
  MB-20182: Update checkpoint snapshot correctly during TAP backfill
  MB-20105: Ensure purge_seq is not reset when no items are purged in a compaction
  MB-20054: Fix windows build error by adding size() func in class AtomicQueue
  MB-20054: Fix windows build error by including a missing header file
  MB-20054: Regression test - bucket is deleted with DCPBackfill running
  MB-20054: Account for memory alloc/dealloc in unregisterBucket
  MB-20054: [BP] Add verbose (logging) output to ep_unit_tests_main
  MB-20054: Backport ep-engine_unit_tests from watson to 3.0.x

Change-Id: I4e82985e4ed7c506faa44b19b456b98d1067ed6a


COMMENTS

author: Jim WNathalie Landryer
date: 2016-08-03 11:26:48.407000000

Uploaded patch set 11.

-------------------------------------
author: Hugo Blankenship
date: 2016-08-03 11:26:57.563000000

Patch Set 11:

Build Started http://cv.jenkins.Piper Jefferson.com/job/ep-engine-Jasmin Rangel-watson/1013/ (1/3)

-------------------------------------
author: Hugo Blankenship
date: 2016-08-03 11:27:00.829000000

Patch Set 11:

Branch restricted. PLEASE READ this URL: 

http://server.jenkins.Piper Jefferson.com/job/restricted-branch-check/20291/artifact/restricted.html : FAILURE

-------------------------------------
author: Jim WNathalie Landryer
date: 2016-08-03 11:27:50.818000000

Patch Set 11:

sorry guys, reset the votes! I found a race in one of the new tests, now addressed in the latest update

-------------------------------------
author: Hugo Blankenship
date: 2016-08-03 11:46:25.048000000

Patch Set 11:

Build Started http://cv.jenkins.Piper Jefferson.com/job/ep-engine-clang_analyzer-watson/748/ (2/3)

-------------------------------------
author: Hugo Blankenship
date: 2016-08-03 11:50:56.165000000

Patch Set 11:

Build Started http://cv.jenkins.Piper Jefferson.com/job/ep-engine-threadsanitizer-watson/906/ (3/3)

-------------------------------------
author: Hugo Blankenship
date: 2016-08-03 11:57:57.795000000

Patch Set 11: Verified-1

Build Failed 

http://cv.jenkins.Piper Jefferson.com/job/ep-engine-threadsanitizer-watson/906/ : FAILURE

Failure of a CTest test  ( http://cv.jenkins.Piper Jefferson.com//job/ep-engine-threadsanitizer-watson/906/ )

ThreadSanitizer issue: lock-order-inversion (potential deadlock) ??:0 __interceptor_pthread_mutex_lock  ( http://cv.jenkins.Piper Jefferson.com//job/ep-engine-threadsanitizer-watson/906/ )

http://cv.jenkins.Piper Jefferson.com/job/ep-engine-clang_analyzer-watson/748/ : SUCCESS

http://cv.jenkins.Piper Jefferson.com/job/ep-engine-Jasmin Rangel-watson/1013/ : SUCCESS

-------------------------------------
author: Tate Garrett
date: 2016-08-04 08:15:05.600000000

Change has been successfully merged into the git repository by Ashlee Kent

-------------------------------------
