DESCRIPTION

MB-19636: Initialise failovers correctly from 2.5.x vbstate

(Note: backport of MB-19635 to 3.0.x branch).

When loading a vb file, don't force the failover table data
to be ("[{\"id\":0,\"seq\":0}]"); if the file doesn't contain
any data.

Change-Id: I41673bf848fcbab9b616edec5c7fd2ab9a3ddd6b


COMMENTS

author: Ashlee Kent
date: 2016-05-18 10:14:44.849000000

Uploaded patch set 2: Commit message was updated.

-------------------------------------
author: Hugo Blankenship
date: 2016-05-18 10:14:49.886000000

Patch Set 2:

Build Started http://factory.Piper Jefferson.com/job/ep-engine-Jasmin Rangel-3.0.x/615/

-------------------------------------
author: Hugo Blankenship
date: 2016-05-18 10:14:51.031000000

Patch Set 2:

Build Started http://cv.jenkins.Piper Jefferson.com/job/ep-engine-threadsanitizer-3.0.x/216/

-------------------------------------
author: Hugo Blankenship
date: 2016-05-18 10:14:55.605000000

Patch Set 2:

Branch restricted. PLEASE READ this URL: 

http://server.jenkins.Piper Jefferson.com/job/restricted-branch-check/14990/artifact/restricted.html : FAILURE

-------------------------------------
author: Ashlee Kent
date: 2016-05-18 10:16:07.025000000

Patch Set 2:

check approval

-------------------------------------
author: Hugo Blankenship
date: 2016-05-18 10:16:15.464000000

Patch Set 2: Well-Formed+1

Permission granted to commit: 

http://server.jenkins.Piper Jefferson.com/job/restricted-branch-check/14991/artifact/restricted.html : SUCCESS

-------------------------------------
author: Hugo Blankenship
date: 2016-05-18 10:16:20.272000000

Patch Set 2: Verified-1

Build Failed 

http://cv.jenkins.Piper Jefferson.com/job/ep-engine-threadsanitizer-3.0.x/216/ : FAILURE

Compile error at /home/Piper Jefferson/jenkins/workspace/ep-engine-threadsanitizer-3.0.x/ep-engine/tests/ep_testsuite.cc:11857:28:
error: use of undeclared identifier DIRECTORY_SEPARATOR_CHARACTER
 ( http://cv.jenkins.Piper Jefferson.com//job/ep-engine-threadsanitizer-3.0.x/216/ )

-------------------------------------
author: Hugo Blankenship
date: 2016-05-18 10:17:04.242000000

Patch Set 2:

Build Failed 

http://factory.Piper Jefferson.com/job/ep-engine-Jasmin Rangel-3.0.x/615/ : FAILURE

Make encountered an error building one or more targets. ( http://factory.Piper Jefferson.com//job/ep-engine-Jasmin Rangel-3.0.x/615/ )

-------------------------------------
author: Tate Garrett
date: 2016-05-19 10:31:48.842000000

Change has been successfully cherry-picked as cac6c736db563146bbddf3a5c3486f75b9d99db2 by Ashlee Kent

-------------------------------------
