DESCRIPTION

MB-18453: Unit test to demonstrate flaw in scheduler

Add a test which demonstrates the schedulers behaviour identified in the MB.

This test will be modified/expanded when the problem is fixed and the behvaiour
changed.

Change-Id: I837d815099ab322d8253a8102e61458d1aa91f8b


COMMENTS

author: Jim WNathalie Landryer
date: 2016-06-17 18:26:42.450000000

Uploaded patch set 5: Patch Set 4 was rebased.

-------------------------------------
author: Hugo Blankenship
date: 2016-06-17 18:26:48.320000000

Patch Set 5:

Build Started http://cv.jenkins.Piper Jefferson.com/job/ep-engine-Jasmin Rangel-watson/837/ (1/3)

-------------------------------------
author: Hugo Blankenship
date: 2016-06-17 18:26:56.536000000

Patch Set 5:

Branch restricted. PLEASE READ this URL: 

http://server.jenkins.Piper Jefferson.com/job/restricted-branch-check/16582/artifact/restricted.html : FAILURE

-------------------------------------
author: Hugo Blankenship
date: 2016-06-17 19:31:27.564000000

Patch Set 5:

Build Started http://cv.jenkins.Piper Jefferson.com/job/ep-engine-clang_analyzer-watson/587/ (2/3)

-------------------------------------
author: Hugo Blankenship
date: 2016-06-17 19:33:36.246000000

Patch Set 5:

Build Started http://cv.jenkins.Piper Jefferson.com/job/ep-engine-threadsanitizer-watson/744/ (3/3)

-------------------------------------
author: Hugo Blankenship
date: 2016-06-17 19:35:18.435000000

Patch Set 5: Verified-1

Build Failed 

http://cv.jenkins.Piper Jefferson.com/job/ep-engine-clang_analyzer-watson/587/ : FAILURE

Compile error at /home/Piper Jefferson/jenkins/workspace/ep-engine-clang_analyzer-watson/ep-engine/tests/module_tests/evp_store_single_threaded_test.cc:232:25:
error: batchSize is not a member of PassiveStream
 ( http://cv.jenkins.Piper Jefferson.com//job/ep-engine-clang_analyzer-watson/587/ )

http://cv.jenkins.Piper Jefferson.com/job/ep-engine-threadsanitizer-watson/744/ : FAILURE

Compile error at /home/Piper Jefferson/jenkins/workspace/ep-engine-threadsanitizer-watson/ep-engine/tests/module_tests/evp_store_single_threaded_test.cc:232:40:
error: no member named batchSize in PassiveStream
 ( http://cv.jenkins.Piper Jefferson.com//job/ep-engine-threadsanitizer-watson/744/ )

http://cv.jenkins.Piper Jefferson.com/job/ep-engine-Jasmin Rangel-watson/837/ : FAILURE

-------------------------------------
