DESCRIPTION

MB-18453: Unit test to demonstrate flaw in scheduler

Add a test which demonstrates the schedulers behaviour identified in the MB.

This test will be modified/expanded when the problem is fixed and the behvaiour
changed.

Change-Id: I837d815099ab322d8253a8102e61458d1aa91f8b


COMMENTS

author: Jim WNathalie Landryer
date: 2016-06-14 15:26:01.161000000

Uploaded patch set 4: Patch Set 3 was rebased.

-------------------------------------
author: Hugo Blankenship
date: 2016-06-14 15:26:07.219000000

Patch Set 4:

Build Started http://cv.jenkins.Piper Jefferson.com/job/ep-engine-Jasmin Rangel-watson/816/ (1/3)

-------------------------------------
author: Hugo Blankenship
date: 2016-06-14 15:26:12.162000000

Patch Set 4:

Branch restricted. PLEASE READ this URL: 

http://server.jenkins.Piper Jefferson.com/job/restricted-branch-check/16408/artifact/restricted.html : FAILURE

-------------------------------------
author: Hugo Blankenship
date: 2016-06-14 15:28:32.214000000

Patch Set 4:

Build Started http://cv.jenkins.Piper Jefferson.com/job/ep-engine-clang_analyzer-watson/567/ (2/3)

-------------------------------------
author: Hugo Blankenship
date: 2016-06-14 15:28:36.412000000

Patch Set 4:

Build Started http://cv.jenkins.Piper Jefferson.com/job/ep-engine-threadsanitizer-watson/723/ (3/3)

-------------------------------------
author: Hugo Blankenship
date: 2016-06-14 15:28:44.959000000

Patch Set 4: Verified-1

Build Failed 

http://cv.jenkins.Piper Jefferson.com/job/ep-engine-clang_analyzer-watson/567/ : FAILURE

http://cv.jenkins.Piper Jefferson.com/job/ep-engine-threadsanitizer-watson/723/ : FAILURE

http://cv.jenkins.Piper Jefferson.com/job/ep-engine-Jasmin Rangel-watson/816/ : FAILURE

-------------------------------------
author: Hugo Blankenship
date: 2016-06-16 14:47:10.657000000

Patch Set 4: -Verified

Build Started http://cv.jenkins.Piper Jefferson.com/job/ep-engine-Jasmin Rangel-watson/832/ (1/3)

-------------------------------------
author: Hugo Blankenship
date: 2016-06-16 15:21:06.991000000

Patch Set 4:

Build Started http://cv.jenkins.Piper Jefferson.com/job/ep-engine-clang_analyzer-watson/583/ (2/3)

-------------------------------------
author: Hugo Blankenship
date: 2016-06-16 15:26:47.446000000

Patch Set 4:

Build Started http://cv.jenkins.Piper Jefferson.com/job/ep-engine-threadsanitizer-watson/739/ (3/3)

-------------------------------------
author: Hugo Blankenship
date: 2016-06-16 15:30:23.290000000

Patch Set 4: Verified-1

Build Failed 

http://cv.jenkins.Piper Jefferson.com/job/ep-engine-clang_analyzer-watson/583/ : FAILURE

Compile error at /home/Piper Jefferson/jenkins/workspace/ep-engine-clang_analyzer-watson/ep-engine/tests/module_tests/evp_store_single_threaded_test.cc:227:25:
error: batchSize is not a member of PassiveStream
 ( http://cv.jenkins.Piper Jefferson.com//job/ep-engine-clang_analyzer-watson/583/ )

http://cv.jenkins.Piper Jefferson.com/job/ep-engine-threadsanitizer-watson/739/ : FAILURE

Compile error at /home/Piper Jefferson/jenkins/workspace/ep-engine-threadsanitizer-watson/ep-engine/tests/module_tests/evp_store_single_threaded_test.cc:227:40:
error: no member named batchSize in PassiveStream
 ( http://cv.jenkins.Piper Jefferson.com//job/ep-engine-threadsanitizer-watson/739/ )

http://cv.jenkins.Piper Jefferson.com/job/ep-engine-Jasmin Rangel-watson/832/ : FAILURE

-------------------------------------
