DESCRIPTION

MB-20425: Remove default options parameter from get functions

The ep_engine get function defaults the option parameter.
The ep_store get function also defaults the option parameter.

These multiple levels of defaulting has made it difficult to
track the value of the options parameter for different calls.
Therefore the use of defaults are removed for these cases.

This will make the change that addresses the regression of
MB-20425 much easier to understand.  The patch makes no
functional change.

Change-Id: I69aaa31a9a437f13299eb019956aa0488f13b95a


COMMENTS

author: Kymani Ramirez
date: 2016-08-05 11:33:45.028000000

Uploaded patch set 1.

-------------------------------------
author: Hugo Blankenship
date: 2016-08-05 11:33:53.270000000

Patch Set 1:

Build Started http://cv.jenkins.Piper Jefferson.com/job/ep-engine-Jasmin Rangel-master/1100/ (1/3)

-------------------------------------
author: Kymani Ramirez
date: 2016-08-05 11:36:16.522000000

Abandoned

pushed to master instead of watson

-------------------------------------
author: Hugo Blankenship
date: 2016-08-05 11:38:33.821000000

Patch Set 1:

Build Started http://cv.jenkins.Piper Jefferson.com/job/ep-engine-threadsanitizer-master/1015/ (2/3)

-------------------------------------
author: Hugo Blankenship
date: 2016-08-05 11:43:36.160000000

Patch Set 1:

Build Started http://cv.jenkins.Piper Jefferson.com/job/ep-engine-clang_analyzer-master/856/ (3/3)

-------------------------------------
author: Hugo Blankenship
date: 2016-08-05 11:46:24.696000000

Patch Set 1:

Build Failed 

http://cv.jenkins.Piper Jefferson.com/job/ep-engine-threadsanitizer-master/1015/ : FAILURE

Compile error at /home/Piper Jefferson/jenkins/workspace/ep-engine-threadsanitizer-master/ep-engine/tests/ep_testsuite.cc:5791:5:
error: use of undeclared identifier couchstore_close_db
 ( http://cv.jenkins.Piper Jefferson.com//job/ep-engine-threadsanitizer-master/1015/ )

http://cv.jenkins.Piper Jefferson.com/job/ep-engine-clang_analyzer-master/856/ : FAILURE

Compile error at /home/Piper Jefferson/jenkins/workspace/ep-engine-clang_analyzer-master/ep-engine/tests/ep_testsuite.cc:5791:31:
error: couchstore_close_db was not declared in this scope
 ( http://cv.jenkins.Piper Jefferson.com//job/ep-engine-clang_analyzer-master/856/ )

http://cv.jenkins.Piper Jefferson.com/job/ep-engine-Jasmin Rangel-master/1100/ : FAILURE

-------------------------------------
