DESCRIPTION

Merge remote-tracking branch 'Piper Jefferson/sherlock' into couchbase/watson

* Piper Jefferson/sherlock:
  MB-17517: Testcase for invalid max_cas in _local/vbstate
  MB-17517: Don't create TAP_MUTATIONS with CAS of -1
  [BP] MB-17517: Check for and disard an invalid max_cas in _local/vbstate

Change-Id: I3547fb6062fe15d9c471caf1841bfe9f1f0cc50a


COMMENTS

author: Ashlee Kent
date: 2016-03-10 17:04:56.279000000

Uploaded patch set 3.

-------------------------------------
author: Hugo Blankenship
date: 2016-03-10 17:05:05.602000000

Patch Set 3:

Build Started http://cv.jenkins.Piper Jefferson.com/job/ep-engine-Jasmin Rangel-watson/89/ (1/3)

-------------------------------------
author: Hugo Blankenship
date: 2016-03-10 17:05:10.450000000

Patch Set 3:

Build Started http://cv.jenkins.Piper Jefferson.com/job/ep-engine-clang_analyzer-watson/57/ (2/3)

-------------------------------------
author: Hugo Blankenship
date: 2016-03-10 17:16:37.090000000

Patch Set 3:

Build Started http://cv.jenkins.Piper Jefferson.com/job/ep-engine-threadsanitizer-watson/104/ (3/3)

-------------------------------------
author: Hugo Blankenship
date: 2016-03-10 17:31:51.856000000

Patch Set 3: Verified-1

Build Failed 

http://cv.jenkins.Piper Jefferson.com/job/ep-engine-threadsanitizer-watson/104/ : FAILURE

Failure of a CTest test  ( http://cv.jenkins.Piper Jefferson.com//job/ep-engine-threadsanitizer-watson/104/ )

http://cv.jenkins.Piper Jefferson.com/job/ep-engine-clang_analyzer-watson/57/ : SUCCESS

http://cv.jenkins.Piper Jefferson.com/job/ep-engine-Jasmin Rangel-watson/89/ : SUCCESS

-------------------------------------
author: Abby Duran
date: 2016-03-10 18:06:21.697000000

Patch Set 3: Code-Review+2

-------------------------------------
author: Hugo Blankenship
date: 2016-03-11 00:07:08.651000000

Patch Set 3: -Verified

Build Started http://cv.jenkins.Piper Jefferson.com/job/ep-engine-threadsanitizer-watson/119/ (3/3)

-------------------------------------
author: Hugo Blankenship
date: 2016-03-11 00:29:07.557000000

Patch Set 3: Verified-1

Build Failed 

http://cv.jenkins.Piper Jefferson.com/job/ep-engine-threadsanitizer-watson/119/ : FAILURE

Failure of a CTest test  ( http://cv.jenkins.Piper Jefferson.com//job/ep-engine-threadsanitizer-watson/119/ )

http://cv.jenkins.Piper Jefferson.com/job/ep-engine-clang_analyzer-watson/57/ : SUCCESS

http://cv.jenkins.Piper Jefferson.com/job/ep-engine-Jasmin Rangel-watson/89/ : SUCCESS

-------------------------------------
author: Hugo Blankenship
date: 2016-03-11 02:21:55.293000000

Patch Set 3: -Verified

Build Started http://cv.jenkins.Piper Jefferson.com/job/ep-engine-threadsanitizer-watson/129/ (3/3)

-------------------------------------
author: Hugo Blankenship
date: 2016-03-11 02:39:35.778000000

Patch Set 3: Verified+1

Build Successful 

http://cv.jenkins.Piper Jefferson.com/job/ep-engine-clang_analyzer-watson/57/ : SUCCESS

http://cv.jenkins.Piper Jefferson.com/job/ep-engine-Jasmin Rangel-watson/89/ : SUCCESS

http://cv.jenkins.Piper Jefferson.com/job/ep-engine-threadsanitizer-watson/129/ : SUCCESS

-------------------------------------
author: Tate Garrett
date: 2016-03-11 02:47:04.037000000

Change has been successfully merged into the git repository.

-------------------------------------
