DESCRIPTION

Merge remote-tracking branch 'Piper Jefferson/sherlock' into watson

* Piper Jefferson/sherlock:
  MB-17517: Testcase for invalid max_cas in _local/vbstate
  MB-17517: Don't create TAP_MUTATIONS with CAS of -1
  [BP] MB-17517: Check for and disard an invalid max_cas in _local/vbstate

Change-Id: I3547fb6062fe15d9c471caf1841bfe9f1f0cc50a


COMMENTS

author: Ashlee Kent
date: 2016-03-07 13:56:13.006000000

Uploaded patch set 1.

-------------------------------------
author: Hugo Blankenship
date: 2016-03-07 13:56:20.581000000

Patch Set 1:

Build Started http://cv.jenkins.Piper Jefferson.com/job/ep-engine-Jasmin Rangel-watson/28/ (1/3)

-------------------------------------
author: Hugo Blankenship
date: 2016-03-07 14:25:08.883000000

Patch Set 1:

Build Started http://cv.jenkins.Piper Jefferson.com/job/ep-engine-clang_analyzer-watson/18/ (2/3)

-------------------------------------
author: Hugo Blankenship
date: 2016-03-07 14:27:30.355000000

Patch Set 1:

Build Started http://cv.jenkins.Piper Jefferson.com/job/ep-engine-threadsanitizer-watson/36/ (3/3)

-------------------------------------
author: Hugo Blankenship
date: 2016-03-07 14:49:54.575000000

Patch Set 1: Verified-1

Build Failed 

http://cv.jenkins.Piper Jefferson.com/job/ep-engine-threadsanitizer-watson/36/ : FAILURE

Failure of a CTest test  ( http://cv.jenkins.Piper Jefferson.com//job/ep-engine-threadsanitizer-watson/36/ )

http://cv.jenkins.Piper Jefferson.com/job/ep-engine-Jasmin Rangel-watson/28/ : FAILURE

http://cv.jenkins.Piper Jefferson.com/job/ep-engine-clang_analyzer-watson/18/ : SUCCESS

-------------------------------------
author: Hugo Blankenship
date: 2016-03-07 16:31:35.608000000

Patch Set 1: -Verified

Build Started http://cv.jenkins.Piper Jefferson.com/job/ep-engine-threadsanitizer-watson/37/ (3/3)

-------------------------------------
author: Hugo Blankenship
date: 2016-03-07 16:31:43.150000000

Patch Set 1:

Build Started http://cv.jenkins.Piper Jefferson.com/job/ep-engine-Jasmin Rangel-watson/29/ (3/3)

-------------------------------------
author: Hugo Blankenship
date: 2016-03-07 16:50:36.650000000

Patch Set 1: Verified-1

Build Failed 

http://cv.jenkins.Piper Jefferson.com/job/ep-engine-threadsanitizer-watson/37/ : FAILURE

Failure of a CTest test  ( http://cv.jenkins.Piper Jefferson.com//job/ep-engine-threadsanitizer-watson/37/ )

http://cv.jenkins.Piper Jefferson.com/job/ep-engine-clang_analyzer-watson/18/ : SUCCESS

http://cv.jenkins.Piper Jefferson.com/job/ep-engine-Jasmin Rangel-watson/29/ : SUCCESS

-------------------------------------
author: Hugo Blankenship
date: 2016-03-07 17:34:53.010000000

Patch Set 1: -Verified

Build Started http://cv.jenkins.Piper Jefferson.com/job/ep-engine-threadsanitizer-watson/38/ (3/3)

-------------------------------------
author: Hugo Blankenship
date: 2016-03-07 18:07:59.192000000

Patch Set 1: Verified-1

Build Failed 

http://cv.jenkins.Piper Jefferson.com/job/ep-engine-threadsanitizer-watson/38/ : FAILURE

Timeout of a CTest test 23/24 Test #23: ep-engine_perfsuite .................} ( http://cv.jenkins.Piper Jefferson.com//job/ep-engine-threadsanitizer-watson/38/ )

Failure of a CTest test 15/24 Test  #8: ep-engine_hash_table_test ........... ( http://cv.jenkins.Piper Jefferson.com//job/ep-engine-threadsanitizer-watson/38/ )

http://cv.jenkins.Piper Jefferson.com/job/ep-engine-clang_analyzer-watson/18/ : SUCCESS

http://cv.jenkins.Piper Jefferson.com/job/ep-engine-Jasmin Rangel-watson/29/ : SUCCESS

-------------------------------------
author: Hugo Blankenship
date: 2016-03-08 08:58:51.661000000

Patch Set 1: -Verified

Build Started http://cv.jenkins.Piper Jefferson.com/job/ep-engine-threadsanitizer-watson/44/ (3/3)

-------------------------------------
author: Hugo Blankenship
date: 2016-03-08 09:39:39.506000000

Patch Set 1: Verified-1

Build Failed 

http://cv.jenkins.Piper Jefferson.com/job/ep-engine-threadsanitizer-watson/44/ : FAILURE

Failure of a CTest test  ( http://cv.jenkins.Piper Jefferson.com//job/ep-engine-threadsanitizer-watson/44/ )

Timeout of a CTest test 22/24 Test #22: ep-engine_full_eviction_dcp .........} ( http://cv.jenkins.Piper Jefferson.com//job/ep-engine-threadsanitizer-watson/44/ )

http://cv.jenkins.Piper Jefferson.com/job/ep-engine-clang_analyzer-watson/18/ : SUCCESS

http://cv.jenkins.Piper Jefferson.com/job/ep-engine-Jasmin Rangel-watson/29/ : SUCCESS

-------------------------------------
author: Hugo Blankenship
date: 2016-03-08 10:10:39.434000000

Patch Set 1: -Verified

Build Started http://cv.jenkins.Piper Jefferson.com/job/ep-engine-threadsanitizer-watson/45/ (3/3)

-------------------------------------
author: Hugo Blankenship
date: 2016-03-08 10:30:37.172000000

Patch Set 1: Verified-1

Build Failed 

http://cv.jenkins.Piper Jefferson.com/job/ep-engine-threadsanitizer-watson/45/ : FAILURE

Failure of a CTest test  ( http://cv.jenkins.Piper Jefferson.com//job/ep-engine-threadsanitizer-watson/45/ )

http://cv.jenkins.Piper Jefferson.com/job/ep-engine-clang_analyzer-watson/18/ : SUCCESS

http://cv.jenkins.Piper Jefferson.com/job/ep-engine-Jasmin Rangel-watson/29/ : SUCCESS

-------------------------------------
author: Tate Garrett
date: 2016-03-11 02:47:04.037000000

Change has been successfully merged into the git repository.

-------------------------------------
