DESCRIPTION

Merge remote-tracking branch 'Piper Jefferson/sherlock' into watson

* Piper Jefferson/sherlock:
  MB-17517: Testcase for invalid max_cas in _local/vbstate
  MB-17517: Don't create TAP_MUTATIONS with CAS of -1
  [BP] MB-17517: Check for and disard an invalid max_cas in _local/vbstate

Change-Id: I3547fb6062fe15d9c471caf1841bfe9f1f0cc50a


COMMENTS

author: Ashlee Kent
date: 2016-03-08 17:54:23.296000000

Uploaded patch set 2.

-------------------------------------
author: Hugo Blankenship
date: 2016-03-08 17:54:29.953000000

Patch Set 2:

Build Started http://cv.jenkins.Piper Jefferson.com/job/ep-engine-Jasmin Rangel-watson/36/ (1/3)

-------------------------------------
author: Hugo Blankenship
date: 2016-03-08 18:34:18.424000000

Patch Set 2:

Build Started http://cv.jenkins.Piper Jefferson.com/job/ep-engine-clang_analyzer-watson/25/ (2/3)

-------------------------------------
author: Hugo Blankenship
date: 2016-03-08 18:42:42.471000000

Patch Set 2:

Build Started http://cv.jenkins.Piper Jefferson.com/job/ep-engine-threadsanitizer-watson/49/ (3/3)

-------------------------------------
author: Hugo Blankenship
date: 2016-03-08 19:01:05.788000000

Patch Set 2: Verified-1

Build Failed 

http://cv.jenkins.Piper Jefferson.com/job/ep-engine-threadsanitizer-watson/49/ : FAILURE

Failure of a CTest test  ( http://cv.jenkins.Piper Jefferson.com//job/ep-engine-threadsanitizer-watson/49/ )

http://cv.jenkins.Piper Jefferson.com/job/ep-engine-clang_analyzer-watson/25/ : SUCCESS

http://cv.jenkins.Piper Jefferson.com/job/ep-engine-Jasmin Rangel-watson/36/ : SUCCESS

-------------------------------------
author: Hugo Blankenship
date: 2016-03-08 21:55:29.753000000

Patch Set 2: -Verified

Build Started http://cv.jenkins.Piper Jefferson.com/job/ep-engine-threadsanitizer-watson/53/ (3/3)

-------------------------------------
author: Hugo Blankenship
date: 2016-03-08 22:18:46.629000000

Patch Set 2: Verified-1

Build Failed 

http://cv.jenkins.Piper Jefferson.com/job/ep-engine-threadsanitizer-watson/53/ : FAILURE

Failure of a CTest test  ( http://cv.jenkins.Piper Jefferson.com//job/ep-engine-threadsanitizer-watson/53/ )

http://cv.jenkins.Piper Jefferson.com/job/ep-engine-clang_analyzer-watson/25/ : SUCCESS

http://cv.jenkins.Piper Jefferson.com/job/ep-engine-Jasmin Rangel-watson/36/ : SUCCESS

-------------------------------------
author: Hugo Blankenship
date: 2016-03-09 12:38:40.602000000

Patch Set 2: -Verified

Build Started http://cv.jenkins.Piper Jefferson.com/job/ep-engine-threadsanitizer-watson/59/ (3/3)

-------------------------------------
author: Hugo Blankenship
date: 2016-03-09 13:10:34.734000000

Patch Set 2: Verified-1

Build Failed 

http://cv.jenkins.Piper Jefferson.com/job/ep-engine-threadsanitizer-watson/59/ : FAILURE

Failure of a CTest test  ( http://cv.jenkins.Piper Jefferson.com//job/ep-engine-threadsanitizer-watson/59/ )

http://cv.jenkins.Piper Jefferson.com/job/ep-engine-clang_analyzer-watson/25/ : SUCCESS

http://cv.jenkins.Piper Jefferson.com/job/ep-engine-Jasmin Rangel-watson/36/ : SUCCESS

-------------------------------------
author: Hugo Blankenship
date: 2016-03-09 14:10:43.973000000

Patch Set 2: -Verified

Build Started http://cv.jenkins.Piper Jefferson.com/job/ep-engine-threadsanitizer-watson/62/ (3/3)

-------------------------------------
author: Hugo Blankenship
date: 2016-03-09 14:21:57.505000000

Patch Set 2: Verified-1

Build Failed 

http://cv.jenkins.Piper Jefferson.com/job/ep-engine-threadsanitizer-watson/62/ : ABORTED

Failure of a CTest test 15/24 Test  #8: ep-engine_hash_table_test ........... ( http://cv.jenkins.Piper Jefferson.com//job/ep-engine-threadsanitizer-watson/62/ )

http://cv.jenkins.Piper Jefferson.com/job/ep-engine-clang_analyzer-watson/25/ : SUCCESS

http://cv.jenkins.Piper Jefferson.com/job/ep-engine-Jasmin Rangel-watson/36/ : SUCCESS

-------------------------------------
author: Hugo Blankenship
date: 2016-03-09 15:02:42.315000000

Patch Set 2: -Verified

Build Started http://cv.jenkins.Piper Jefferson.com/job/ep-engine-threadsanitizer-watson/64/ (3/3)

-------------------------------------
author: Hugo Blankenship
date: 2016-03-09 15:32:29.132000000

Patch Set 2: Verified-1

Build Failed 

http://cv.jenkins.Piper Jefferson.com/job/ep-engine-threadsanitizer-watson/64/ : FAILURE

Timeout of a CTest test 21/24 Test #21: ep-engine_dcp_tests .................} ( http://cv.jenkins.Piper Jefferson.com//job/ep-engine-threadsanitizer-watson/64/ )

Failure of a CTest test 15/24 Test  #8: ep-engine_hash_table_test ........... ( http://cv.jenkins.Piper Jefferson.com//job/ep-engine-threadsanitizer-watson/64/ )

http://cv.jenkins.Piper Jefferson.com/job/ep-engine-clang_analyzer-watson/25/ : SUCCESS

http://cv.jenkins.Piper Jefferson.com/job/ep-engine-Jasmin Rangel-watson/36/ : SUCCESS

-------------------------------------
author: Hugo Blankenship
date: 2016-03-10 12:42:52.882000000

Patch Set 2: -Verified

Build Started http://cv.jenkins.Piper Jefferson.com/job/ep-engine-threadsanitizer-watson/88/ (3/3)

-------------------------------------
author: Hugo Blankenship
date: 2016-03-10 13:07:42.375000000

Patch Set 2: Verified+1

Build Successful 

http://cv.jenkins.Piper Jefferson.com/job/ep-engine-clang_analyzer-watson/25/ : SUCCESS

http://cv.jenkins.Piper Jefferson.com/job/ep-engine-Jasmin Rangel-watson/36/ : SUCCESS

http://cv.jenkins.Piper Jefferson.com/job/ep-engine-threadsanitizer-watson/88/ : SUCCESS

-------------------------------------
author: Tate Garrett
date: 2016-03-11 02:47:04.037000000

Change has been successfully merged into the git repository.

-------------------------------------
