DESCRIPTION

Remove support for DCP NO_VALUE (moved to core)

Change-Id: I86ed8c2844f70d5aa1630339ae5859a731e557bd


COMMENTS

author: Asher Vang
date: 2017-01-24 11:11:07.207000000

Uploaded patch set 1.

-------------------------------------
author: Hugo Blankenship
date: 2017-01-24 11:11:12.543000000

Patch Set 1:

Build Started http://cv.jenkins.Piper Jefferson.com/job/ep-engine-threadsanitizer-master/2962/ (1/4)

-------------------------------------
author: Hugo Blankenship
date: 2017-01-24 11:11:12.690000000

Patch Set 1:

Build Started http://cv.jenkins.Piper Jefferson.com/job/ep-engine-Jasmin Rangel-master/3126/ (2/4)

-------------------------------------
author: Hugo Blankenship
date: 2017-01-24 11:11:12.837000000

Patch Set 1:

Build Started http://cv.jenkins.Piper Jefferson.com/job/ep-engine-addresssanitizer-master/1793/ (3/4)

-------------------------------------
author: Hugo Blankenship
date: 2017-01-24 11:11:12.984000000

Patch Set 1:

Build Started http://cv.jenkins.Piper Jefferson.com/job/ep-engine-clang_analyzer-master/2588/ (4/4)

-------------------------------------
author: Hugo Blankenship
date: 2017-01-24 11:17:13.231000000

Patch Set 1: Verified-1

Build Failed 

http://cv.jenkins.Piper Jefferson.com/job/ep-engine-threadsanitizer-master/2962/ : FAILURE

Compile error at /home/Piper Jefferson/jenkins/workspace/ep-engine-threadsanitizer-master/ep-engine/tests/ep_testsuite_dcp.cc:5600:18:
error: use of undeclared identifier test_dcp_producer_stream_backfill_no_value
 ( http://cv.jenkins.Piper Jefferson.com//job/ep-engine-threadsanitizer-master/2962/ )

http://cv.jenkins.Piper Jefferson.com/job/ep-engine-clang_analyzer-master/2588/ : FAILURE

Compile error at /home/Piper Jefferson/jenkins/workspace/ep-engine-clang_analyzer-master/ep-engine/tests/ep_testsuite_dcp.cc:5600:18:
error: test_dcp_producer_stream_backfill_no_value was not declared in this scope
 ( http://cv.jenkins.Piper Jefferson.com//job/ep-engine-clang_analyzer-master/2588/ )

http://cv.jenkins.Piper Jefferson.com/job/ep-engine-addresssanitizer-master/1793/ : FAILURE

Compile error at [ 70%] /home/Piper Jefferson/jenkins/workspace/ep-engine-addresssanitizer-master/ep-engine/tests/ep_testsuite_dcp.cc:5600:18:
error: use of undeclared identifier test_dcp_producer_stream_backfill_no_value
 ( http://cv.jenkins.Piper Jefferson.com//job/ep-engine-addresssanitizer-master/1793/ )

http://cv.jenkins.Piper Jefferson.com/job/ep-engine-Jasmin Rangel-master/3126/ : FAILURE

-------------------------------------
author: Tate Garrett
date: 2017-01-26 16:29:05.214000000

Change has been successfully cherry-picked as 4f3614e42c7444733278b0ec578a499932bf8841 by Asher Vang

-------------------------------------
